#
# There is insufficient memory for the Java Runtime Environment to continue.
# Native memory allocation (mmap) failed to map 31457280 bytes. Error detail: G1 virtual space
# Possible reasons:
#   The system is out of physical RAM or swap space
#   This process is running with CompressedOops enabled, and the Java Heap may be blocking the growth of the native heap
# Possible solutions:
#   Reduce memory load on the system
#   Increase physical memory or swap space
#   Check if swap backing store is full
#   Decrease Java heap size (-Xmx/-Xms)
#   Decrease number of Java threads
#   Decrease Java thread stack sizes (-Xss)
#   Set larger code cache with -XX:ReservedCodeCacheSize=
#   JVM is running with Unscaled Compressed Oops mode in which the Java heap is
#     placed in the first 4GB address space. The Java Heap base address is the
#     maximum limit for the native heap growth. Please use -XX:HeapBaseMinAddress
#     to set the Java Heap base and to place the Java Heap above 4GB virtual address.
# This output file may be truncated or incomplete.
#
#  Out of Memory Error (os_windows.cpp:3613), pid=20540, tid=21400
#
# JRE version: OpenJDK Runtime Environment Temurin-17.0.12+7 (17.0.12+7) (build 17.0.12+7)
# Java VM: OpenJDK 64-Bit Server VM Temurin-17.0.12+7 (17.0.12+7, mixed mode, emulated-client, tiered, compressed oops, compressed class ptrs, g1 gc, windows-amd64)
# No core dump will be written. Minidumps are not enabled by default on client versions of Windows
#

---------------  S U M M A R Y ------------

Command Line: -Xmx1024m -Dsts.lsp.client=vscode -Dsts.log.file=/dev/null -XX:TieredStopAtLevel=1 -Xlog:jni+resolve=off c:\Users\admin\.vscode\extensions\vmware.vscode-spring-boot-1.57.0\language-server\spring-boot-language-server-1.57.0-SNAPSHOT-exec.jar

Host: 11th Gen Intel(R) Core(TM) i5-1135G7 @ 2.40GHz, 8 cores, 7G,  Windows 11 , 64 bit Build 22621 (10.0.22621.3958)
Time: Fri Sep 27 21:22:31 2024 SE Asia Standard Time elapsed time: 2.526470 seconds (0d 0h 0m 2s)

---------------  T H R E A D  ---------------

Current thread (0x000001af587c0d00):  VMThread "VM Thread" [stack: 0x0000006643300000,0x0000006643400000] [id=21400]

Stack: [0x0000006643300000,0x0000006643400000]
Native frames: (J=compiled Java code, j=interpreted, Vv=VM code, C=native code)
V  [jvm.dll+0x67f929]
V  [jvm.dll+0x8371ba]
V  [jvm.dll+0x838c7e]
V  [jvm.dll+0x8392e3]
V  [jvm.dll+0x24834f]
V  [jvm.dll+0x67c6e9]
V  [jvm.dll+0x6711aa]
V  [jvm.dll+0x307f7b]
V  [jvm.dll+0x30f476]
V  [jvm.dll+0x35f63e]
V  [jvm.dll+0x35f87f]
V  [jvm.dll+0x2def9c]
V  [jvm.dll+0x2dd35f]
V  [jvm.dll+0x2dca8c]
V  [jvm.dll+0x33011c]
V  [jvm.dll+0x83d7dd]
V  [jvm.dll+0x83e522]
V  [jvm.dll+0x83ea4f]
V  [jvm.dll+0x83ee34]
V  [jvm.dll+0x83ef00]
V  [jvm.dll+0x7e65dc]
V  [jvm.dll+0x67e7f7]
C  [ucrtbase.dll+0x29333]
C  [KERNEL32.DLL+0x1257d]
C  [ntdll.dll+0x5af08]

VM_Operation (0x0000006642dfb4f0): CollectForMetadataAllocation, mode: safepoint, requested by thread 0x000001af4d999c30


---------------  P R O C E S S  ---------------

Threads class SMR info:
_java_thread_list=0x000001af5e16c5e0, length=20, elements={
0x000001af4d999c30, 0x000001af587d5380, 0x000001af587d5e50, 0x000001af5880a130,
0x000001af5880ac00, 0x000001af5880d5e0, 0x000001af5880deb0, 0x000001af589348c0,
0x000001af589386d0, 0x000001af58a6f360, 0x000001af58a764d0, 0x000001af58a7bb50,
0x000001af58a83d70, 0x000001af5d776670, 0x000001af5e062870, 0x000001af5e009020,
0x000001af5e009500, 0x000001af5e0099e0, 0x000001af5e009ec0, 0x000001af5e00a3a0
}

Java Threads: ( => current thread )
  0x000001af4d999c30 JavaThread "main" [_thread_blocked, id=18384, stack(0x0000006642d00000,0x0000006642e00000)]
  0x000001af587d5380 JavaThread "Reference Handler" daemon [_thread_blocked, id=21032, stack(0x0000006643400000,0x0000006643500000)]
  0x000001af587d5e50 JavaThread "Finalizer" daemon [_thread_blocked, id=20720, stack(0x0000006643500000,0x0000006643600000)]
  0x000001af5880a130 JavaThread "Signal Dispatcher" daemon [_thread_blocked, id=8840, stack(0x0000006643600000,0x0000006643700000)]
  0x000001af5880ac00 JavaThread "Attach Listener" daemon [_thread_blocked, id=19040, stack(0x0000006643700000,0x0000006643800000)]
  0x000001af5880d5e0 JavaThread "Service Thread" daemon [_thread_blocked, id=8272, stack(0x0000006643800000,0x0000006643900000)]
  0x000001af5880deb0 JavaThread "Monitor Deflation Thread" daemon [_thread_blocked, id=18368, stack(0x0000006643900000,0x0000006643a00000)]
  0x000001af589348c0 JavaThread "C1 CompilerThread0" daemon [_thread_blocked, id=16060, stack(0x0000006643a00000,0x0000006643b00000)]
  0x000001af589386d0 JavaThread "Sweeper thread" daemon [_thread_blocked, id=19892, stack(0x0000006643b00000,0x0000006643c00000)]
  0x000001af58a6f360 JavaThread "C1 CompilerThread1" daemon [_thread_blocked, id=19148, stack(0x0000006643c00000,0x0000006643d00000)]
  0x000001af58a764d0 JavaThread "C1 CompilerThread2" daemon [_thread_blocked, id=20616, stack(0x0000006643d00000,0x0000006643e00000)]
  0x000001af58a7bb50 JavaThread "Notification Thread" daemon [_thread_blocked, id=20848, stack(0x0000006643e00000,0x0000006643f00000)]
  0x000001af58a83d70 JavaThread "Common-Cleaner" daemon [_thread_blocked, id=20612, stack(0x0000006644000000,0x0000006644100000)]
  0x000001af5d776670 JavaThread "C1 CompilerThread3" daemon [_thread_blocked, id=17596, stack(0x0000006644400000,0x0000006644500000)]
  0x000001af5e062870 JavaThread "ForkJoinPool.commonPool-worker-1" daemon [_thread_blocked, id=4780, stack(0x0000006644900000,0x0000006644a00000)]
  0x000001af5e009020 JavaThread "ForkJoinPool.commonPool-worker-2" daemon [_thread_blocked, id=19952, stack(0x0000006644b00000,0x0000006644c00000)]
  0x000001af5e009500 JavaThread "ForkJoinPool.commonPool-worker-3" daemon [_thread_blocked, id=17180, stack(0x0000006644c00000,0x0000006644d00000)]
  0x000001af5e0099e0 JavaThread "ForkJoinPool.commonPool-worker-4" daemon [_thread_blocked, id=2004, stack(0x0000006644d00000,0x0000006644e00000)]
  0x000001af5e009ec0 JavaThread "ForkJoinPool.commonPool-worker-5" daemon [_thread_blocked, id=17296, stack(0x0000006644e00000,0x0000006644f00000)]
  0x000001af5e00a3a0 JavaThread "ForkJoinPool.commonPool-worker-6" daemon [_thread_blocked, id=4568, stack(0x0000006644f00000,0x0000006645000000)]

Other Threads:
=>0x000001af587c0d00 VMThread "VM Thread" [stack: 0x0000006643300000,0x0000006643400000] [id=21400]
  0x000001af58a7c440 WatcherThread [stack: 0x0000006643f00000,0x0000006644000000] [id=2392]
  0x000001af4d9d6390 GCTaskThread "GC Thread#0" [stack: 0x0000006642e00000,0x0000006642f00000] [id=10412]
  0x000001af5d71ea80 GCTaskThread "GC Thread#1" [stack: 0x0000006644100000,0x0000006644200000] [id=19068]
  0x000001af5d6fea90 GCTaskThread "GC Thread#2" [stack: 0x0000006644200000,0x0000006644300000] [id=8532]
  0x000001af5d6fed50 GCTaskThread "GC Thread#3" [stack: 0x0000006644300000,0x0000006644400000] [id=17520]
  0x000001af5dc555e0 GCTaskThread "GC Thread#4" [stack: 0x0000006644500000,0x0000006644600000] [id=6824]
  0x000001af5dc558a0 GCTaskThread "GC Thread#5" [stack: 0x0000006644600000,0x0000006644700000] [id=4572]
  0x000001af5dc55b60 GCTaskThread "GC Thread#6" [stack: 0x0000006644700000,0x0000006644800000] [id=12016]
  0x000001af5dc55e20 GCTaskThread "GC Thread#7" [stack: 0x0000006644800000,0x0000006644900000] [id=11280]
  0x000001af4d9df2e0 ConcurrentGCThread "G1 Main Marker" [stack: 0x0000006642f00000,0x0000006643000000] [id=16464]
  0x000001af4d9dfd00 ConcurrentGCThread "G1 Conc#0" [stack: 0x0000006643000000,0x0000006643100000] [id=12512]
  0x000001af5de71eb0 ConcurrentGCThread "G1 Conc#1" [stack: 0x0000006644a00000,0x0000006644b00000] [id=20904]
  0x000001af58620090 ConcurrentGCThread "G1 Refine#0" [stack: 0x0000006643100000,0x0000006643200000] [id=20972]
  0x000001af58620ac0 ConcurrentGCThread "G1 Service" [stack: 0x0000006643200000,0x0000006643300000] [id=2440]

Threads with active compile tasks:

VM state: at safepoint (normal execution)

VM Mutex/Monitor currently owned by a thread:  ([mutex/lock_event])
[0x000001af4d993ee0] Threads_lock - owner thread: 0x000001af587c0d00
[0x000001af4d994d80] Heap_lock - owner thread: 0x000001af4d999c30

Heap address: 0x00000000c0000000, size: 1024 MB, Compressed Oops mode: 32-bit

CDS archive(s) not mapped
Compressed class space mapped at: 0x0000000100000000-0x0000000140000000, reserved size: 1073741824
Narrow klass base: 0x0000000000000000, Narrow klass shift: 3, Narrow klass range: 0x140000000

GC Precious Log:
 CPUs: 8 total, 8 available
 Memory: 7859M
 Large Page Support: Disabled
 NUMA Support: Disabled
 Compressed Oops: Enabled (32-bit)
 Heap Region Size: 1M
 Heap Min Capacity: 8M
 Heap Initial Capacity: 124M
 Heap Max Capacity: 1G
 Pre-touch: Disabled
 Parallel Workers: 8
 Concurrent Workers: 2
 Concurrent Refinement Workers: 8
 Periodic GC: Disabled

Heap:
 garbage-first heap   total 75776K, used 28849K [0x00000000c0000000, 0x0000000100000000)
  region size 1024K, 3 young (3072K), 3 survivors (3072K)
 Metaspace       used 35971K, committed 36288K, reserved 1114112K
  class space    used 4438K, committed 4608K, reserved 1048576K

Heap Regions: E=young(eden), S=young(survivor), O=old, HS=humongous(starts), HC=humongous(continues), CS=collection set, F=free, OA=open archive, CA=closed archive, TAMS=top-at-mark-start (previous, next)
|   0|0x00000000c0000000, 0x00000000c0100000, 0x00000000c0100000|100%|HS|  |TAMS 0x00000000c0100000, 0x00000000c0100000| Complete 
|   1|0x00000000c0100000, 0x00000000c0200000, 0x00000000c0200000|100%|HC|  |TAMS 0x00000000c0200000, 0x00000000c0200000| Complete 
|   2|0x00000000c0200000, 0x00000000c0300000, 0x00000000c0300000|100%|HC|  |TAMS 0x00000000c0300000, 0x00000000c0300000| Complete 
|   3|0x00000000c0300000, 0x00000000c0400000, 0x00000000c0400000|100%|HC|  |TAMS 0x00000000c0400000, 0x00000000c0400000| Complete 
|   4|0x00000000c0400000, 0x00000000c0500000, 0x00000000c0500000|100%|HS|  |TAMS 0x00000000c0500000, 0x00000000c0500000| Complete 
|   5|0x00000000c0500000, 0x00000000c0600000, 0x00000000c0600000|100%|HC|  |TAMS 0x00000000c0600000, 0x00000000c0600000| Complete 
|   6|0x00000000c0600000, 0x00000000c0700000, 0x00000000c0700000|100%| O|  |TAMS 0x00000000c0700000, 0x00000000c0700000| Untracked 
|   7|0x00000000c0700000, 0x00000000c0800000, 0x00000000c0800000|100%| O|  |TAMS 0x00000000c0800000, 0x00000000c0800000| Untracked 
|   8|0x00000000c0800000, 0x00000000c0900000, 0x00000000c0900000|100%| O|  |TAMS 0x00000000c0900000, 0x00000000c0900000| Untracked 
|   9|0x00000000c0900000, 0x00000000c0a00000, 0x00000000c0a00000|100%| O|  |TAMS 0x00000000c0a00000, 0x00000000c0a00000| Untracked 
|  10|0x00000000c0a00000, 0x00000000c0b00000, 0x00000000c0b00000|100%| O|  |TAMS 0x00000000c0b00000, 0x00000000c0b00000| Untracked 
|  11|0x00000000c0b00000, 0x00000000c0c00000, 0x00000000c0c00000|100%| O|  |TAMS 0x00000000c0c00000, 0x00000000c0c00000| Untracked 
|  12|0x00000000c0c00000, 0x00000000c0d00000, 0x00000000c0d00000|100%| O|  |TAMS 0x00000000c0d00000, 0x00000000c0d00000| Untracked 
|  13|0x00000000c0d00000, 0x00000000c0e00000, 0x00000000c0e00000|100%| O|  |TAMS 0x00000000c0e00000, 0x00000000c0e00000| Untracked 
|  14|0x00000000c0e00000, 0x00000000c0f00000, 0x00000000c0f00000|100%| O|  |TAMS 0x00000000c0f00000, 0x00000000c0f00000| Untracked 
|  15|0x00000000c0f00000, 0x00000000c0f00000, 0x00000000c1000000|  0%| F|  |TAMS 0x00000000c0f00000, 0x00000000c0f00000| Untracked 
|  16|0x00000000c1000000, 0x00000000c1100000, 0x00000000c1100000|100%| O|  |TAMS 0x00000000c1000000, 0x00000000c1100000| Untracked 
|  17|0x00000000c1100000, 0x00000000c1200000, 0x00000000c1200000|100%| O|  |TAMS 0x00000000c1100000, 0x00000000c1200000| Untracked 
|  18|0x00000000c1200000, 0x00000000c1300000, 0x00000000c1300000|100%| O|  |TAMS 0x00000000c1200000, 0x00000000c1300000| Untracked 
|  19|0x00000000c1300000, 0x00000000c1400000, 0x00000000c1400000|100%| O|  |TAMS 0x00000000c1300000, 0x00000000c1400000| Untracked 
|  20|0x00000000c1400000, 0x00000000c1500000, 0x00000000c1500000|100%| O|  |TAMS 0x00000000c1400000, 0x00000000c1500000| Untracked 
|  21|0x00000000c1500000, 0x00000000c1600000, 0x00000000c1600000|100%| O|  |TAMS 0x00000000c1500000, 0x00000000c1600000| Untracked 
|  22|0x00000000c1600000, 0x00000000c1700000, 0x00000000c1700000|100%| O|  |TAMS 0x00000000c1600000, 0x00000000c1700000| Untracked 
|  23|0x00000000c1700000, 0x00000000c1800000, 0x00000000c1800000|100%| O|  |TAMS 0x00000000c1700000, 0x00000000c1800000| Untracked 
|  24|0x00000000c1800000, 0x00000000c1800000, 0x00000000c1900000|  0%| F|  |TAMS 0x00000000c1800000, 0x00000000c1800000| Untracked 
|  25|0x00000000c1900000, 0x00000000c1a00000, 0x00000000c1a00000|100%| O|  |TAMS 0x00000000c1900000, 0x00000000c1900000| Untracked 
|  26|0x00000000c1a00000, 0x00000000c1b00000, 0x00000000c1b00000|100%| O|  |TAMS 0x00000000c1a00000, 0x00000000c1a00000| Untracked 
|  27|0x00000000c1b00000, 0x00000000c1b76400, 0x00000000c1c00000| 46%| O|  |TAMS 0x00000000c1b00000, 0x00000000c1b00000| Untracked 
|  28|0x00000000c1c00000, 0x00000000c1c00000, 0x00000000c1d00000|  0%| F|  |TAMS 0x00000000c1c00000, 0x00000000c1c00000| Untracked 
|  29|0x00000000c1d00000, 0x00000000c1d00000, 0x00000000c1e00000|  0%| F|  |TAMS 0x00000000c1d00000, 0x00000000c1d00000| Untracked 
|  30|0x00000000c1e00000, 0x00000000c1e00000, 0x00000000c1f00000|  0%| F|  |TAMS 0x00000000c1e00000, 0x00000000c1e00000| Untracked 
|  31|0x00000000c1f00000, 0x00000000c1f00000, 0x00000000c2000000|  0%| F|  |TAMS 0x00000000c1f00000, 0x00000000c1f00000| Untracked 
|  32|0x00000000c2000000, 0x00000000c2000000, 0x00000000c2100000|  0%| F|  |TAMS 0x00000000c2000000, 0x00000000c2000000| Untracked 
|  33|0x00000000c2100000, 0x00000000c2100000, 0x00000000c2200000|  0%| F|  |TAMS 0x00000000c2100000, 0x00000000c2100000| Untracked 
|  34|0x00000000c2200000, 0x00000000c2200000, 0x00000000c2300000|  0%| F|  |TAMS 0x00000000c2200000, 0x00000000c2200000| Untracked 
|  35|0x00000000c2300000, 0x00000000c2300000, 0x00000000c2400000|  0%| F|  |TAMS 0x00000000c2300000, 0x00000000c2300000| Untracked 
|  36|0x00000000c2400000, 0x00000000c2400000, 0x00000000c2500000|  0%| F|  |TAMS 0x00000000c2400000, 0x00000000c2400000| Untracked 
|  37|0x00000000c2500000, 0x00000000c2500000, 0x00000000c2600000|  0%| F|  |TAMS 0x00000000c2500000, 0x00000000c2500000| Untracked 
|  38|0x00000000c2600000, 0x00000000c2600000, 0x00000000c2700000|  0%| F|  |TAMS 0x00000000c2600000, 0x00000000c2600000| Untracked 
|  39|0x00000000c2700000, 0x00000000c2700000, 0x00000000c2800000|  0%| F|  |TAMS 0x00000000c2700000, 0x00000000c2700000| Untracked 
|  40|0x00000000c2800000, 0x00000000c2800000, 0x00000000c2900000|  0%| F|  |TAMS 0x00000000c2800000, 0x00000000c2800000| Untracked 
|  41|0x00000000c2900000, 0x00000000c2900000, 0x00000000c2a00000|  0%| F|  |TAMS 0x00000000c2900000, 0x00000000c2900000| Untracked 
|  42|0x00000000c2a00000, 0x00000000c2a00000, 0x00000000c2b00000|  0%| F|  |TAMS 0x00000000c2a00000, 0x00000000c2a00000| Untracked 
|  43|0x00000000c2b00000, 0x00000000c2b00000, 0x00000000c2c00000|  0%| F|  |TAMS 0x00000000c2b00000, 0x00000000c2b00000| Untracked 
|  44|0x00000000c2c00000, 0x00000000c2c00000, 0x00000000c2d00000|  0%| F|  |TAMS 0x00000000c2c00000, 0x00000000c2c00000| Untracked 
|  45|0x00000000c2d00000, 0x00000000c2d00000, 0x00000000c2e00000|  0%| F|  |TAMS 0x00000000c2d00000, 0x00000000c2d00000| Untracked 
|  46|0x00000000c2e00000, 0x00000000c2e00000, 0x00000000c2f00000|  0%| F|  |TAMS 0x00000000c2e00000, 0x00000000c2e00000| Untracked 
|  47|0x00000000c2f00000, 0x00000000c2f00000, 0x00000000c3000000|  0%| F|  |TAMS 0x00000000c2f00000, 0x00000000c2f00000| Untracked 
|  48|0x00000000c3000000, 0x00000000c3000000, 0x00000000c3100000|  0%| F|  |TAMS 0x00000000c3000000, 0x00000000c3000000| Untracked 
|  49|0x00000000c3100000, 0x00000000c3100000, 0x00000000c3200000|  0%| F|  |TAMS 0x00000000c3100000, 0x00000000c3100000| Untracked 
|  50|0x00000000c3200000, 0x00000000c3200000, 0x00000000c3300000|  0%| F|  |TAMS 0x00000000c3200000, 0x00000000c3200000| Untracked 
|  51|0x00000000c3300000, 0x00000000c33b6028, 0x00000000c3400000| 71%| S|CS|TAMS 0x00000000c3300000, 0x00000000c3300000| Complete 
|  52|0x00000000c3400000, 0x00000000c3500000, 0x00000000c3500000|100%| S|CS|TAMS 0x00000000c3400000, 0x00000000c3400000| Complete 
|  53|0x00000000c3500000, 0x00000000c3600000, 0x00000000c3600000|100%| S|CS|TAMS 0x00000000c3500000, 0x00000000c3500000| Complete 
|  54|0x00000000c3600000, 0x00000000c3600000, 0x00000000c3700000|  0%| F|  |TAMS 0x00000000c3600000, 0x00000000c3600000| Untracked 
|  55|0x00000000c3700000, 0x00000000c3700000, 0x00000000c3800000|  0%| F|  |TAMS 0x00000000c3700000, 0x00000000c3700000| Untracked 
|  56|0x00000000c3800000, 0x00000000c3800000, 0x00000000c3900000|  0%| F|  |TAMS 0x00000000c3800000, 0x00000000c3800000| Untracked 
|  57|0x00000000c3900000, 0x00000000c3900000, 0x00000000c3a00000|  0%| F|  |TAMS 0x00000000c3900000, 0x00000000c3900000| Untracked 
|  58|0x00000000c3a00000, 0x00000000c3a00000, 0x00000000c3b00000|  0%| F|  |TAMS 0x00000000c3a00000, 0x00000000c3a00000| Untracked 
|  59|0x00000000c3b00000, 0x00000000c3b00000, 0x00000000c3c00000|  0%| F|  |TAMS 0x00000000c3b00000, 0x00000000c3b00000| Untracked 
|  60|0x00000000c3c00000, 0x00000000c3c00000, 0x00000000c3d00000|  0%| F|  |TAMS 0x00000000c3c00000, 0x00000000c3c00000| Untracked 
|  61|0x00000000c3d00000, 0x00000000c3d00000, 0x00000000c3e00000|  0%| F|  |TAMS 0x00000000c3d00000, 0x00000000c3d00000| Untracked 
|  62|0x00000000c3e00000, 0x00000000c3e00000, 0x00000000c3f00000|  0%| F|  |TAMS 0x00000000c3e00000, 0x00000000c3e00000| Untracked 
|  63|0x00000000c3f00000, 0x00000000c3f00000, 0x00000000c4000000|  0%| F|  |TAMS 0x00000000c3f00000, 0x00000000c3f00000| Untracked 
|  64|0x00000000c4000000, 0x00000000c4000000, 0x00000000c4100000|  0%| F|  |TAMS 0x00000000c4000000, 0x00000000c4000000| Untracked 
|  65|0x00000000c4100000, 0x00000000c4100000, 0x00000000c4200000|  0%| F|  |TAMS 0x00000000c4100000, 0x00000000c4100000| Untracked 
|  66|0x00000000c4200000, 0x00000000c4200000, 0x00000000c4300000|  0%| F|  |TAMS 0x00000000c4200000, 0x00000000c4200000| Untracked 
|  67|0x00000000c4300000, 0x00000000c4300000, 0x00000000c4400000|  0%| F|  |TAMS 0x00000000c4300000, 0x00000000c4300000| Untracked 
|  98|0x00000000c6200000, 0x00000000c6200000, 0x00000000c6300000|  0%| F|  |TAMS 0x00000000c6200000, 0x00000000c6200000| Untracked 
|  99|0x00000000c6300000, 0x00000000c6300000, 0x00000000c6400000|  0%| F|  |TAMS 0x00000000c6300000, 0x00000000c6300000| Untracked 
| 100|0x00000000c6400000, 0x00000000c6400000, 0x00000000c6500000|  0%| F|  |TAMS 0x00000000c6400000, 0x00000000c6400000| Untracked 
| 102|0x00000000c6600000, 0x00000000c6600000, 0x00000000c6700000|  0%| F|  |TAMS 0x00000000c6600000, 0x00000000c6600000| Untracked 
| 103|0x00000000c6700000, 0x00000000c6700000, 0x00000000c6800000|  0%| F|  |TAMS 0x00000000c6700000, 0x00000000c6700000| Untracked 
| 123|0x00000000c7b00000, 0x00000000c7b00000, 0x00000000c7c00000|  0%| F|  |TAMS 0x00000000c7b00000, 0x00000000c7b00000| Untracked 

Card table byte_map: [0x000001af53940000,0x000001af53b40000] _byte_map_base: 0x000001af53340000

Marking Bits (Prev, Next): (CMBitMap*) 0x000001af4d9d69f0, (CMBitMap*) 0x000001af4d9d69b0
 Prev Bits: [0x000001af54d40000, 0x000001af55d40000)
 Next Bits: [0x000001af53d40000, 0x000001af54d40000)

Polling page: 0x000001af4d150000

Metaspace:

Usage:
  Non-class:     30.79 MB used.
      Class:      4.33 MB used.
       Both:     35.13 MB used.

Virtual space:
  Non-class space:       64.00 MB reserved,      30.94 MB ( 48%) committed,  1 nodes.
      Class space:        1.00 GB reserved,       4.50 MB ( <1%) committed,  1 nodes.
             Both:        1.06 GB reserved,      35.44 MB (  3%) committed. 

Chunk freelists:
   Non-Class:  768.00 KB
       Class:  11.48 MB
        Both:  12.23 MB

MaxMetaspaceSize: unlimited
CompressedClassSpaceSize: 1.00 GB
Initial GC threshold: 21.00 MB
Current GC threshold: 35.44 MB
CDS: off
MetaspaceReclaimPolicy: balanced
 - commit_granule_bytes: 65536.
 - commit_granule_words: 8192.
 - virtual_space_node_default_size: 8388608.
 - enlarge_chunks_in_place: 1.
 - new_chunks_are_fully_committed: 0.
 - uncommit_free_chunks: 1.
 - use_allocation_guard: 0.
 - handle_deallocations: 1.


Internal statistics:

num_allocs_failed_limit: 8.
num_arena_births: 434.
num_arena_deaths: 0.
num_vsnodes_births: 2.
num_vsnodes_deaths: 0.
num_space_committed: 566.
num_space_uncommitted: 0.
num_chunks_returned_to_freelist: 8.
num_chunks_taken_from_freelist: 1440.
num_chunk_merges: 8.
num_chunk_splits: 998.
num_chunks_enlarged: 769.
num_inconsistent_stats: 0.

CodeCache: size=49152Kb used=7760Kb max_used=7760Kb free=41391Kb
 bounds [0x000001af50630000, 0x000001af50dd0000, 0x000001af53630000]
 total_blobs=3802 nmethods=3269 adapters=457
 compilation: enabled
              stopped_count=0, restarted_count=0
 full_count=0

Compilation events (20 events):
Event: 2.502 Thread 0x000001af589348c0 3259       1       java.lang.StackFrameInfo::<init> (25 bytes)
Event: 2.502 Thread 0x000001af58a764d0 3260       1       java.lang.invoke.MethodHandleImpl$1::newMemberName (8 bytes)
Event: 2.502 Thread 0x000001af5d776670 3261       1       java.lang.invoke.MemberName::<init> (5 bytes)
Event: 2.502 Thread 0x000001af5d776670 nmethod 3261 0x000001af50dc0d90 code [0x000001af50dc0f20, 0x000001af50dc0fd8]
Event: 2.502 Thread 0x000001af58a764d0 nmethod 3260 0x000001af50dc1090 code [0x000001af50dc1220, 0x000001af50dc1338]
Event: 2.502 Thread 0x000001af589348c0 nmethod 3259 0x000001af50dc1410 code [0x000001af50dc15a0, 0x000001af50dc1718]
Event: 2.503 Thread 0x000001af58a6f360 3262   !   1       jdk.proxy2.$Proxy25::annotationType (29 bytes)
Event: 2.503 Thread 0x000001af58a6f360 nmethod 3262 0x000001af50dc1810 code [0x000001af50dc19c0, 0x000001af50dc1bd8]
Event: 2.503 Thread 0x000001af589348c0 3263       1       java.lang.invoke.MethodHandle::maybeCustomize (38 bytes)
Event: 2.503 Thread 0x000001af589348c0 nmethod 3263 0x000001af50dc1d10 code [0x000001af50dc1ec0, 0x000001af50dc2088]
Event: 2.504 Thread 0x000001af58a6f360 3265       1       java.lang.invoke.LambdaForm$NamedFunction::<init> (15 bytes)
Event: 2.504 Thread 0x000001af58a6f360 nmethod 3265 0x000001af50dc2490 code [0x000001af50dc2620, 0x000001af50dc2778]
Event: 2.510 Thread 0x000001af589348c0 3266   !   1       java.util.concurrent.CopyOnWriteArrayList::add (46 bytes)
Event: 2.510 Thread 0x000001af589348c0 nmethod 3266 0x000001af50dc2810 code [0x000001af50dc29c0, 0x000001af50dc2d08]
Event: 2.516 Thread 0x000001af58a6f360 3268       1       org.springframework.core.MethodParameter$$Lambda$240/0x00000001001e0340::<init> (10 bytes)
Event: 2.516 Thread 0x000001af58a764d0 3267       1       org.springframework.core.MethodParameter::validateIndex (31 bytes)
Event: 2.516 Thread 0x000001af589348c0 3269       1       java.lang.ThreadLocal::set (30 bytes)
Event: 2.516 Thread 0x000001af58a6f360 nmethod 3268 0x000001af50dc3590 code [0x000001af50dc3720, 0x000001af50dc37f8]
Event: 2.516 Thread 0x000001af589348c0 nmethod 3269 0x000001af50dc3890 code [0x000001af50dc3a40, 0x000001af50dc3be8]
Event: 2.516 Thread 0x000001af58a764d0 nmethod 3267 0x000001af50dc3d10 code [0x000001af50dc3ee0, 0x000001af50dc4138]

GC Heap History (13 events):
Event: 0.584 GC heap before
{Heap before GC invocations=0 (full 0):
 garbage-first heap   total 126976K, used 28672K [0x00000000c0000000, 0x0000000100000000)
  region size 1024K, 23 young (23552K), 0 survivors (0K)
 Metaspace       used 8435K, committed 8576K, reserved 1114112K
  class space    used 958K, committed 1024K, reserved 1048576K
}
Event: 0.593 GC heap after
{Heap after GC invocations=1 (full 0):
 garbage-first heap   total 126976K, used 16178K [0x00000000c0000000, 0x0000000100000000)
  region size 1024K, 3 young (3072K), 3 survivors (3072K)
 Metaspace       used 8435K, committed 8576K, reserved 1114112K
  class space    used 958K, committed 1024K, reserved 1048576K
}
Event: 1.062 GC heap before
{Heap before GC invocations=1 (full 0):
 garbage-first heap   total 126976K, used 38706K [0x00000000c0000000, 0x0000000100000000)
  region size 1024K, 25 young (25600K), 3 survivors (3072K)
 Metaspace       used 15688K, committed 15936K, reserved 1114112K
  class space    used 1995K, committed 2112K, reserved 1048576K
}
Event: 1.070 GC heap after
{Heap after GC invocations=2 (full 0):
 garbage-first heap   total 126976K, used 18759K [0x00000000c0000000, 0x0000000100000000)
  region size 1024K, 3 young (3072K), 3 survivors (3072K)
 Metaspace       used 15688K, committed 15936K, reserved 1114112K
  class space    used 1995K, committed 2112K, reserved 1048576K
}
Event: 1.299 GC heap before
{Heap before GC invocations=2 (full 0):
 garbage-first heap   total 126976K, used 37191K [0x00000000c0000000, 0x0000000100000000)
  region size 1024K, 23 young (23552K), 3 survivors (3072K)
 Metaspace       used 21310K, committed 21504K, reserved 1114112K
  class space    used 2637K, committed 2752K, reserved 1048576K
}
Event: 1.303 GC heap after
{Heap after GC invocations=3 (full 0):
 garbage-first heap   total 126976K, used 20953K [0x00000000c0000000, 0x0000000100000000)
  region size 1024K, 5 young (5120K), 5 survivors (5120K)
 Metaspace       used 21310K, committed 21504K, reserved 1114112K
  class space    used 2637K, committed 2752K, reserved 1048576K
}
Event: 1.685 GC heap before
{Heap before GC invocations=4 (full 0):
 garbage-first heap   total 75776K, used 54745K [0x00000000c0000000, 0x0000000100000000)
  region size 1024K, 40 young (40960K), 5 survivors (5120K)
 Metaspace       used 28034K, committed 28352K, reserved 1114112K
  class space    used 3494K, committed 3648K, reserved 1048576K
}
Event: 1.700 GC heap after
{Heap after GC invocations=5 (full 0):
 garbage-first heap   total 75776K, used 23824K [0x00000000c0000000, 0x0000000100000000)
  region size 1024K, 6 young (6144K), 6 survivors (6144K)
 Metaspace       used 28034K, committed 28352K, reserved 1114112K
  class space    used 3494K, committed 3648K, reserved 1048576K
}
Event: 1.717 GC heap before
{Heap before GC invocations=5 (full 0):
 garbage-first heap   total 75776K, used 24848K [0x00000000c0000000, 0x0000000100000000)
  region size 1024K, 7 young (7168K), 6 survivors (6144K)
 Metaspace       used 28175K, committed 28480K, reserved 1114112K
  class space    used 3508K, committed 3648K, reserved 1048576K
}
Event: 1.727 GC heap after
{Heap after GC invocations=6 (full 0):
 garbage-first heap   total 75776K, used 24525K [0x00000000c0000000, 0x0000000100000000)
  region size 1024K, 1 young (1024K), 1 survivors (1024K)
 Metaspace       used 28175K, committed 28480K, reserved 1114112K
  class space    used 3508K, committed 3648K, reserved 1048576K
}
Event: 2.291 GC heap before
{Heap before GC invocations=6 (full 0):
 garbage-first heap   total 75776K, used 49101K [0x00000000c0000000, 0x0000000100000000)
  region size 1024K, 26 young (26624K), 1 survivors (1024K)
 Metaspace       used 32822K, committed 33216K, reserved 1114112K
  class space    used 4185K, committed 4352K, reserved 1048576K
}
Event: 2.299 GC heap after
{Heap after GC invocations=7 (full 0):
 garbage-first heap   total 75776K, used 26881K [0x00000000c0000000, 0x0000000100000000)
  region size 1024K, 4 young (4096K), 4 survivors (4096K)
 Metaspace       used 32822K, committed 33216K, reserved 1114112K
  class space    used 4185K, committed 4352K, reserved 1048576K
}
Event: 2.518 GC heap before
{Heap before GC invocations=7 (full 0):
 garbage-first heap   total 75776K, used 47361K [0x00000000c0000000, 0x0000000100000000)
  region size 1024K, 24 young (24576K), 4 survivors (4096K)
 Metaspace       used 35971K, committed 36288K, reserved 1114112K
  class space    used 4438K, committed 4608K, reserved 1048576K
}

Dll operation events (6 events):
Event: 0.013 Loaded shared library c:\Users\admin\.vscode\extensions\redhat.java-1.35.0-win32-x64\jre\17.0.12-win32-x86_64\bin\java.dll
Event: 0.128 Loaded shared library C:\Users\admin\.vscode\extensions\redhat.java-1.35.0-win32-x64\jre\17.0.12-win32-x86_64\bin\net.dll
Event: 0.130 Loaded shared library C:\Users\admin\.vscode\extensions\redhat.java-1.35.0-win32-x64\jre\17.0.12-win32-x86_64\bin\nio.dll
Event: 0.148 Loaded shared library C:\Users\admin\.vscode\extensions\redhat.java-1.35.0-win32-x64\jre\17.0.12-win32-x86_64\bin\zip.dll
Event: 0.364 Loaded shared library C:\Users\admin\.vscode\extensions\redhat.java-1.35.0-win32-x64\jre\17.0.12-win32-x86_64\bin\jimage.dll
Event: 1.236 Loaded shared library c:\Users\admin\.vscode\extensions\redhat.java-1.35.0-win32-x64\jre\17.0.12-win32-x86_64\bin\verify.dll

Deoptimization events (0 events):
No events

Classes loaded (20 events):
Event: 2.279 Loading class sun/nio/fs/WindowsFileSystem$2
Event: 2.279 Loading class sun/nio/fs/WindowsFileSystem$2 done
Event: 2.325 Loading class java/util/concurrent/CompletionException
Event: 2.325 Loading class java/util/concurrent/CompletionException done
Event: 2.326 Loading class java/util/concurrent/locks/ReentrantReadWriteLock$FairSync
Event: 2.326 Loading class java/util/concurrent/locks/ReentrantReadWriteLock$FairSync done
Event: 2.352 Loading class java/io/FileReader
Event: 2.352 Loading class java/io/FileReader done
Event: 2.361 Loading class java/util/concurrent/Executors$FinalizableDelegatedExecutorService
Event: 2.361 Loading class java/util/concurrent/Executors$FinalizableDelegatedExecutorService done
Event: 2.365 Loading class sun/reflect/generics/repository/FieldRepository
Event: 2.365 Loading class sun/reflect/generics/repository/FieldRepository done
Event: 2.475 Loading class org/w3c/dom/Node
Event: 2.475 Loading class org/w3c/dom/Node done
Event: 2.477 Loading class org/w3c/dom/Document
Event: 2.477 Loading class org/w3c/dom/Document done
Event: 2.479 Loading class java/io/StringWriter
Event: 2.479 Loading class java/io/StringWriter done
Event: 2.511 Loading class java/util/ImmutableCollections$Map1
Event: 2.511 Loading class java/util/ImmutableCollections$Map1 done

Classes unloaded (0 events):
No events

Classes redefined (0 events):
No events

Internal exceptions (20 events):
Event: 1.907 Thread 0x000001af4d999c30 Exception <a 'java/lang/NoSuchMethodError'{0x00000000c40f6b38}: 'java.lang.Object java.lang.invoke.DirectMethodHandle$Holder.invokeSpecial(java.lang.Object, java.lang.Object, java.lang.Object, java.lang.Object, java.lang.Object, java.lang.Object, java.lang.Object, java.lang.Object, java.lang.Object, java.lang.Object, java.lang.Object, java.lang.Object, java.lang.Object, java.lang.Object, java.lang.Object)'> (0x00000000c40f6b38) 
thrown [s\src\hotspot\share\interpreter\linkResolver.cpp, line 759]
Event: 1.908 Thread 0x000001af4d999c30 Exception <a 'java/lang/NoSuchMethodError'{0x00000000c3f06938}: 'int java.lang.invoke.DirectMethodHandle$Holder.invokeVirtual(java.lang.Object, java.lang.Object, java.lang.Object)'> (0x00000000c3f06938) 
thrown [s\src\hotspot\share\interpreter\linkResolver.cpp, line 759]
Event: 1.909 Thread 0x000001af4d999c30 Exception <a 'java/lang/NoSuchMethodError'{0x00000000c3f0ada8}: 'int java.lang.invoke.DirectMethodHandle$Holder.invokeStaticInit(java.lang.Object, int, int)'> (0x00000000c3f0ada8) 
thrown [s\src\hotspot\share\interpreter\linkResolver.cpp, line 759]
Event: 1.909 Thread 0x000001af4d999c30 Exception <a 'java/lang/NoSuchMethodError'{0x00000000c3f12598}: 'int java.lang.invoke.DirectMethodHandle$Holder.invokeStaticInit(java.lang.Object, long, long)'> (0x00000000c3f12598) 
thrown [s\src\hotspot\share\interpreter\linkResolver.cpp, line 759]
Event: 1.909 Thread 0x000001af4d999c30 Exception <a 'java/lang/NoSuchMethodError'{0x00000000c3f193e8}: 'int java.lang.invoke.DirectMethodHandle$Holder.invokeStaticInit(java.lang.Object, float, float)'> (0x00000000c3f193e8) 
thrown [s\src\hotspot\share\interpreter\linkResolver.cpp, line 759]
Event: 1.910 Thread 0x000001af4d999c30 Exception <a 'java/lang/NoSuchMethodError'{0x00000000c3f20240}: 'int java.lang.invoke.DirectMethodHandle$Holder.invokeStaticInit(java.lang.Object, double, double)'> (0x00000000c3f20240) 
thrown [s\src\hotspot\share\interpreter\linkResolver.cpp, line 759]
Event: 1.910 Thread 0x000001af4d999c30 Exception <a 'java/lang/NoSuchMethodError'{0x00000000c3f247d8}: 'int java.lang.invoke.DirectMethodHandle$Holder.invokeStatic(java.lang.Object, long)'> (0x00000000c3f247d8) 
thrown [s\src\hotspot\share\interpreter\linkResolver.cpp, line 759]
Event: 1.911 Thread 0x000001af4d999c30 Exception <a 'java/lang/NoSuchMethodError'{0x00000000c3f49298}: 'int java.lang.invoke.DirectMethodHandle$Holder.invokeSpecial(java.lang.Object, java.lang.Object, int)'> (0x00000000c3f49298) 
thrown [s\src\hotspot\share\interpreter\linkResolver.cpp, line 759]
Event: 1.912 Thread 0x000001af4d999c30 Exception <a 'java/lang/NoSuchMethodError'{0x00000000c3f50b90}: 'int java.lang.invoke.Invokers$Holder.linkToTargetMethod(java.lang.Object, java.lang.Object)'> (0x00000000c3f50b90) 
thrown [s\src\hotspot\share\interpreter\linkResolver.cpp, line 759]
Event: 1.922 Thread 0x000001af4d999c30 Exception <a 'java/lang/NoSuchMethodError'{0x00000000c3ff9898}: 'java.lang.Object java.lang.invoke.DirectMethodHandle$Holder.invokeSpecial(java.lang.Object, java.lang.Object, java.lang.Object, java.lang.Object, java.lang.Object, java.lang.Object, java.lang.Object, java.lang.Object, java.lang.Object, java.lang.Object)'> (0x00000000c3ff9898) 
thrown [s\src\hotspot\share\interpreter\linkResolver.cpp, line 759]
Event: 1.922 Thread 0x000001af4d999c30 Exception <a 'java/lang/NoSuchMethodError'{0x00000000c3ffde80}: 'java.lang.Object java.lang.invoke.Invokers$Holder.invoke_MT(java.lang.Object, java.lang.Object, java.lang.Object, java.lang.Object, java.lang.Object, java.lang.Object, java.lang.Object, java.lang.Object, java.lang.Object, java.lang.Object)'> (0x00000000c3ffde80) 
thrown [s\src\hotspot\share\interpreter\linkResolver.cpp, line 759]
Event: 1.926 Thread 0x000001af4d999c30 Exception <a 'java/lang/NoSuchMethodError'{0x00000000c3e3bdb0}: 'java.lang.Object java.lang.invoke.DirectMethodHandle$Holder.invokeSpecial(java.lang.Object, java.lang.Object, int, java.lang.Object, java.lang.Object)'> (0x00000000c3e3bdb0) 
thrown [s\src\hotspot\share\interpreter\linkResolver.cpp, line 759]
Event: 1.926 Thread 0x000001af4d999c30 Exception <a 'java/lang/NoSuchMethodError'{0x00000000c3e3fa58}: 'java.lang.Object java.lang.invoke.DelegatingMethodHandle$Holder.delegate(java.lang.Object, int, java.lang.Object, java.lang.Object)'> (0x00000000c3e3fa58) 
thrown [s\src\hotspot\share\interpreter\linkResolver.cpp, line 759]
Event: 1.927 Thread 0x000001af4d999c30 Exception <a 'java/lang/NoSuchMethodError'{0x00000000c3e508c0}: 'int java.lang.invoke.Invokers$Holder.linkToTargetMethod(java.lang.Object, java.lang.Object, java.lang.Object)'> (0x00000000c3e508c0) 
thrown [s\src\hotspot\share\interpreter\linkResolver.cpp, line 759]
Event: 2.008 Thread 0x000001af4d999c30 Exception <a 'java/lang/NoSuchMethodError'{0x00000000c3bff838}: 'java.lang.Object java.lang.invoke.DirectMethodHandle$Holder.invokeStaticInit(java.lang.Object, int, int, int, int)'> (0x00000000c3bff838) 
thrown [s\src\hotspot\share\interpreter\linkResolver.cpp, line 759]
Event: 2.106 Thread 0x000001af4d999c30 Exception <a 'java/lang/NoSuchMethodError'{0x00000000c3af4528}: 'java.lang.Object java.lang.invoke.DirectMethodHandle$Holder.invokeStaticInit(java.lang.Object, java.lang.Object, int, int, int, int)'> (0x00000000c3af4528) 
thrown [s\src\hotspot\share\interpreter\linkResolver.cpp, line 759]
Event: 2.282 Thread 0x000001af4d999c30 Exception <a 'java/lang/NoSuchMethodError'{0x00000000c3297770}: 'void java.lang.invoke.DirectMethodHandle$Holder.invokeSpecialIFC(java.lang.Object, java.lang.Object, java.lang.Object)'> (0x00000000c3297770) 
thrown [s\src\hotspot\share\interpreter\linkResolver.cpp, line 759]
Event: 2.459 Thread 0x000001af4d999c30 Exception <a 'java/lang/NoSuchMethodError'{0x00000000c3be4b30}: 'int java.lang.invoke.DirectMethodHandle$Holder.invokeSpecial(java.lang.Object, java.lang.Object, java.lang.Object, java.lang.Object, java.lang.Object)'> (0x00000000c3be4b30) 
thrown [s\src\hotspot\share\interpreter\linkResolver.cpp, line 759]
Event: 2.495 Thread 0x000001af4d999c30 Exception <a 'java/lang/NoSuchMethodError'{0x00000000c3772df0}: 'void java.lang.invoke.DirectMethodHandle$Holder.invokeVirtual(java.lang.Object, java.lang.Object)'> (0x00000000c3772df0) 
thrown [s\src\hotspot\share\interpreter\linkResolver.cpp, line 759]
Event: 2.504 Thread 0x000001af4d999c30 Exception <a 'java/lang/NoSuchMethodError'{0x00000000c37c9ae8}: 'int java.lang.invoke.DirectMethodHandle$Holder.invokeStaticInit(java.lang.Object, java.lang.Object, int, java.lang.Object)'> (0x00000000c37c9ae8) 
thrown [s\src\hotspot\share\interpreter\linkResolver.cpp, line 759]

VM Operations (20 events):
Event: 1.551 Executing VM operation: HandshakeAllThreads done
Event: 1.578 Executing VM operation: HandshakeAllThreads
Event: 1.578 Executing VM operation: HandshakeAllThreads done
Event: 1.685 Executing VM operation: G1CollectForAllocation
Event: 1.700 Executing VM operation: G1CollectForAllocation done
Event: 1.717 Executing VM operation: G1CollectForAllocation
Event: 1.727 Executing VM operation: G1CollectForAllocation done
Event: 1.916 Executing VM operation: HandshakeAllThreads
Event: 1.916 Executing VM operation: HandshakeAllThreads done
Event: 1.995 Executing VM operation: HandshakeAllThreads
Event: 1.995 Executing VM operation: HandshakeAllThreads done
Event: 2.017 Executing VM operation: HandshakeAllThreads
Event: 2.017 Executing VM operation: HandshakeAllThreads done
Event: 2.154 Executing VM operation: ICBufferFull
Event: 2.154 Executing VM operation: ICBufferFull done
Event: 2.291 Executing VM operation: G1CollectForAllocation
Event: 2.299 Executing VM operation: G1CollectForAllocation done
Event: 2.362 Executing VM operation: HandshakeAllThreads
Event: 2.362 Executing VM operation: HandshakeAllThreads done
Event: 2.518 Executing VM operation: CollectForMetadataAllocation

Events (20 events):
Event: 0.082 Thread 0x000001af5880ac00 Thread added: 0x000001af5880ac00
Event: 0.083 Thread 0x000001af5880d5e0 Thread added: 0x000001af5880d5e0
Event: 0.083 Thread 0x000001af5880deb0 Thread added: 0x000001af5880deb0
Event: 0.083 Thread 0x000001af589348c0 Thread added: 0x000001af589348c0
Event: 0.083 Thread 0x000001af589386d0 Thread added: 0x000001af589386d0
Event: 0.107 Thread 0x000001af58a6f360 Thread added: 0x000001af58a6f360
Event: 0.108 Thread 0x000001af58a764d0 Thread added: 0x000001af58a764d0
Event: 0.111 Thread 0x000001af58a7bb50 Thread added: 0x000001af58a7bb50
Event: 0.118 Thread 0x000001af58a83d70 Thread added: 0x000001af58a83d70
Event: 0.596 Thread 0x000001af5d776670 Thread added: 0x000001af5d776670
Event: 1.155 Thread 0x000001af5dc99660 Thread added: 0x000001af5dc99660
Event: 1.507 Thread 0x000001af5dc99660 Thread exited: 0x000001af5dc99660
Event: 1.593 Thread 0x000001af5e062870 Thread added: 0x000001af5e062870
Event: 1.593 Thread 0x000001af5e009020 Thread added: 0x000001af5e009020
Event: 1.594 Thread 0x000001af5e009500 Thread added: 0x000001af5e009500
Event: 1.594 Thread 0x000001af5e0099e0 Thread added: 0x000001af5e0099e0
Event: 1.594 Thread 0x000001af5e009ec0 Thread added: 0x000001af5e009ec0
Event: 1.594 Thread 0x000001af5e00a3a0 Thread added: 0x000001af5e00a3a0
Event: 1.749 Thread 0x000001af5e1823e0 Thread added: 0x000001af5e1823e0
Event: 1.749 Thread 0x000001af5e1823e0 Thread exited: 0x000001af5e1823e0


Dynamic libraries:
0x00007ff75bbf0000 - 0x00007ff75bbfe000 	c:\Users\admin\.vscode\extensions\redhat.java-1.35.0-win32-x64\jre\17.0.12-win32-x86_64\bin\java.exe
0x00007ff9335d0000 - 0x00007ff9337e7000 	C:\Windows\SYSTEM32\ntdll.dll
0x00007ff931ae0000 - 0x00007ff931ba4000 	C:\Windows\System32\KERNEL32.DLL
0x00007ff930b60000 - 0x00007ff930f17000 	C:\Windows\System32\KERNELBASE.dll
0x00007ff930a40000 - 0x00007ff930b51000 	C:\Windows\System32\ucrtbase.dll
0x00007ff8f8040000 - 0x00007ff8f805b000 	c:\Users\admin\.vscode\extensions\redhat.java-1.35.0-win32-x64\jre\17.0.12-win32-x86_64\bin\VCRUNTIME140.dll
0x00007ff8f82a0000 - 0x00007ff8f82b7000 	c:\Users\admin\.vscode\extensions\redhat.java-1.35.0-win32-x64\jre\17.0.12-win32-x86_64\bin\jli.dll
0x00007ff932680000 - 0x00007ff93282f000 	C:\Windows\System32\USER32.dll
0x00007ff930a10000 - 0x00007ff930a36000 	C:\Windows\System32\win32u.dll
0x00007ff914090000 - 0x00007ff914323000 	C:\Windows\WinSxS\amd64_microsoft.windows.common-controls_6595b64144ccf1df_6.0.22621.3672_none_2713b9d173822955\COMCTL32.dll
0x00007ff932830000 - 0x00007ff932859000 	C:\Windows\System32\GDI32.dll
0x00007ff932cc0000 - 0x00007ff932d67000 	C:\Windows\System32\msvcrt.dll
0x00007ff931160000 - 0x00007ff931278000 	C:\Windows\System32\gdi32full.dll
0x00007ff930f20000 - 0x00007ff930fba000 	C:\Windows\System32\msvcp_win.dll
0x00007ff931300000 - 0x00007ff931331000 	C:\Windows\System32\IMM32.DLL
0x00007ff8f8030000 - 0x00007ff8f803c000 	c:\Users\admin\.vscode\extensions\redhat.java-1.35.0-win32-x64\jre\17.0.12-win32-x86_64\bin\vcruntime140_1.dll
0x00007ff876030000 - 0x00007ff8760bd000 	c:\Users\admin\.vscode\extensions\redhat.java-1.35.0-win32-x64\jre\17.0.12-win32-x86_64\bin\msvcp140.dll
0x00007ff85c840000 - 0x00007ff85d4aa000 	c:\Users\admin\.vscode\extensions\redhat.java-1.35.0-win32-x64\jre\17.0.12-win32-x86_64\bin\server\jvm.dll
0x00007ff932a20000 - 0x00007ff932ad2000 	C:\Windows\System32\ADVAPI32.dll
0x00007ff931d60000 - 0x00007ff931e08000 	C:\Windows\System32\sechost.dll
0x00007ff931130000 - 0x00007ff931158000 	C:\Windows\System32\bcrypt.dll
0x00007ff931340000 - 0x00007ff931454000 	C:\Windows\System32\RPCRT4.dll
0x00007ff933430000 - 0x00007ff9334a1000 	C:\Windows\System32\WS2_32.dll
0x00007ff92f760000 - 0x00007ff92f7ad000 	C:\Windows\SYSTEM32\POWRPROF.dll
0x00007ff928330000 - 0x00007ff928364000 	C:\Windows\SYSTEM32\WINMM.dll
0x00007ff927900000 - 0x00007ff92790a000 	C:\Windows\SYSTEM32\VERSION.dll
0x00007ff92f740000 - 0x00007ff92f753000 	C:\Windows\SYSTEM32\UMPDC.dll
0x00007ff92f9f0000 - 0x00007ff92fa08000 	C:\Windows\SYSTEM32\kernel.appcore.dll
0x00007ff8f7f60000 - 0x00007ff8f7f6a000 	c:\Users\admin\.vscode\extensions\redhat.java-1.35.0-win32-x64\jre\17.0.12-win32-x86_64\bin\jimage.dll
0x00007ff92e390000 - 0x00007ff92e5c2000 	C:\Windows\SYSTEM32\DBGHELP.DLL
0x00007ff9330a0000 - 0x00007ff93342e000 	C:\Windows\System32\combase.dll
0x00007ff9334b0000 - 0x00007ff933587000 	C:\Windows\System32\OLEAUT32.dll
0x00007ff8fa630000 - 0x00007ff8fa662000 	C:\Windows\SYSTEM32\dbgcore.DLL
0x00007ff931280000 - 0x00007ff9312fb000 	C:\Windows\System32\bcryptPrimitives.dll
0x00007ff8f70d0000 - 0x00007ff8f70f5000 	c:\Users\admin\.vscode\extensions\redhat.java-1.35.0-win32-x64\jre\17.0.12-win32-x86_64\bin\java.dll
0x00007ff8f70b0000 - 0x00007ff8f70c8000 	c:\Users\admin\.vscode\extensions\redhat.java-1.35.0-win32-x64\jre\17.0.12-win32-x86_64\bin\zip.dll
0x00007ff931e10000 - 0x00007ff932679000 	C:\Windows\System32\SHELL32.dll
0x00007ff92e810000 - 0x00007ff92f10f000 	C:\Windows\SYSTEM32\windows.storage.dll
0x00007ff92e6d0000 - 0x00007ff92e80f000 	C:\Windows\SYSTEM32\wintypes.dll
0x00007ff932f40000 - 0x00007ff933039000 	C:\Windows\System32\SHCORE.dll
0x00007ff931c30000 - 0x00007ff931c8e000 	C:\Windows\System32\shlwapi.dll
0x00007ff930810000 - 0x00007ff930837000 	C:\Windows\SYSTEM32\profapi.dll
0x00007ff8f7090000 - 0x00007ff8f70a9000 	C:\Users\admin\.vscode\extensions\redhat.java-1.35.0-win32-x64\jre\17.0.12-win32-x86_64\bin\net.dll
0x00007ff929a10000 - 0x00007ff929b46000 	C:\Windows\SYSTEM32\WINHTTP.dll
0x00007ff92fe70000 - 0x00007ff92fed9000 	C:\Windows\system32\mswsock.dll
0x00007ff8ce6e0000 - 0x00007ff8ce6f6000 	C:\Users\admin\.vscode\extensions\redhat.java-1.35.0-win32-x64\jre\17.0.12-win32-x86_64\bin\nio.dll
0x00007ff8e08b0000 - 0x00007ff8e08c0000 	c:\Users\admin\.vscode\extensions\redhat.java-1.35.0-win32-x64\jre\17.0.12-win32-x86_64\bin\verify.dll
0x00007ff9300e0000 - 0x00007ff9300fb000 	C:\Windows\SYSTEM32\CRYPTSP.dll
0x00007ff92f950000 - 0x00007ff92f985000 	C:\Windows\system32\rsaenh.dll
0x00007ff92ff80000 - 0x00007ff92ffa8000 	C:\Windows\SYSTEM32\USERENV.dll
0x00007ff930100000 - 0x00007ff93010c000 	C:\Windows\SYSTEM32\CRYPTBASE.dll
0x00007ff92f3e0000 - 0x00007ff92f40d000 	C:\Windows\SYSTEM32\IPHLPAPI.DLL
0x00007ff932c90000 - 0x00007ff932c99000 	C:\Windows\System32\NSI.dll
0x00007ff929b50000 - 0x00007ff929b69000 	C:\Windows\SYSTEM32\dhcpcsvc6.DLL
0x00007ff929930000 - 0x00007ff92994f000 	C:\Windows\SYSTEM32\dhcpcsvc.DLL
0x00007ff92f410000 - 0x00007ff92f512000 	C:\Windows\SYSTEM32\DNSAPI.dll

dbghelp: loaded successfully - version: 4.0.5 - missing functions: none
symbol engine: initialized successfully - sym options: 0x614 - pdb path: .;c:\Users\admin\.vscode\extensions\redhat.java-1.35.0-win32-x64\jre\17.0.12-win32-x86_64\bin;C:\Windows\SYSTEM32;C:\Windows\WinSxS\amd64_microsoft.windows.common-controls_6595b64144ccf1df_6.0.22621.3672_none_2713b9d173822955;c:\Users\admin\.vscode\extensions\redhat.java-1.35.0-win32-x64\jre\17.0.12-win32-x86_64\bin\server

VM Arguments:
jvm_args: -Xmx1024m -Dsts.lsp.client=vscode -Dsts.log.file=/dev/null -XX:TieredStopAtLevel=1 -Xlog:jni+resolve=off 
java_command: c:\Users\admin\.vscode\extensions\vmware.vscode-spring-boot-1.57.0\language-server\spring-boot-language-server-1.57.0-SNAPSHOT-exec.jar
java_class_path (initial): c:\Users\admin\.vscode\extensions\vmware.vscode-spring-boot-1.57.0\language-server\spring-boot-language-server-1.57.0-SNAPSHOT-exec.jar
Launcher Type: SUN_STANDARD

[Global flags]
     intx CICompilerCount                          = 4                                         {product} {ergonomic}
     uint ConcGCThreads                            = 2                                         {product} {ergonomic}
     uint G1ConcRefinementThreads                  = 8                                         {product} {ergonomic}
   size_t G1HeapRegionSize                         = 1048576                                   {product} {ergonomic}
    uintx GCDrainStackTargetSize                   = 64                                        {product} {ergonomic}
   size_t InitialHeapSize                          = 130023424                                 {product} {ergonomic}
   size_t MarkStackSize                            = 4194304                                   {product} {ergonomic}
   size_t MaxHeapSize                              = 1073741824                                {product} {command line}
   size_t MaxNewSize                               = 643825664                                 {product} {ergonomic}
   size_t MinHeapDeltaBytes                        = 1048576                                   {product} {ergonomic}
   size_t MinHeapSize                              = 8388608                                   {product} {ergonomic}
    uintx NonProfiledCodeHeapSize                  = 0                                      {pd product} {ergonomic}
     bool ProfileInterpreter                       = false                                  {pd product} {command line}
    uintx ProfiledCodeHeapSize                     = 0                                      {pd product} {ergonomic}
   size_t SoftMaxHeapSize                          = 1073741824                             {manageable} {ergonomic}
     intx TieredStopAtLevel                        = 1                                         {product} {command line}
     bool UseCompressedClassPointers               = true                           {product lp64_product} {ergonomic}
     bool UseCompressedOops                        = true                           {product lp64_product} {ergonomic}
     bool UseG1GC                                  = true                                      {product} {ergonomic}
     bool UseLargePagesIndividualAllocation        = false                                  {pd product} {ergonomic}

Logging:
Log output configuration:
 #0: stdout all=warning,jni+resolve=off uptime,level,tags
 #1: stderr all=off uptime,level,tags

Environment Variables:
JAVA_HOME=C:\Program Files\Java\jdk-19
PATH=C:\ProgramData\Oracle\Java\javapath;C:\app\admin\product\21c\dbhomeXE\bin;C:\Program Files\Common Files\Oracle\Java\javapath;C:\Windows\system32;C:\Windows;C:\Windows\System32\Wbem;C:\Windows\System32\WindowsPowerShell\v1.0\;C:\Windows\System32\OpenSSH\;C:\Program Files\Java\jdk-19;C:\Program Files\Java\jdk-19\bin;E:\Rational Rose\common;C:\Program Files\dotnet\;C:\Program Files (x86)\Microsoft SQL Server\150\DTS\Binn\;C:\Program Files\Azure Data Studio\bin;C:\Program Files\Microsoft SQL Server\Client SDK\ODBC\170\Tools\Binn\;C:\Program Files (x86)\Microsoft SQL Server\150\Tools\Binn\;C:\Program Files\Microsoft SQL Server\150\Tools\Binn\;C:\Program Files\Microsoft SQL Server\150\DTS\Binn\;C:\Program Files\nodejs\;C:\Program Files\nodejs;C:\Program Files\Git\cmd;D:\Laragon\bin\php;D:\Laragon\bin\php\php-8.1.10-Win32-vs16-x64;C:\Program Files\apache-maven-3.9.8\bin;C:\Users\admin\AppData\Local\Android\Sdk\platform-tools;C:\Users\admin\AppData\Local\Android\Sdk\cmdline-tools;C:\Users\admin\AppData\Local\Android\Sdk\cmdline-tools\bin;C:\Program Files\Docker\Docker\resources\bin;C:\Users\admin\AppData\Local\Programs\Python\Python311\Scripts\;C:\Users\admin\AppData\Local\Programs\Python\Python311\;C:\Users\admin\AppData\Local\Microsoft\WindowsApps;D:\Visual Studio Code\Microsoft VS Code\bin;C:\Program Files\Azure Data Studio\bin;D:\Intellij IDEA\IntelliJ IDEA 2024.1.4\bin;;C:\Users\admin\AppData\Roaming\npm
USERNAME=admin
OS=Windows_NT
PROCESSOR_IDENTIFIER=Intel64 Family 6 Model 140 Stepping 1, GenuineIntel
TMP=C:\Users\admin\AppData\Local\Temp
TEMP=C:\Users\admin\AppData\Local\Temp



Periodic native trim disabled


---------------  S Y S T E M  ---------------

OS:
 Windows 11 , 64 bit Build 22621 (10.0.22621.3958)
OS uptime: 0 days 9:15 hours
Hyper-V role detected

CPU: total 8 (initial active 8) (4 cores per cpu, 2 threads per core) family 6 model 140 stepping 1 microcode 0xb6, cx8, cmov, fxsr, ht, mmx, 3dnowpref, sse, sse2, sse3, ssse3, sse4.1, sse4.2, popcnt, lzcnt, tsc, tscinvbit, avx, avx2, aes, erms, clmul, bmi1, bmi2, adx, avx512f, avx512dq, avx512cd, avx512bw, avx512vl, sha, fma, vzeroupper, avx512_vpopcntdq, avx512_vpclmulqdq, avx512_vaes, avx512_vnni, clflush, clflushopt, clwb, avx512_vbmi2, avx512_vbmi, hv
Processor Information for all 8 processors :
  Max Mhz: 2419, Current Mhz: 2419, Mhz Limit: 2419

Memory: 4k page, system-wide physical 7859M (388M free)
TotalPageFile size 20147M (AvailPageFile size 33M)
current process WorkingSet (physical memory assigned to process): 161M, peak: 161M
current process commit charge ("private bytes"): 203M, peak: 233M

vm_info: OpenJDK 64-Bit Server VM (17.0.12+7) for windows-amd64 JRE (17.0.12+7), built on Jul 16 2024 22:08:24 by "admin" with MS VC++ 16.10 / 16.11 (VS2019)

END.
