#
# There is insufficient memory for the Java Runtime Environment to continue.
# Native memory allocation (malloc) failed to allocate 2097152 bytes. Error detail: AllocateHeap
# Possible reasons:
#   The system is out of physical RAM or swap space
#   This process is running with CompressedOops enabled, and the Java Heap may be blocking the growth of the native heap
# Possible solutions:
#   Reduce memory load on the system
#   Increase physical memory or swap space
#   Check if swap backing store is full
#   Decrease Java heap size (-Xmx/-Xms)
#   Decrease number of Java threads
#   Decrease Java thread stack sizes (-Xss)
#   Set larger code cache with -XX:ReservedCodeCacheSize=
#   JVM is running with Unscaled Compressed Oops mode in which the Java heap is
#     placed in the first 4GB address space. The Java Heap base address is the
#     maximum limit for the native heap growth. Please use -XX:HeapBaseMinAddress
#     to set the Java Heap base and to place the Java Heap above 4GB virtual address.
# This output file may be truncated or incomplete.
#
#  Out of Memory Error (allocation.cpp:44), pid=12120, tid=20436
#
# JRE version: OpenJDK Runtime Environment Temurin-17.0.12+7 (17.0.12+7) (build 17.0.12+7)
# Java VM: OpenJDK 64-Bit Server VM Temurin-17.0.12+7 (17.0.12+7, mixed mode, emulated-client, tiered, compressed oops, compressed class ptrs, g1 gc, windows-amd64)
# No core dump will be written. Minidumps are not enabled by default on client versions of Windows
#

---------------  S U M M A R Y ------------

Command Line: -Xmx1024m -Dsts.lsp.client=vscode -Dsts.log.file=/dev/null -XX:TieredStopAtLevel=1 -Xlog:jni+resolve=off c:\Users\admin\.vscode\extensions\vmware.vscode-spring-boot-1.57.0\language-server\spring-boot-language-server-1.57.0-SNAPSHOT-exec.jar

Host: 11th Gen Intel(R) Core(TM) i5-1135G7 @ 2.40GHz, 8 cores, 7G,  Windows 11 , 64 bit Build 22621 (10.0.22621.3958)
Time: Fri Sep 27 21:22:26 2024 SE Asia Standard Time elapsed time: 123.139180 seconds (0d 0h 2m 3s)

---------------  T H R E A D  ---------------

Current thread (0x000001da64b4b320):  VMThread "VM Thread" [stack: 0x0000008402100000,0x0000008402200000] [id=20436]

Stack: [0x0000008402100000,0x0000008402200000]
Native frames: (J=compiled Java code, j=interpreted, Vv=VM code, C=native code)
V  [jvm.dll+0x67f929]
V  [jvm.dll+0x8371ba]
V  [jvm.dll+0x838c7e]
V  [jvm.dll+0x8392e3]
V  [jvm.dll+0x24834f]
V  [jvm.dll+0xa70d3]
V  [jvm.dll+0x2f9101]
V  [jvm.dll+0x2f4d00]
V  [jvm.dll+0x2dd82f]
V  [jvm.dll+0x3201f7]
V  [jvm.dll+0x83d7dd]
V  [jvm.dll+0x83e522]
V  [jvm.dll+0x83ea4f]
V  [jvm.dll+0x83ee34]
V  [jvm.dll+0x83ef00]
V  [jvm.dll+0x7e65dc]
V  [jvm.dll+0x67e7f7]
C  [ucrtbase.dll+0x29333]
C  [KERNEL32.DLL+0x1257d]
C  [ntdll.dll+0x5af08]

VM_Operation (0x0000008403dff1c0): G1CollectFull, mode: safepoint, requested by thread 0x000001da6a840440


---------------  P R O C E S S  ---------------

Threads class SMR info:
_java_thread_list=0x000001da6bd4eae0, length=23, elements={
0x000001da64b63380, 0x000001da64b63e50, 0x000001da690095c0, 0x000001da6900a090,
0x000001da6900aa60, 0x000001da6900d340, 0x000001da6900dcc0, 0x000001da6900e9d0,
0x000001da6914bb50, 0x000001da69154490, 0x000001da6a17d090, 0x000001da6a17dfc0,
0x000001da6a2bf6d0, 0x000001da6a719ca0, 0x000001da6a840440, 0x000001da6a853700,
0x000001da59d1be90, 0x000001da6a1dd590, 0x000001da690b6da0, 0x000001da690b6380,
0x000001da690b5450, 0x000001da690b5960, 0x000001da690b4010
}

Java Threads: ( => current thread )
  0x000001da64b63380 JavaThread "Reference Handler" daemon [_thread_blocked, id=3960, stack(0x0000008402200000,0x0000008402300000)]
  0x000001da64b63e50 JavaThread "Finalizer" daemon [_thread_blocked, id=18932, stack(0x0000008402300000,0x0000008402400000)]
  0x000001da690095c0 JavaThread "Signal Dispatcher" daemon [_thread_blocked, id=19128, stack(0x0000008402400000,0x0000008402500000)]
  0x000001da6900a090 JavaThread "Attach Listener" daemon [_thread_blocked, id=2100, stack(0x0000008402500000,0x0000008402600000)]
  0x000001da6900aa60 JavaThread "Service Thread" daemon [_thread_blocked, id=5236, stack(0x0000008402600000,0x0000008402700000)]
  0x000001da6900d340 JavaThread "Monitor Deflation Thread" daemon [_thread_blocked, id=14464, stack(0x0000008402700000,0x0000008402800000)]
  0x000001da6900dcc0 JavaThread "C1 CompilerThread0" daemon [_thread_blocked, id=2400, stack(0x0000008402800000,0x0000008402900000)]
  0x000001da6900e9d0 JavaThread "Sweeper thread" daemon [_thread_blocked, id=19908, stack(0x0000008402900000,0x0000008402a00000)]
  0x000001da6914bb50 JavaThread "Notification Thread" daemon [_thread_blocked, id=20160, stack(0x0000008402a00000,0x0000008402b00000)]
  0x000001da69154490 JavaThread "Common-Cleaner" daemon [_thread_blocked, id=19832, stack(0x0000008402c00000,0x0000008402d00000)]
  0x000001da6a17d090 JavaThread "ForkJoinPool.commonPool-worker-1" daemon [_thread_blocked, id=21052, stack(0x0000008403900000,0x0000008403a00000)]
  0x000001da6a17dfc0 JavaThread "ForkJoinPool.commonPool-worker-3" daemon [_thread_blocked, id=21060, stack(0x0000008403b00000,0x0000008403c00000)]
  0x000001da6a2bf6d0 JavaThread "ForkJoinPool.commonPool-worker-4" daemon [_thread_blocked, id=21064, stack(0x0000008403c00000,0x0000008403d00000)]
  0x000001da6a719ca0 JavaThread "boundedElastic-evictor-1" daemon [_thread_blocked, id=5592, stack(0x0000008403500000,0x0000008403600000)]
  0x000001da6a840440 JavaThread "pool-13-thread-1" [_thread_blocked, id=17056, stack(0x0000008403d00000,0x0000008403e00000)]
  0x000001da6a853700 JavaThread "LanguageServerApp-lifecycle" [_thread_blocked, id=20232, stack(0x0000008403e00000,0x0000008403f00000)]
  0x000001da59d1be90 JavaThread "DestroyJavaVM" [_thread_blocked, id=1964, stack(0x0000008401b00000,0x0000008401c00000)]
  0x000001da6a1dd590 JavaThread "pool-14-thread-1" [_thread_in_native, id=15024, stack(0x0000008403f00000,0x0000008404000000)]
  0x000001da690b6da0 JavaThread "Simple-Language-Server main thread" daemon [_thread_blocked, id=19464, stack(0x0000008404000000,0x0000008404100000)]
  0x000001da690b6380 JavaThread "parallel-1" daemon [_thread_blocked, id=14880, stack(0x0000008404300000,0x0000008404400000)]
  0x000001da690b5450 JavaThread "pool-6-thread-1" [_thread_blocked, id=15000, stack(0x0000008404400000,0x0000008404500000)]
  0x000001da690b5960 JavaThread "parallel-2" daemon [_thread_blocked, id=20772, stack(0x0000008404500000,0x0000008404600000)]
  0x000001da690b4010 JavaThread "CompletableFutureDelayScheduler" daemon [_thread_blocked, id=21136, stack(0x0000008404700000,0x0000008404800000)]

Other Threads:
=>0x000001da64b4b320 VMThread "VM Thread" [stack: 0x0000008402100000,0x0000008402200000] [id=20436]
  0x000001da6914c030 WatcherThread [stack: 0x0000008402b00000,0x0000008402c00000] [id=19576]
  0x000001da59d57fd0 GCTaskThread "GC Thread#0" [stack: 0x0000008401c00000,0x0000008401d00000] [id=20056]
  0x000001da69b43050 GCTaskThread "GC Thread#1" [stack: 0x0000008402f00000,0x0000008403000000] [id=4008]
  0x000001da69aba860 GCTaskThread "GC Thread#2" [stack: 0x0000008403000000,0x0000008403100000] [id=17228]
  0x000001da69abab20 GCTaskThread "GC Thread#3" [stack: 0x0000008403100000,0x0000008403200000] [id=12544]
  0x000001da69fc5010 GCTaskThread "GC Thread#4" [stack: 0x0000008403200000,0x0000008403300000] [id=20776]
  0x000001da69fc52d0 GCTaskThread "GC Thread#5" [stack: 0x0000008403300000,0x0000008403400000] [id=20780]
  0x000001da69fc5590 GCTaskThread "GC Thread#6" [stack: 0x0000008403400000,0x0000008403500000] [id=20784]
  0x000001da690bb720 GCTaskThread "GC Thread#7" [stack: 0x0000008403600000,0x0000008403700000] [id=20944]
  0x000001da59d60e30 ConcurrentGCThread "G1 Main Marker" [stack: 0x0000008401d00000,0x0000008401e00000] [id=13840]
  0x000001da59d61760 ConcurrentGCThread "G1 Conc#0" [stack: 0x0000008401e00000,0x0000008401f00000] [id=6752]
  0x000001da69a8dc70 ConcurrentGCThread "G1 Conc#1" [stack: 0x0000008403700000,0x0000008403800000] [id=20948]
  0x000001da59dc67b0 ConcurrentGCThread "G1 Refine#0" [stack: 0x0000008401f00000,0x0000008402000000] [id=11764]
  0x000001da59dc70f0 ConcurrentGCThread "G1 Service" [stack: 0x0000008402000000,0x0000008402100000] [id=7236]

Threads with active compile tasks:

VM state: at safepoint (normal execution)

VM Mutex/Monitor currently owned by a thread:  ([mutex/lock_event])
[0x000001da59d16060] Threads_lock - owner thread: 0x000001da64b4b320
[0x000001da59d15c70] Heap_lock - owner thread: 0x000001da6a840440

Heap address: 0x00000000c0000000, size: 1024 MB, Compressed Oops mode: 32-bit

CDS archive(s) not mapped
Compressed class space mapped at: 0x0000000100000000-0x0000000140000000, reserved size: 1073741824
Narrow klass base: 0x0000000000000000, Narrow klass shift: 3, Narrow klass range: 0x140000000

GC Precious Log:
 CPUs: 8 total, 8 available
 Memory: 7859M
 Large Page Support: Disabled
 NUMA Support: Disabled
 Compressed Oops: Enabled (32-bit)
 Heap Region Size: 1M
 Heap Min Capacity: 8M
 Heap Initial Capacity: 124M
 Heap Max Capacity: 1G
 Pre-touch: Disabled
 Parallel Workers: 8
 Concurrent Workers: 2
 Concurrent Refinement Workers: 8
 Periodic GC: Disabled

Heap:
 garbage-first heap   total 81920K, used 31735K [0x00000000c0000000, 0x0000000100000000)
  region size 1024K, 1 young (1024K), 0 survivors (0K)
 Metaspace       used 59423K, committed 60224K, reserved 1114112K
  class space    used 7448K, committed 7744K, reserved 1048576K

Heap Regions: E=young(eden), S=young(survivor), O=old, HS=humongous(starts), HC=humongous(continues), CS=collection set, F=free, OA=open archive, CA=closed archive, TAMS=top-at-mark-start (previous, next)
|   0|0x00000000c0000000, 0x00000000c0100000, 0x00000000c0100000|100%|HS|  |TAMS 0x00000000c0100000, 0x00000000c0000000| Untracked 
|   1|0x00000000c0100000, 0x00000000c0200000, 0x00000000c0200000|100%|HC|  |TAMS 0x00000000c0200000, 0x00000000c0100000| Untracked 
|   2|0x00000000c0200000, 0x00000000c0300000, 0x00000000c0300000|100%|HC|  |TAMS 0x00000000c0300000, 0x00000000c0200000| Untracked 
|   3|0x00000000c0300000, 0x00000000c0400000, 0x00000000c0400000|100%|HC|  |TAMS 0x00000000c0400000, 0x00000000c0300000| Untracked 
|   4|0x00000000c0400000, 0x00000000c0500000, 0x00000000c0500000|100%|HS|  |TAMS 0x00000000c0500000, 0x00000000c0400000| Untracked 
|   5|0x00000000c0500000, 0x00000000c0600000, 0x00000000c0600000|100%|HC|  |TAMS 0x00000000c0600000, 0x00000000c0500000| Untracked 
|   6|0x00000000c0600000, 0x00000000c06fffd0, 0x00000000c0700000| 99%| O|  |TAMS 0x00000000c06fffd0, 0x00000000c0600000| Untracked 
|   7|0x00000000c0700000, 0x00000000c07fffc0, 0x00000000c0800000| 99%| O|  |TAMS 0x00000000c07fffc0, 0x00000000c0700000| Untracked 
|   8|0x00000000c0800000, 0x00000000c08ffff8, 0x00000000c0900000| 99%| O|  |TAMS 0x00000000c08ffff8, 0x00000000c0800000| Untracked 
|   9|0x00000000c0900000, 0x00000000c0a00000, 0x00000000c0a00000|100%| O|  |TAMS 0x00000000c0a00000, 0x00000000c0900000| Untracked 
|  10|0x00000000c0a00000, 0x00000000c0b00000, 0x00000000c0b00000|100%| O|  |TAMS 0x00000000c0b00000, 0x00000000c0a00000| Untracked 
|  11|0x00000000c0b00000, 0x00000000c0c00000, 0x00000000c0c00000|100%| O|  |TAMS 0x00000000c0c00000, 0x00000000c0b00000| Untracked 
|  12|0x00000000c0c00000, 0x00000000c0cffff8, 0x00000000c0d00000| 99%| O|  |TAMS 0x00000000c0cffff8, 0x00000000c0c00000| Untracked 
|  13|0x00000000c0d00000, 0x00000000c0dff830, 0x00000000c0e00000| 99%| O|  |TAMS 0x00000000c0dff830, 0x00000000c0d00000| Untracked 
|  14|0x00000000c0e00000, 0x00000000c0f00000, 0x00000000c0f00000|100%| O|  |TAMS 0x00000000c0f00000, 0x00000000c0e00000| Untracked 
|  15|0x00000000c0f00000, 0x00000000c1000000, 0x00000000c1000000|100%| O|  |TAMS 0x00000000c1000000, 0x00000000c0f00000| Untracked 
|  16|0x00000000c1000000, 0x00000000c10ffff0, 0x00000000c1100000| 99%| O|  |TAMS 0x00000000c10ffff0, 0x00000000c1000000| Untracked 
|  17|0x00000000c1100000, 0x00000000c1200000, 0x00000000c1200000|100%| O|  |TAMS 0x00000000c1200000, 0x00000000c1100000| Untracked 
|  18|0x00000000c1200000, 0x00000000c12ffff8, 0x00000000c1300000| 99%| O|  |TAMS 0x00000000c12ffff8, 0x00000000c1200000| Untracked 
|  19|0x00000000c1300000, 0x00000000c13fffe8, 0x00000000c1400000| 99%| O|  |TAMS 0x00000000c13fffe8, 0x00000000c1300000| Untracked 
|  20|0x00000000c1400000, 0x00000000c14fa760, 0x00000000c1500000| 97%| O|  |TAMS 0x00000000c14fa760, 0x00000000c1400000| Untracked 
|  21|0x00000000c1500000, 0x00000000c1600000, 0x00000000c1600000|100%| O|  |TAMS 0x00000000c1600000, 0x00000000c1500000| Untracked 
|  22|0x00000000c1600000, 0x00000000c16ffff8, 0x00000000c1700000| 99%| O|  |TAMS 0x00000000c16ffff8, 0x00000000c1600000| Untracked 
|  23|0x00000000c1700000, 0x00000000c17fff98, 0x00000000c1800000| 99%| O|  |TAMS 0x00000000c17fff98, 0x00000000c1700000| Untracked 
|  24|0x00000000c1800000, 0x00000000c1900000, 0x00000000c1900000|100%| O|  |TAMS 0x00000000c1900000, 0x00000000c1800000| Untracked 
|  25|0x00000000c1900000, 0x00000000c1a00000, 0x00000000c1a00000|100%| O|  |TAMS 0x00000000c1a00000, 0x00000000c1900000| Untracked 
|  26|0x00000000c1a00000, 0x00000000c1b00000, 0x00000000c1b00000|100%| O|  |TAMS 0x00000000c1b00000, 0x00000000c1a00000| Untracked 
|  27|0x00000000c1b00000, 0x00000000c1bffff0, 0x00000000c1c00000| 99%| O|  |TAMS 0x00000000c1bffff0, 0x00000000c1b00000| Untracked 
|  28|0x00000000c1c00000, 0x00000000c1cda630, 0x00000000c1d00000| 85%| O|  |TAMS 0x00000000c1c00000, 0x00000000c1c00000| Untracked 
|  29|0x00000000c1d00000, 0x00000000c1d29930, 0x00000000c1e00000| 16%| O|  |TAMS 0x00000000c1d00000, 0x00000000c1d00000| Untracked 
|  30|0x00000000c1e00000, 0x00000000c1e00000, 0x00000000c1f00000|  0%| F|  |TAMS 0x00000000c1e00000, 0x00000000c1e00000| Untracked 
|  31|0x00000000c1f00000, 0x00000000c1f00000, 0x00000000c2000000|  0%| F|  |TAMS 0x00000000c1f00000, 0x00000000c1f00000| Untracked 
|  32|0x00000000c2000000, 0x00000000c2100000, 0x00000000c2100000|100%| O|  |TAMS 0x00000000c2100000, 0x00000000c2000000| Untracked 
|  33|0x00000000c2100000, 0x00000000c2200000, 0x00000000c2200000|100%| O|  |TAMS 0x00000000c2200000, 0x00000000c2100000| Untracked 
|  34|0x00000000c2200000, 0x00000000c2200000, 0x00000000c2300000|  0%| F|  |TAMS 0x00000000c2200000, 0x00000000c2200000| Untracked 
|  35|0x00000000c2300000, 0x00000000c2300000, 0x00000000c2400000|  0%| F|  |TAMS 0x00000000c2300000, 0x00000000c2300000| Untracked 
|  36|0x00000000c2400000, 0x00000000c2400000, 0x00000000c2500000|  0%| F|  |TAMS 0x00000000c2400000, 0x00000000c2400000| Untracked 
|  37|0x00000000c2500000, 0x00000000c2500000, 0x00000000c2600000|  0%| F|  |TAMS 0x00000000c2500000, 0x00000000c2500000| Untracked 
|  38|0x00000000c2600000, 0x00000000c2600000, 0x00000000c2700000|  0%| F|  |TAMS 0x00000000c2600000, 0x00000000c2600000| Untracked 
|  39|0x00000000c2700000, 0x00000000c2700000, 0x00000000c2800000|  0%| F|  |TAMS 0x00000000c2700000, 0x00000000c2700000| Untracked 
|  40|0x00000000c2800000, 0x00000000c2800000, 0x00000000c2900000|  0%| F|  |TAMS 0x00000000c2800000, 0x00000000c2800000| Untracked 
|  41|0x00000000c2900000, 0x00000000c2900000, 0x00000000c2a00000|  0%| F|  |TAMS 0x00000000c2900000, 0x00000000c2900000| Untracked 
|  42|0x00000000c2a00000, 0x00000000c2a00000, 0x00000000c2b00000|  0%| F|  |TAMS 0x00000000c2a00000, 0x00000000c2a00000| Untracked 
|  43|0x00000000c2b00000, 0x00000000c2b00000, 0x00000000c2c00000|  0%| F|  |TAMS 0x00000000c2b00000, 0x00000000c2b00000| Untracked 
|  44|0x00000000c2c00000, 0x00000000c2c00000, 0x00000000c2d00000|  0%| F|  |TAMS 0x00000000c2c00000, 0x00000000c2c00000| Untracked 
|  45|0x00000000c2d00000, 0x00000000c2d00000, 0x00000000c2e00000|  0%| F|  |TAMS 0x00000000c2d00000, 0x00000000c2d00000| Untracked 
|  46|0x00000000c2e00000, 0x00000000c2e00000, 0x00000000c2f00000|  0%| F|  |TAMS 0x00000000c2e00000, 0x00000000c2e00000| Untracked 
|  47|0x00000000c2f00000, 0x00000000c2f00000, 0x00000000c3000000|  0%| F|  |TAMS 0x00000000c2f00000, 0x00000000c2f00000| Untracked 
|  48|0x00000000c3000000, 0x00000000c3000000, 0x00000000c3100000|  0%| F|  |TAMS 0x00000000c3000000, 0x00000000c3000000| Untracked 
|  49|0x00000000c3100000, 0x00000000c3100000, 0x00000000c3200000|  0%| F|  |TAMS 0x00000000c3100000, 0x00000000c3100000| Untracked 
|  50|0x00000000c3200000, 0x00000000c3200000, 0x00000000c3300000|  0%| F|  |TAMS 0x00000000c3200000, 0x00000000c3200000| Untracked 
|  51|0x00000000c3300000, 0x00000000c3300000, 0x00000000c3400000|  0%| F|  |TAMS 0x00000000c3300000, 0x00000000c3300000| Untracked 
|  52|0x00000000c3400000, 0x00000000c3400000, 0x00000000c3500000|  0%| F|  |TAMS 0x00000000c3400000, 0x00000000c3400000| Untracked 
|  53|0x00000000c3500000, 0x00000000c3500000, 0x00000000c3600000|  0%| F|  |TAMS 0x00000000c3500000, 0x00000000c3500000| Untracked 
|  54|0x00000000c3600000, 0x00000000c3600000, 0x00000000c3700000|  0%| F|  |TAMS 0x00000000c3600000, 0x00000000c3600000| Untracked 
|  55|0x00000000c3700000, 0x00000000c3700000, 0x00000000c3800000|  0%| F|  |TAMS 0x00000000c3700000, 0x00000000c3700000| Untracked 
|  56|0x00000000c3800000, 0x00000000c3800000, 0x00000000c3900000|  0%| F|  |TAMS 0x00000000c3800000, 0x00000000c3800000| Untracked 
|  57|0x00000000c3900000, 0x00000000c3900000, 0x00000000c3a00000|  0%| F|  |TAMS 0x00000000c3900000, 0x00000000c3900000| Untracked 
|  58|0x00000000c3a00000, 0x00000000c3a00000, 0x00000000c3b00000|  0%| F|  |TAMS 0x00000000c3a00000, 0x00000000c3a00000| Untracked 
|  59|0x00000000c3b00000, 0x00000000c3b00000, 0x00000000c3c00000|  0%| F|  |TAMS 0x00000000c3b00000, 0x00000000c3b00000| Untracked 
|  60|0x00000000c3c00000, 0x00000000c3c00000, 0x00000000c3d00000|  0%| F|  |TAMS 0x00000000c3c00000, 0x00000000c3c00000| Untracked 
|  61|0x00000000c3d00000, 0x00000000c3d00000, 0x00000000c3e00000|  0%| F|  |TAMS 0x00000000c3d00000, 0x00000000c3d00000| Untracked 
|  62|0x00000000c3e00000, 0x00000000c3e00000, 0x00000000c3f00000|  0%| F|  |TAMS 0x00000000c3e00000, 0x00000000c3e00000| Untracked 
|  63|0x00000000c3f00000, 0x00000000c3f00000, 0x00000000c4000000|  0%| F|  |TAMS 0x00000000c3f00000, 0x00000000c3f00000| Untracked 
|  64|0x00000000c4000000, 0x00000000c4000000, 0x00000000c4100000|  0%| F|  |TAMS 0x00000000c4000000, 0x00000000c4000000| Untracked 
|  65|0x00000000c4100000, 0x00000000c4100000, 0x00000000c4200000|  0%| F|  |TAMS 0x00000000c4100000, 0x00000000c4100000| Untracked 
|  66|0x00000000c4200000, 0x00000000c4200000, 0x00000000c4300000|  0%| F|  |TAMS 0x00000000c4200000, 0x00000000c4200000| Untracked 
|  67|0x00000000c4300000, 0x00000000c4300000, 0x00000000c4400000|  0%| F|  |TAMS 0x00000000c4300000, 0x00000000c4300000| Untracked 
|  68|0x00000000c4400000, 0x00000000c4400000, 0x00000000c4500000|  0%| F|  |TAMS 0x00000000c4400000, 0x00000000c4400000| Untracked 
|  69|0x00000000c4500000, 0x00000000c4500000, 0x00000000c4600000|  0%| F|  |TAMS 0x00000000c4500000, 0x00000000c4500000| Untracked 
|  70|0x00000000c4600000, 0x00000000c4600000, 0x00000000c4700000|  0%| F|  |TAMS 0x00000000c4600000, 0x00000000c4600000| Untracked 
|  71|0x00000000c4700000, 0x00000000c4700000, 0x00000000c4800000|  0%| F|  |TAMS 0x00000000c4700000, 0x00000000c4700000| Untracked 
|  94|0x00000000c5e00000, 0x00000000c5e00000, 0x00000000c5f00000|  0%| F|  |TAMS 0x00000000c5e00000, 0x00000000c5e00000| Untracked 
|  95|0x00000000c5f00000, 0x00000000c5f00000, 0x00000000c6000000|  0%| F|  |TAMS 0x00000000c5f00000, 0x00000000c5f00000| Untracked 
|  96|0x00000000c6000000, 0x00000000c6000000, 0x00000000c6100000|  0%| F|  |TAMS 0x00000000c6000000, 0x00000000c6000000| Untracked 
|  98|0x00000000c6200000, 0x00000000c6200000, 0x00000000c6300000|  0%| F|  |TAMS 0x00000000c6200000, 0x00000000c6200000| Untracked 
|  99|0x00000000c6300000, 0x00000000c6300000, 0x00000000c6400000|  0%| F|  |TAMS 0x00000000c6300000, 0x00000000c6300000| Untracked 
| 121|0x00000000c7900000, 0x00000000c7900000, 0x00000000c7a00000|  0%| F|  |TAMS 0x00000000c7900000, 0x00000000c7900000| Untracked 
| 122|0x00000000c7a00000, 0x00000000c7a00000, 0x00000000c7b00000|  0%| F|  |TAMS 0x00000000c7a00000, 0x00000000c7a00000| Untracked 
| 123|0x00000000c7b00000, 0x00000000c7b18598, 0x00000000c7c00000|  9%| E|  |TAMS 0x00000000c7b00000, 0x00000000c7b00000| Complete 

Card table byte_map: [0x000001da5fcc0000,0x000001da5fec0000] _byte_map_base: 0x000001da5f6c0000

Marking Bits (Prev, Next): (CMBitMap*) 0x000001da59d58500, (CMBitMap*) 0x000001da59d58540
 Prev Bits: [0x000001da600c0000, 0x000001da610c0000)
 Next Bits: [0x000001da610c0000, 0x000001da620c0000)

Polling page: 0x000001da57e90000

Metaspace:

Usage:
  Non-class:     50.76 MB used.
      Class:      7.27 MB used.
       Both:     58.03 MB used.

Virtual space:
  Non-class space:       64.00 MB reserved,      51.25 MB ( 80%) committed,  1 nodes.
      Class space:        1.00 GB reserved,       7.56 MB ( <1%) committed,  1 nodes.
             Both:        1.06 GB reserved,      58.81 MB (  5%) committed. 

Chunk freelists:
   Non-Class:  12.81 MB
       Class:  8.43 MB
        Both:  21.24 MB

MaxMetaspaceSize: unlimited
CompressedClassSpaceSize: 1.00 GB
Initial GC threshold: 21.00 MB
Current GC threshold: 98.06 MB
CDS: off
MetaspaceReclaimPolicy: balanced
 - commit_granule_bytes: 65536.
 - commit_granule_words: 8192.
 - virtual_space_node_default_size: 8388608.
 - enlarge_chunks_in_place: 1.
 - new_chunks_are_fully_committed: 0.
 - uncommit_free_chunks: 1.
 - use_allocation_guard: 0.
 - handle_deallocations: 1.


Internal statistics:

num_allocs_failed_limit: 6.
num_arena_births: 642.
num_arena_deaths: 240.
num_vsnodes_births: 2.
num_vsnodes_deaths: 0.
num_space_committed: 940.
num_space_uncommitted: 0.
num_chunks_returned_to_freelist: 284.
num_chunks_taken_from_freelist: 2510.
num_chunk_merges: 95.
num_chunk_splits: 1741.
num_chunks_enlarged: 1296.
num_inconsistent_stats: 0.

CodeCache: size=49152Kb used=10744Kb max_used=11865Kb free=38408Kb
 bounds [0x000001da5c9b0000, 0x000001da5d550000, 0x000001da5f9b0000]
 total_blobs=6521 nmethods=5878 adapters=569
 compilation: enabled
              stopped_count=0, restarted_count=0
 full_count=0

Compilation events (20 events):
Event: 22.562 Thread 0x000001da69e32440 5867       1       com.google.gson.stream.JsonReader::beginObject (70 bytes)
Event: 22.562 Thread 0x000001da69160ff0 5868       1       com.google.gson.stream.JsonReader::endObject (100 bytes)
Event: 22.563 Thread 0x000001da69160ff0 nmethod 5868 0x000001da5d544290 code [0x000001da5d5444c0, 0x000001da5d5449d8]
Event: 22.563 Thread 0x000001da69e32440 nmethod 5867 0x000001da5d544d10 code [0x000001da5d544f40, 0x000001da5d5453c8]
Event: 22.600 Thread 0x000001da6900dcc0 5869   !   1       java.net.URI::create (23 bytes)
Event: 22.601 Thread 0x000001da6900dcc0 nmethod 5869 0x000001da5d545690 code [0x000001da5d545860, 0x000001da5d545c08]
Event: 22.608 Thread 0x000001da6900dcc0 5870       1       java.nio.file.FileSystems::getDefault (14 bytes)
Event: 22.608 Thread 0x000001da6900dcc0 nmethod 5870 0x000001da5d545d90 code [0x000001da5d545f20, 0x000001da5d546038]
Event: 22.620 Thread 0x000001da69e32440 5871       1       org.springframework.ide.vscode.commons.java.ClasspathData::getClasspathEntries (5 bytes)
Event: 22.620 Thread 0x000001da69e32440 nmethod 5871 0x000001da5d546110 code [0x000001da5d5462a0, 0x000001da5d546378]
Event: 23.111 Thread 0x000001da6900dcc0 5872       1       com.google.common.cache.LocalCache$StrongValueReference::get (5 bytes)
Event: 23.112 Thread 0x000001da6900dcc0 nmethod 5872 0x000001da5d546410 code [0x000001da5d5465a0, 0x000001da5d546678]
Event: 23.126 Thread 0x000001da69160ff0 5873       1       org.eclipse.lsp4j.Location::getUri (5 bytes)
Event: 23.126 Thread 0x000001da69160ff0 nmethod 5873 0x000001da5ced1790 code [0x000001da5ced1920, 0x000001da5ced19f8]
Event: 23.803 Thread 0x000001da69160ff0 5874       1       java.util.concurrent.ThreadPoolExecutor::runStateAtLeast (11 bytes)
Event: 23.804 Thread 0x000001da69160ff0 nmethod 5874 0x000001da5ced1490 code [0x000001da5ced1620, 0x000001da5ced16d8]
Event: 70.859 Thread 0x000001da6900dcc0 5877       1       java.util.concurrent.locks.AbstractQueuedSynchronizer::release (19 bytes)
Event: 70.860 Thread 0x000001da6900dcc0 nmethod 5877 0x000001da5ced0990 code [0x000001da5ced0b40, 0x000001da5ced0d38]
Event: 80.858 Thread 0x000001da6900dcc0 5878       1       java.util.concurrent.ThreadPoolExecutor::workerCountOf (5 bytes)
Event: 80.859 Thread 0x000001da6900dcc0 nmethod 5878 0x000001da5ced0690 code [0x000001da5ced0820, 0x000001da5ced08d8]

GC Heap History (20 events):
Event: 14.719 GC heap after
{Heap after GC invocations=11 (full 0):
 garbage-first heap   total 81920K, used 41374K [0x00000000c0000000, 0x0000000100000000)
  region size 1024K, 4 young (4096K), 4 survivors (4096K)
 Metaspace       used 50116K, committed 50560K, reserved 1114112K
  class space    used 6264K, committed 6464K, reserved 1048576K
}
Event: 15.938 GC heap before
{Heap before GC invocations=11 (full 0):
 garbage-first heap   total 81920K, used 60830K [0x00000000c0000000, 0x0000000100000000)
  region size 1024K, 23 young (23552K), 4 survivors (4096K)
 Metaspace       used 55032K, committed 55488K, reserved 1114112K
  class space    used 6891K, committed 7104K, reserved 1048576K
}
Event: 15.946 GC heap after
{Heap after GC invocations=12 (full 0):
 garbage-first heap   total 81920K, used 42856K [0x00000000c0000000, 0x0000000100000000)
  region size 1024K, 2 young (2048K), 2 survivors (2048K)
 Metaspace       used 55032K, committed 55488K, reserved 1114112K
  class space    used 6891K, committed 7104K, reserved 1048576K
}
Event: 16.983 GC heap before
{Heap before GC invocations=13 (full 0):
 garbage-first heap   total 81920K, used 62312K [0x00000000c0000000, 0x0000000100000000)
  region size 1024K, 21 young (21504K), 2 survivors (2048K)
 Metaspace       used 56684K, committed 57152K, reserved 1114112K
  class space    used 7110K, committed 7360K, reserved 1048576K
}
Event: 16.989 GC heap after
{Heap after GC invocations=14 (full 0):
 garbage-first heap   total 81920K, used 44289K [0x00000000c0000000, 0x0000000100000000)
  region size 1024K, 3 young (3072K), 3 survivors (3072K)
 Metaspace       used 56684K, committed 57152K, reserved 1114112K
  class space    used 7110K, committed 7360K, reserved 1048576K
}
Event: 17.865 GC heap before
{Heap before GC invocations=14 (full 0):
 garbage-first heap   total 81920K, used 62721K [0x00000000c0000000, 0x0000000100000000)
  region size 1024K, 22 young (22528K), 3 survivors (3072K)
 Metaspace       used 59023K, committed 59520K, reserved 1114112K
  class space    used 7388K, committed 7616K, reserved 1048576K
}
Event: 17.872 GC heap after
{Heap after GC invocations=15 (full 0):
 garbage-first heap   total 81920K, used 45917K [0x00000000c0000000, 0x0000000100000000)
  region size 1024K, 3 young (3072K), 3 survivors (3072K)
 Metaspace       used 59023K, committed 59520K, reserved 1114112K
  class space    used 7388K, committed 7616K, reserved 1048576K
}
Event: 61.393 GC heap before
{Heap before GC invocations=16 (full 0):
 garbage-first heap   total 81920K, used 61277K [0x00000000c0000000, 0x0000000100000000)
  region size 1024K, 19 young (19456K), 3 survivors (3072K)
 Metaspace       used 59686K, committed 60224K, reserved 1114112K
  class space    used 7509K, committed 7744K, reserved 1048576K
}
Event: 61.487 GC heap after
{Heap after GC invocations=17 (full 1):
 garbage-first heap   total 81920K, used 41744K [0x00000000c0000000, 0x0000000100000000)
  region size 1024K, 0 young (0K), 0 survivors (0K)
 Metaspace       used 59686K, committed 60224K, reserved 1114112K
  class space    used 7509K, committed 7744K, reserved 1048576K
}
Event: 71.761 GC heap before
{Heap before GC invocations=17 (full 1):
 garbage-first heap   total 81920K, used 41744K [0x00000000c0000000, 0x0000000100000000)
  region size 1024K, 1 young (1024K), 0 survivors (0K)
 Metaspace       used 59686K, committed 60224K, reserved 1114112K
  class space    used 7509K, committed 7744K, reserved 1048576K
}
Event: 71.986 GC heap after
{Heap after GC invocations=18 (full 2):
 garbage-first heap   total 81920K, used 31735K [0x00000000c0000000, 0x0000000100000000)
  region size 1024K, 0 young (0K), 0 survivors (0K)
 Metaspace       used 59423K, committed 60224K, reserved 1114112K
  class space    used 7448K, committed 7744K, reserved 1048576K
}
Event: 82.322 GC heap before
{Heap before GC invocations=18 (full 2):
 garbage-first heap   total 81920K, used 31735K [0x00000000c0000000, 0x0000000100000000)
  region size 1024K, 1 young (1024K), 0 survivors (0K)
 Metaspace       used 59423K, committed 60224K, reserved 1114112K
  class space    used 7448K, committed 7744K, reserved 1048576K
}
Event: 82.369 GC heap after
{Heap after GC invocations=19 (full 3):
 garbage-first heap   total 81920K, used 31735K [0x00000000c0000000, 0x0000000100000000)
  region size 1024K, 0 young (0K), 0 survivors (0K)
 Metaspace       used 59423K, committed 60224K, reserved 1114112K
  class space    used 7448K, committed 7744K, reserved 1048576K
}
Event: 92.616 GC heap before
{Heap before GC invocations=19 (full 3):
 garbage-first heap   total 81920K, used 31735K [0x00000000c0000000, 0x0000000100000000)
  region size 1024K, 1 young (1024K), 0 survivors (0K)
 Metaspace       used 59423K, committed 60224K, reserved 1114112K
  class space    used 7448K, committed 7744K, reserved 1048576K
}
Event: 92.659 GC heap after
{Heap after GC invocations=20 (full 4):
 garbage-first heap   total 81920K, used 31735K [0x00000000c0000000, 0x0000000100000000)
  region size 1024K, 0 young (0K), 0 survivors (0K)
 Metaspace       used 59423K, committed 60224K, reserved 1114112K
  class space    used 7448K, committed 7744K, reserved 1048576K
}
Event: 102.842 GC heap before
{Heap before GC invocations=20 (full 4):
 garbage-first heap   total 81920K, used 31735K [0x00000000c0000000, 0x0000000100000000)
  region size 1024K, 1 young (1024K), 0 survivors (0K)
 Metaspace       used 59423K, committed 60224K, reserved 1114112K
  class space    used 7448K, committed 7744K, reserved 1048576K
}
Event: 102.876 GC heap after
{Heap after GC invocations=21 (full 5):
 garbage-first heap   total 81920K, used 31735K [0x00000000c0000000, 0x0000000100000000)
  region size 1024K, 0 young (0K), 0 survivors (0K)
 Metaspace       used 59423K, committed 60224K, reserved 1114112K
  class space    used 7448K, committed 7744K, reserved 1048576K
}
Event: 113.040 GC heap before
{Heap before GC invocations=21 (full 5):
 garbage-first heap   total 81920K, used 31735K [0x00000000c0000000, 0x0000000100000000)
  region size 1024K, 1 young (1024K), 0 survivors (0K)
 Metaspace       used 59423K, committed 60224K, reserved 1114112K
  class space    used 7448K, committed 7744K, reserved 1048576K
}
Event: 113.067 GC heap after
{Heap after GC invocations=22 (full 6):
 garbage-first heap   total 81920K, used 31735K [0x00000000c0000000, 0x0000000100000000)
  region size 1024K, 0 young (0K), 0 survivors (0K)
 Metaspace       used 59423K, committed 60224K, reserved 1114112K
  class space    used 7448K, committed 7744K, reserved 1048576K
}
Event: 123.134 GC heap before
{Heap before GC invocations=22 (full 6):
 garbage-first heap   total 81920K, used 31735K [0x00000000c0000000, 0x0000000100000000)
  region size 1024K, 1 young (1024K), 0 survivors (0K)
 Metaspace       used 59423K, committed 60224K, reserved 1114112K
  class space    used 7448K, committed 7744K, reserved 1048576K
}

Dll operation events (10 events):
Event: 0.014 Loaded shared library c:\Users\admin\.vscode\extensions\redhat.java-1.35.0-win32-x64\jre\17.0.12-win32-x86_64\bin\java.dll
Event: 0.689 Loaded shared library C:\Users\admin\.vscode\extensions\redhat.java-1.35.0-win32-x64\jre\17.0.12-win32-x86_64\bin\net.dll
Event: 0.702 Loaded shared library C:\Users\admin\.vscode\extensions\redhat.java-1.35.0-win32-x64\jre\17.0.12-win32-x86_64\bin\nio.dll
Event: 0.953 Loaded shared library C:\Users\admin\.vscode\extensions\redhat.java-1.35.0-win32-x64\jre\17.0.12-win32-x86_64\bin\zip.dll
Event: 2.705 Loaded shared library C:\Users\admin\.vscode\extensions\redhat.java-1.35.0-win32-x64\jre\17.0.12-win32-x86_64\bin\jimage.dll
Event: 5.900 Loaded shared library c:\Users\admin\.vscode\extensions\redhat.java-1.35.0-win32-x64\jre\17.0.12-win32-x86_64\bin\verify.dll
Event: 11.149 Loaded shared library C:\Users\admin\.vscode\extensions\redhat.java-1.35.0-win32-x64\jre\17.0.12-win32-x86_64\bin\management.dll
Event: 11.155 Loaded shared library C:\Users\admin\.vscode\extensions\redhat.java-1.35.0-win32-x64\jre\17.0.12-win32-x86_64\bin\management_ext.dll
Event: 13.902 Loaded shared library C:\Users\admin\.vscode\extensions\redhat.java-1.35.0-win32-x64\jre\17.0.12-win32-x86_64\bin\sunmscapi.dll
Event: 13.987 Loaded shared library C:\Users\admin\.vscode\extensions\redhat.java-1.35.0-win32-x64\jre\17.0.12-win32-x86_64\bin\extnet.dll

Deoptimization events (18 events):
Event: 12.709 Thread 0x000001da690b6da0 DEOPT PACKING pc=0x000001da5ce3a501 sp=0x00000084040fd950
Event: 12.709 Thread 0x000001da690b6da0 DEOPT UNPACKING pc=0x000001da5ca0ace3 sp=0x00000084040fcde0 mode 3
Event: 12.709 Thread 0x000001da690b5450 DEOPT PACKING pc=0x000001da5ce15b17 sp=0x00000084044feed0
Event: 12.709 Thread 0x000001da690b5450 DEOPT UNPACKING pc=0x000001da5ca0ace3 sp=0x00000084044fe328 mode 3
Event: 13.648 Thread 0x000001da690b5e70 DEOPT PACKING pc=0x000001da5cd2c08c sp=0x00000084046fab60
Event: 13.648 Thread 0x000001da690b5e70 DEOPT UNPACKING pc=0x000001da5ca0ace3 sp=0x00000084046fa028 mode 0
Event: 14.058 Thread 0x000001da690b5e70 DEOPT PACKING pc=0x000001da5cc6fb54 sp=0x00000084046fc060
Event: 14.058 Thread 0x000001da690b5e70 DEOPT UNPACKING pc=0x000001da5ca0ace3 sp=0x00000084046fb580 mode 0
Event: 14.058 Thread 0x000001da690b5e70 DEOPT PACKING pc=0x000001da5cc56c3c sp=0x00000084046fc200
Event: 14.058 Thread 0x000001da690b5e70 DEOPT UNPACKING pc=0x000001da5ca0ace3 sp=0x00000084046fb760 mode 0
Event: 14.059 Thread 0x000001da690b5e70 DEOPT PACKING pc=0x000001da5cc56d2c sp=0x00000084046fdb80
Event: 14.059 Thread 0x000001da690b5e70 DEOPT UNPACKING pc=0x000001da5ca0ace3 sp=0x00000084046fd058 mode 0
Event: 18.338 Thread 0x000001da690b5450 DEOPT PACKING pc=0x000001da5d4dce0c sp=0x00000084044fe320
Event: 18.338 Thread 0x000001da690b5450 DEOPT UNPACKING pc=0x000001da5ca0ace3 sp=0x00000084044fd8a0 mode 0
Event: 18.338 Thread 0x000001da690b5450 DEOPT PACKING pc=0x000001da5d4dce0c sp=0x00000084044fe580
Event: 18.338 Thread 0x000001da690b5450 DEOPT UNPACKING pc=0x000001da5ca0ace3 sp=0x00000084044fdb00 mode 0
Event: 18.347 Thread 0x000001da690b5450 DEOPT PACKING pc=0x000001da5d4dce0c sp=0x00000084044fe9d0
Event: 18.347 Thread 0x000001da690b5450 DEOPT UNPACKING pc=0x000001da5ca0ace3 sp=0x00000084044fdf50 mode 0

Classes loaded (20 events):
Event: 19.362 Loading class java/util/LinkedList$LLSpliterator
Event: 19.363 Loading class java/util/LinkedList$LLSpliterator done
Event: 22.162 Loading class java/util/concurrent/CompletableFuture$DelayedExecutor
Event: 22.162 Loading class java/util/concurrent/CompletableFuture$DelayedExecutor done
Event: 22.162 Loading class java/util/concurrent/CompletableFuture$TaskSubmitter
Event: 22.162 Loading class java/util/concurrent/CompletableFuture$TaskSubmitter done
Event: 22.162 Loading class java/util/concurrent/CompletableFuture$Delayer
Event: 22.163 Loading class java/util/concurrent/CompletableFuture$Delayer done
Event: 22.163 Loading class java/util/concurrent/CompletableFuture$Delayer$DaemonThreadFactory
Event: 22.163 Loading class java/util/concurrent/CompletableFuture$Delayer$DaemonThreadFactory done
Event: 61.115 Loading class java/lang/ProcessBuilder
Event: 61.119 Loading class java/lang/ProcessBuilder done
Event: 61.119 Loading class java/lang/ProcessImpl
Event: 61.120 Loading class java/lang/ProcessImpl done
Event: 61.140 Loading class java/lang/ProcessImpl$2
Event: 61.141 Loading class java/lang/ProcessImpl$2 done
Event: 61.141 Loading class java/lang/Process$PipeInputStream
Event: 61.142 Loading class java/lang/Process$PipeInputStream done
Event: 61.148 Loading class jdk/internal/event/ProcessStartEvent
Event: 61.150 Loading class jdk/internal/event/ProcessStartEvent done

Classes unloaded (20 events):
Event: 71.797 Thread 0x000001da64b4b320 Unloading class 0x00000001000d4800 'java/lang/invoke/LambdaForm$MH+0x00000001000d4800'
Event: 71.797 Thread 0x000001da64b4b320 Unloading class 0x00000001000d4400 'java/lang/invoke/LambdaForm$MH+0x00000001000d4400'
Event: 71.797 Thread 0x000001da64b4b320 Unloading class 0x00000001000ce800 'java/lang/invoke/LambdaForm$MH+0x00000001000ce800'
Event: 71.797 Thread 0x000001da64b4b320 Unloading class 0x00000001000ce400 'java/lang/invoke/LambdaForm$MH+0x00000001000ce400'
Event: 71.797 Thread 0x000001da64b4b320 Unloading class 0x00000001000ce000 'java/lang/invoke/LambdaForm$MH+0x00000001000ce000'
Event: 71.797 Thread 0x000001da64b4b320 Unloading class 0x00000001000cdc00 'java/lang/invoke/LambdaForm$MH+0x00000001000cdc00'
Event: 71.797 Thread 0x000001da64b4b320 Unloading class 0x00000001000cd800 'java/lang/invoke/LambdaForm$MH+0x00000001000cd800'
Event: 71.797 Thread 0x000001da64b4b320 Unloading class 0x00000001000cd400 'java/lang/invoke/LambdaForm$MH+0x00000001000cd400'
Event: 71.797 Thread 0x000001da64b4b320 Unloading class 0x00000001000ccc00 'java/lang/invoke/LambdaForm$MH+0x00000001000ccc00'
Event: 71.797 Thread 0x000001da64b4b320 Unloading class 0x00000001000cc800 'java/lang/invoke/LambdaForm$MH+0x00000001000cc800'
Event: 71.797 Thread 0x000001da64b4b320 Unloading class 0x00000001000cc000 'java/lang/invoke/LambdaForm$MH+0x00000001000cc000'
Event: 71.797 Thread 0x000001da64b4b320 Unloading class 0x00000001000cbc00 'java/lang/invoke/LambdaForm$MH+0x00000001000cbc00'
Event: 71.797 Thread 0x000001da64b4b320 Unloading class 0x00000001000cac00 'java/lang/invoke/LambdaForm$MH+0x00000001000cac00'
Event: 71.797 Thread 0x000001da64b4b320 Unloading class 0x00000001000ca400 'java/lang/invoke/LambdaForm$MH+0x00000001000ca400'
Event: 71.797 Thread 0x000001da64b4b320 Unloading class 0x00000001000ca000 'java/lang/invoke/LambdaForm$MH+0x00000001000ca000'
Event: 71.797 Thread 0x000001da64b4b320 Unloading class 0x00000001000c9c00 'java/lang/invoke/LambdaForm$MH+0x00000001000c9c00'
Event: 71.797 Thread 0x000001da64b4b320 Unloading class 0x00000001000c9800 'java/lang/invoke/LambdaForm$MH+0x00000001000c9800'
Event: 71.797 Thread 0x000001da64b4b320 Unloading class 0x00000001000c9400 'java/lang/invoke/LambdaForm$MH+0x00000001000c9400'
Event: 71.797 Thread 0x000001da64b4b320 Unloading class 0x00000001000c8c00 'java/lang/invoke/LambdaForm$MH+0x00000001000c8c00'
Event: 71.797 Thread 0x000001da64b4b320 Unloading class 0x00000001000c8400 'java/lang/invoke/LambdaForm$MH+0x00000001000c8400'

Classes redefined (0 events):
No events

Internal exceptions (20 events):
Event: 13.478 Thread 0x000001da690b5e70 Exception <a 'sun/nio/fs/WindowsException'{0x00000000c4196b28}> (0x00000000c4196b28) 
thrown [s\src\hotspot\share\prims\jni.cpp, line 516]
Event: 14.087 Thread 0x000001da690b5450 Exception <a 'java/lang/NoSuchMethodError'{0x00000000c5fd9170}: 'java.lang.Object java.lang.invoke.Invokers$Holder.invoke_MT(java.lang.Object, java.lang.Object, java.lang.Object)'> (0x00000000c5fd9170) 
thrown [s\src\hotspot\share\interpreter\linkResolver.cpp, line 759]
Event: 14.129 Thread 0x000001da690b5e70 Exception <a 'java/lang/NoSuchMethodError'{0x00000000c475c160}: 'void java.lang.invoke.DirectMethodHandle$Holder.invokeStatic(java.lang.Object, java.lang.Object, java.lang.Object, java.lang.Object, java.lang.Object, java.lang.Object, java.lang.Object)'> (0x00000000c475c160) 
thrown [s\src\hotspot\share\interpreter\linkResolver.cpp, line 759]
Event: 14.615 Thread 0x000001da690b6890 Exception <a 'java/lang/NoSuchMethodError'{0x00000000c3863518}: 'int java.lang.invoke.DirectMethodHandle$Holder.invokeStatic(java.lang.Object, int, java.lang.Object)'> (0x00000000c3863518) 
thrown [s\src\hotspot\share\interpreter\linkResolver.cpp, line 759]
Event: 14.852 Thread 0x000001da690b72b0 Exception <a 'java/lang/NoSuchMethodError'{0x00000000c798b508}: 'void java.lang.invoke.DirectMethodHandle$Holder.invokeInterface(java.lang.Object, java.lang.Object)'> (0x00000000c798b508) 
thrown [s\src\hotspot\share\interpreter\linkResolver.cpp, line 759]
Event: 15.950 Thread 0x000001da690b5450 Exception <a 'java/lang/IncompatibleClassChangeError'{0x00000000c7b117c0}: Found class java.lang.Object, but interface was expected> (0x00000000c7b117c0) 
thrown [s\src\hotspot\share\interpreter\linkResolver.cpp, line 826]
Event: 18.448 Thread 0x000001da690b5450 Exception <a 'sun/nio/fs/WindowsException'{0x00000000c4245b00}> (0x00000000c4245b00) 
thrown [s\src\hotspot\share\prims\jni.cpp, line 516]
Event: 18.449 Thread 0x000001da690b5450 Exception <a 'sun/nio/fs/WindowsException'{0x00000000c4246650}> (0x00000000c4246650) 
thrown [s\src\hotspot\share\prims\jni.cpp, line 516]
Event: 18.449 Thread 0x000001da690b5450 Exception <a 'sun/nio/fs/WindowsException'{0x00000000c4247150}> (0x00000000c4247150) 
thrown [s\src\hotspot\share\prims\jni.cpp, line 516]
Event: 18.449 Thread 0x000001da690b5450 Exception <a 'sun/nio/fs/WindowsException'{0x00000000c4247ca0}> (0x00000000c4247ca0) 
thrown [s\src\hotspot\share\prims\jni.cpp, line 516]
Event: 18.450 Thread 0x000001da690b5450 Exception <a 'sun/nio/fs/WindowsException'{0x00000000c42488c0}> (0x00000000c42488c0) 
thrown [s\src\hotspot\share\prims\jni.cpp, line 516]
Event: 18.451 Thread 0x000001da690b5450 Exception <a 'sun/nio/fs/WindowsException'{0x00000000c4249548}> (0x00000000c4249548) 
thrown [s\src\hotspot\share\prims\jni.cpp, line 516]
Event: 18.452 Thread 0x000001da690b5450 Exception <a 'sun/nio/fs/WindowsException'{0x00000000c4250a00}> (0x00000000c4250a00) 
thrown [s\src\hotspot\share\prims\jni.cpp, line 516]
Event: 18.453 Thread 0x000001da690b5450 Exception <a 'sun/nio/fs/WindowsException'{0x00000000c4251550}> (0x00000000c4251550) 
thrown [s\src\hotspot\share\prims\jni.cpp, line 516]
Event: 18.453 Thread 0x000001da690b5450 Exception <a 'sun/nio/fs/WindowsException'{0x00000000c4252050}> (0x00000000c4252050) 
thrown [s\src\hotspot\share\prims\jni.cpp, line 516]
Event: 18.453 Thread 0x000001da690b5450 Exception <a 'sun/nio/fs/WindowsException'{0x00000000c4252ba0}> (0x00000000c4252ba0) 
thrown [s\src\hotspot\share\prims\jni.cpp, line 516]
Event: 18.453 Thread 0x000001da690b5450 Exception <a 'sun/nio/fs/WindowsException'{0x00000000c42537c0}> (0x00000000c42537c0) 
thrown [s\src\hotspot\share\prims\jni.cpp, line 516]
Event: 18.453 Thread 0x000001da690b5450 Exception <a 'sun/nio/fs/WindowsException'{0x00000000c4254448}> (0x00000000c4254448) 
thrown [s\src\hotspot\share\prims\jni.cpp, line 516]
Event: 61.137 Thread 0x000001da6a840440 Exception <a 'java/lang/NoSuchMethodError'{0x00000000c41725d0}: 'void java.lang.invoke.DirectMethodHandle$Holder.invokeStatic(java.lang.Object, long)'> (0x00000000c41725d0) 
thrown [s\src\hotspot\share\interpreter\linkResolver.cpp, line 759]
Event: 61.139 Thread 0x000001da6a840440 Exception <a 'java/lang/NoSuchMethodError'{0x00000000c4177980}: 'java.lang.Object java.lang.invoke.DirectMethodHandle$Holder.newInvokeSpecial(java.lang.Object, long)'> (0x00000000c4177980) 
thrown [s\src\hotspot\share\interpreter\linkResolver.cpp, line 759]

VM Operations (20 events):
Event: 23.400 Executing VM operation: Cleanup done
Event: 60.018 Executing VM operation: HandshakeAllThreads
Event: 60.019 Executing VM operation: HandshakeAllThreads done
Event: 61.147 Executing VM operation: HandshakeAllThreads
Event: 61.148 Executing VM operation: HandshakeAllThreads done
Event: 61.392 Executing VM operation: G1CollectFull
Event: 61.487 Executing VM operation: G1CollectFull done
Event: 71.761 Executing VM operation: G1CollectFull
Event: 71.986 Executing VM operation: G1CollectFull done
Event: 72.991 Executing VM operation: Cleanup
Event: 72.991 Executing VM operation: Cleanup done
Event: 82.322 Executing VM operation: G1CollectFull
Event: 82.369 Executing VM operation: G1CollectFull done
Event: 92.616 Executing VM operation: G1CollectFull
Event: 92.659 Executing VM operation: G1CollectFull done
Event: 102.842 Executing VM operation: G1CollectFull
Event: 102.876 Executing VM operation: G1CollectFull done
Event: 113.040 Executing VM operation: G1CollectFull
Event: 113.067 Executing VM operation: G1CollectFull done
Event: 123.134 Executing VM operation: G1CollectFull

Events (20 events):
Event: 16.915 Thread 0x000001da6a36def0 Thread added: 0x000001da6a36def0
Event: 17.140 Thread 0x000001da6a3720c0 Thread added: 0x000001da6a3720c0
Event: 17.187 Thread 0x000001da6a370c80 Thread added: 0x000001da6a370c80
Event: 17.224 Thread 0x000001da6a372ff0 Thread added: 0x000001da6a372ff0
Event: 19.370 Thread 0x000001da690b6890 Thread exited: 0x000001da690b6890
Event: 19.370 Thread 0x000001da690b3b00 Thread exited: 0x000001da690b3b00
Event: 19.370 Thread 0x000001da690b72b0 Thread exited: 0x000001da690b72b0
Event: 20.129 Thread 0x000001da6a36def0 Thread exited: 0x000001da6a36def0
Event: 20.131 Thread 0x000001da690b4a30 Thread exited: 0x000001da690b4a30
Event: 20.134 Thread 0x000001da690b4010 Thread exited: 0x000001da690b4010
Event: 20.641 Thread 0x000001da6a3720c0 Thread exited: 0x000001da6a3720c0
Event: 20.645 Thread 0x000001da6a372ff0 Thread exited: 0x000001da6a372ff0
Event: 20.646 Thread 0x000001da6a370c80 Thread exited: 0x000001da6a370c80
Event: 22.163 Thread 0x000001da690b4010 Thread added: 0x000001da690b4010
Event: 23.126 Thread 0x000001da69e32440 Thread exited: 0x000001da69e32440
Event: 28.809 Thread 0x000001da69160ff0 Thread exited: 0x000001da69160ff0
Event: 30.858 Thread 0x000001da690b5e70 Thread exited: 0x000001da690b5e70
Event: 72.290 Thread 0x000001da690b4520 Thread exited: 0x000001da690b4520
Event: 75.324 Thread 0x000001da690b4f40 Thread exited: 0x000001da690b4f40
Event: 83.252 Thread 0x000001da6a255b20 Thread exited: 0x000001da6a255b20


Dynamic libraries:
0x00007ff75bbf0000 - 0x00007ff75bbfe000 	c:\Users\admin\.vscode\extensions\redhat.java-1.35.0-win32-x64\jre\17.0.12-win32-x86_64\bin\java.exe
0x00007ff9335d0000 - 0x00007ff9337e7000 	C:\Windows\SYSTEM32\ntdll.dll
0x00007ff931ae0000 - 0x00007ff931ba4000 	C:\Windows\System32\KERNEL32.DLL
0x00007ff930b60000 - 0x00007ff930f17000 	C:\Windows\System32\KERNELBASE.dll
0x00007ff930a40000 - 0x00007ff930b51000 	C:\Windows\System32\ucrtbase.dll
0x00007ff8f82a0000 - 0x00007ff8f82b7000 	c:\Users\admin\.vscode\extensions\redhat.java-1.35.0-win32-x64\jre\17.0.12-win32-x86_64\bin\jli.dll
0x00007ff932680000 - 0x00007ff93282f000 	C:\Windows\System32\USER32.dll
0x00007ff930a10000 - 0x00007ff930a36000 	C:\Windows\System32\win32u.dll
0x00007ff932830000 - 0x00007ff932859000 	C:\Windows\System32\GDI32.dll
0x00007ff931160000 - 0x00007ff931278000 	C:\Windows\System32\gdi32full.dll
0x00007ff930f20000 - 0x00007ff930fba000 	C:\Windows\System32\msvcp_win.dll
0x00007ff8f8040000 - 0x00007ff8f805b000 	c:\Users\admin\.vscode\extensions\redhat.java-1.35.0-win32-x64\jre\17.0.12-win32-x86_64\bin\VCRUNTIME140.dll
0x00007ff914090000 - 0x00007ff914323000 	C:\Windows\WinSxS\amd64_microsoft.windows.common-controls_6595b64144ccf1df_6.0.22621.3672_none_2713b9d173822955\COMCTL32.dll
0x00007ff932cc0000 - 0x00007ff932d67000 	C:\Windows\System32\msvcrt.dll
0x00007ff931300000 - 0x00007ff931331000 	C:\Windows\System32\IMM32.DLL
0x00007ff8f8030000 - 0x00007ff8f803c000 	c:\Users\admin\.vscode\extensions\redhat.java-1.35.0-win32-x64\jre\17.0.12-win32-x86_64\bin\vcruntime140_1.dll
0x00007ff876030000 - 0x00007ff8760bd000 	c:\Users\admin\.vscode\extensions\redhat.java-1.35.0-win32-x64\jre\17.0.12-win32-x86_64\bin\msvcp140.dll
0x00007ff85c840000 - 0x00007ff85d4aa000 	c:\Users\admin\.vscode\extensions\redhat.java-1.35.0-win32-x64\jre\17.0.12-win32-x86_64\bin\server\jvm.dll
0x00007ff932a20000 - 0x00007ff932ad2000 	C:\Windows\System32\ADVAPI32.dll
0x00007ff931d60000 - 0x00007ff931e08000 	C:\Windows\System32\sechost.dll
0x00007ff931130000 - 0x00007ff931158000 	C:\Windows\System32\bcrypt.dll
0x00007ff931340000 - 0x00007ff931454000 	C:\Windows\System32\RPCRT4.dll
0x00007ff933430000 - 0x00007ff9334a1000 	C:\Windows\System32\WS2_32.dll
0x00007ff92f760000 - 0x00007ff92f7ad000 	C:\Windows\SYSTEM32\POWRPROF.dll
0x00007ff928330000 - 0x00007ff928364000 	C:\Windows\SYSTEM32\WINMM.dll
0x00007ff927900000 - 0x00007ff92790a000 	C:\Windows\SYSTEM32\VERSION.dll
0x00007ff92f740000 - 0x00007ff92f753000 	C:\Windows\SYSTEM32\UMPDC.dll
0x00007ff92f9f0000 - 0x00007ff92fa08000 	C:\Windows\SYSTEM32\kernel.appcore.dll
0x00007ff8f7f60000 - 0x00007ff8f7f6a000 	c:\Users\admin\.vscode\extensions\redhat.java-1.35.0-win32-x64\jre\17.0.12-win32-x86_64\bin\jimage.dll
0x00007ff92e390000 - 0x00007ff92e5c2000 	C:\Windows\SYSTEM32\DBGHELP.DLL
0x00007ff9330a0000 - 0x00007ff93342e000 	C:\Windows\System32\combase.dll
0x00007ff9334b0000 - 0x00007ff933587000 	C:\Windows\System32\OLEAUT32.dll
0x00007ff8fa630000 - 0x00007ff8fa662000 	C:\Windows\SYSTEM32\dbgcore.DLL
0x00007ff931280000 - 0x00007ff9312fb000 	C:\Windows\System32\bcryptPrimitives.dll
0x00007ff8f70d0000 - 0x00007ff8f70f5000 	c:\Users\admin\.vscode\extensions\redhat.java-1.35.0-win32-x64\jre\17.0.12-win32-x86_64\bin\java.dll
0x00007ff8f70b0000 - 0x00007ff8f70c8000 	c:\Users\admin\.vscode\extensions\redhat.java-1.35.0-win32-x64\jre\17.0.12-win32-x86_64\bin\zip.dll
0x00007ff931e10000 - 0x00007ff932679000 	C:\Windows\System32\SHELL32.dll
0x00007ff92e810000 - 0x00007ff92f10f000 	C:\Windows\SYSTEM32\windows.storage.dll
0x00007ff92e6d0000 - 0x00007ff92e80f000 	C:\Windows\SYSTEM32\wintypes.dll
0x00007ff932f40000 - 0x00007ff933039000 	C:\Windows\System32\SHCORE.dll
0x00007ff931c30000 - 0x00007ff931c8e000 	C:\Windows\System32\shlwapi.dll
0x00007ff930810000 - 0x00007ff930837000 	C:\Windows\SYSTEM32\profapi.dll
0x00007ff8f7090000 - 0x00007ff8f70a9000 	C:\Users\admin\.vscode\extensions\redhat.java-1.35.0-win32-x64\jre\17.0.12-win32-x86_64\bin\net.dll
0x00007ff929a10000 - 0x00007ff929b46000 	C:\Windows\SYSTEM32\WINHTTP.dll
0x00007ff92fe70000 - 0x00007ff92fed9000 	C:\Windows\system32\mswsock.dll
0x00007ff8ce6e0000 - 0x00007ff8ce6f6000 	C:\Users\admin\.vscode\extensions\redhat.java-1.35.0-win32-x64\jre\17.0.12-win32-x86_64\bin\nio.dll
0x00007ff8e08b0000 - 0x00007ff8e08c0000 	c:\Users\admin\.vscode\extensions\redhat.java-1.35.0-win32-x64\jre\17.0.12-win32-x86_64\bin\verify.dll
0x00007ff9300e0000 - 0x00007ff9300fb000 	C:\Windows\SYSTEM32\CRYPTSP.dll
0x00007ff92f950000 - 0x00007ff92f985000 	C:\Windows\system32\rsaenh.dll
0x00007ff92ff80000 - 0x00007ff92ffa8000 	C:\Windows\SYSTEM32\USERENV.dll
0x00007ff930100000 - 0x00007ff93010c000 	C:\Windows\SYSTEM32\CRYPTBASE.dll
0x00007ff92f3e0000 - 0x00007ff92f40d000 	C:\Windows\SYSTEM32\IPHLPAPI.DLL
0x00007ff932c90000 - 0x00007ff932c99000 	C:\Windows\System32\NSI.dll
0x00007ff929b50000 - 0x00007ff929b69000 	C:\Windows\SYSTEM32\dhcpcsvc6.DLL
0x00007ff929930000 - 0x00007ff92994f000 	C:\Windows\SYSTEM32\dhcpcsvc.DLL
0x00007ff92f410000 - 0x00007ff92f512000 	C:\Windows\SYSTEM32\DNSAPI.dll
0x00007ff8e0810000 - 0x00007ff8e0819000 	C:\Users\admin\.vscode\extensions\redhat.java-1.35.0-win32-x64\jre\17.0.12-win32-x86_64\bin\management.dll
0x00007ff8e0800000 - 0x00007ff8e080b000 	C:\Users\admin\.vscode\extensions\redhat.java-1.35.0-win32-x64\jre\17.0.12-win32-x86_64\bin\management_ext.dll
0x00007ff932ec0000 - 0x00007ff932ec8000 	C:\Windows\System32\PSAPI.DLL
0x00007ff8e07f0000 - 0x00007ff8e07fe000 	C:\Users\admin\.vscode\extensions\redhat.java-1.35.0-win32-x64\jre\17.0.12-win32-x86_64\bin\sunmscapi.dll
0x00007ff930fc0000 - 0x00007ff931126000 	C:\Windows\System32\CRYPT32.dll
0x00007ff930280000 - 0x00007ff9302ae000 	C:\Windows\SYSTEM32\ncrypt.dll
0x00007ff930240000 - 0x00007ff930277000 	C:\Windows\SYSTEM32\NTASN1.dll
0x00007ff87aab0000 - 0x00007ff87aab8000 	C:\Windows\system32\wshunix.dll
0x00007ff8decd0000 - 0x00007ff8decd9000 	C:\Users\admin\.vscode\extensions\redhat.java-1.35.0-win32-x64\jre\17.0.12-win32-x86_64\bin\extnet.dll
0x00007ff929a00000 - 0x00007ff929a0a000 	C:\Windows\System32\rasadhlp.dll
0x00007ff9280d0000 - 0x00007ff928153000 	C:\Windows\System32\fwpuclnt.dll

dbghelp: loaded successfully - version: 4.0.5 - missing functions: none
symbol engine: initialized successfully - sym options: 0x614 - pdb path: .;c:\Users\admin\.vscode\extensions\redhat.java-1.35.0-win32-x64\jre\17.0.12-win32-x86_64\bin;C:\Windows\SYSTEM32;C:\Windows\WinSxS\amd64_microsoft.windows.common-controls_6595b64144ccf1df_6.0.22621.3672_none_2713b9d173822955;c:\Users\admin\.vscode\extensions\redhat.java-1.35.0-win32-x64\jre\17.0.12-win32-x86_64\bin\server

VM Arguments:
jvm_args: -Xmx1024m -Dsts.lsp.client=vscode -Dsts.log.file=/dev/null -XX:TieredStopAtLevel=1 -Xlog:jni+resolve=off 
java_command: c:\Users\admin\.vscode\extensions\vmware.vscode-spring-boot-1.57.0\language-server\spring-boot-language-server-1.57.0-SNAPSHOT-exec.jar
java_class_path (initial): c:\Users\admin\.vscode\extensions\vmware.vscode-spring-boot-1.57.0\language-server\spring-boot-language-server-1.57.0-SNAPSHOT-exec.jar
Launcher Type: SUN_STANDARD

[Global flags]
     intx CICompilerCount                          = 4                                         {product} {ergonomic}
     uint ConcGCThreads                            = 2                                         {product} {ergonomic}
     uint G1ConcRefinementThreads                  = 8                                         {product} {ergonomic}
   size_t G1HeapRegionSize                         = 1048576                                   {product} {ergonomic}
    uintx GCDrainStackTargetSize                   = 64                                        {product} {ergonomic}
   size_t InitialHeapSize                          = 130023424                                 {product} {ergonomic}
   size_t MarkStackSize                            = 4194304                                   {product} {ergonomic}
   size_t MaxHeapSize                              = 1073741824                                {product} {command line}
   size_t MaxNewSize                               = 643825664                                 {product} {ergonomic}
   size_t MinHeapDeltaBytes                        = 1048576                                   {product} {ergonomic}
   size_t MinHeapSize                              = 8388608                                   {product} {ergonomic}
    uintx NonProfiledCodeHeapSize                  = 0                                      {pd product} {ergonomic}
     bool ProfileInterpreter                       = false                                  {pd product} {command line}
    uintx ProfiledCodeHeapSize                     = 0                                      {pd product} {ergonomic}
   size_t SoftMaxHeapSize                          = 1073741824                             {manageable} {ergonomic}
     intx TieredStopAtLevel                        = 1                                         {product} {command line}
     bool UseCompressedClassPointers               = true                           {product lp64_product} {ergonomic}
     bool UseCompressedOops                        = true                           {product lp64_product} {ergonomic}
     bool UseG1GC                                  = true                                      {product} {ergonomic}
     bool UseLargePagesIndividualAllocation        = false                                  {pd product} {ergonomic}

Logging:
Log output configuration:
 #0: stdout all=warning,jni+resolve=off uptime,level,tags
 #1: stderr all=off uptime,level,tags

Environment Variables:
JAVA_HOME=C:\Program Files\Java\jdk-19
PATH=C:\ProgramData\Oracle\Java\javapath;C:\app\admin\product\21c\dbhomeXE\bin;C:\Program Files\Common Files\Oracle\Java\javapath;C:\Windows\system32;C:\Windows;C:\Windows\System32\Wbem;C:\Windows\System32\WindowsPowerShell\v1.0\;C:\Windows\System32\OpenSSH\;C:\Program Files\Java\jdk-19;C:\Program Files\Java\jdk-19\bin;E:\Rational Rose\common;C:\Program Files\dotnet\;C:\Program Files (x86)\Microsoft SQL Server\150\DTS\Binn\;C:\Program Files\Azure Data Studio\bin;C:\Program Files\Microsoft SQL Server\Client SDK\ODBC\170\Tools\Binn\;C:\Program Files (x86)\Microsoft SQL Server\150\Tools\Binn\;C:\Program Files\Microsoft SQL Server\150\Tools\Binn\;C:\Program Files\Microsoft SQL Server\150\DTS\Binn\;C:\Program Files\nodejs\;C:\Program Files\nodejs;C:\Program Files\Git\cmd;D:\Laragon\bin\php;D:\Laragon\bin\php\php-8.1.10-Win32-vs16-x64;C:\Program Files\apache-maven-3.9.8\bin;C:\Users\admin\AppData\Local\Android\Sdk\platform-tools;C:\Users\admin\AppData\Local\Android\Sdk\cmdline-tools;C:\Users\admin\AppData\Local\Android\Sdk\cmdline-tools\bin;C:\Program Files\Docker\Docker\resources\bin;C:\Users\admin\AppData\Local\Programs\Python\Python311\Scripts\;C:\Users\admin\AppData\Local\Programs\Python\Python311\;C:\Users\admin\AppData\Local\Microsoft\WindowsApps;D:\Visual Studio Code\Microsoft VS Code\bin;C:\Program Files\Azure Data Studio\bin;D:\Intellij IDEA\IntelliJ IDEA 2024.1.4\bin;;C:\Users\admin\AppData\Roaming\npm
USERNAME=admin
OS=Windows_NT
PROCESSOR_IDENTIFIER=Intel64 Family 6 Model 140 Stepping 1, GenuineIntel
TMP=C:\Users\admin\AppData\Local\Temp
TEMP=C:\Users\admin\AppData\Local\Temp



Periodic native trim disabled


---------------  S Y S T E M  ---------------

OS:
 Windows 11 , 64 bit Build 22621 (10.0.22621.3958)
OS uptime: 0 days 9:15 hours
Hyper-V role detected

CPU: total 8 (initial active 8) (4 cores per cpu, 2 threads per core) family 6 model 140 stepping 1 microcode 0xb6, cx8, cmov, fxsr, ht, mmx, 3dnowpref, sse, sse2, sse3, ssse3, sse4.1, sse4.2, popcnt, lzcnt, tsc, tscinvbit, avx, avx2, aes, erms, clmul, bmi1, bmi2, adx, avx512f, avx512dq, avx512cd, avx512bw, avx512vl, sha, fma, vzeroupper, avx512_vpopcntdq, avx512_vpclmulqdq, avx512_vaes, avx512_vnni, clflush, clflushopt, clwb, avx512_vbmi2, avx512_vbmi, hv
Processor Information for all 8 processors :
  Max Mhz: 2419, Current Mhz: 2419, Mhz Limit: 2419

Memory: 4k page, system-wide physical 7859M (434M free)
TotalPageFile size 20147M (AvailPageFile size 10M)
current process WorkingSet (physical memory assigned to process): 133M, peak: 219M
current process commit charge ("private bytes"): 250M, peak: 265M

vm_info: OpenJDK 64-Bit Server VM (17.0.12+7) for windows-amd64 JRE (17.0.12+7), built on Jul 16 2024 22:08:24 by "admin" with MS VC++ 16.10 / 16.11 (VS2019)

END.
