#
# There is insufficient memory for the Java Runtime Environment to continue.
# Native memory allocation (malloc) failed to allocate 1048576 bytes. Error detail: AllocateHeap
# Possible reasons:
#   The system is out of physical RAM or swap space
#   This process is running with CompressedOops enabled, and the Java Heap may be blocking the growth of the native heap
# Possible solutions:
#   Reduce memory load on the system
#   Increase physical memory or swap space
#   Check if swap backing store is full
#   Decrease Java heap size (-Xmx/-Xms)
#   Decrease number of Java threads
#   Decrease Java thread stack sizes (-Xss)
#   Set larger code cache with -XX:ReservedCodeCacheSize=
#   JVM is running with Unscaled Compressed Oops mode in which the Java heap is
#     placed in the first 4GB address space. The Java Heap base address is the
#     maximum limit for the native heap growth. Please use -XX:HeapBaseMinAddress
#     to set the Java Heap base and to place the Java Heap above 4GB virtual address.
# This output file may be truncated or incomplete.
#
#  Out of Memory Error (allocation.cpp:44), pid=20280, tid=10024
#
# JRE version: OpenJDK Runtime Environment Temurin-17.0.12+7 (17.0.12+7) (build 17.0.12+7)
# Java VM: OpenJDK 64-Bit Server VM Temurin-17.0.12+7 (17.0.12+7, mixed mode, emulated-client, tiered, compressed oops, compressed class ptrs, g1 gc, windows-amd64)
# No core dump will be written. Minidumps are not enabled by default on client versions of Windows
#

---------------  S U M M A R Y ------------

Command Line: -Xmx1024m -Dsts.lsp.client=vscode -Dsts.log.file=/dev/null -XX:TieredStopAtLevel=1 -Xlog:jni+resolve=off c:\Users\admin\.vscode\extensions\vmware.vscode-spring-boot-1.57.0\language-server\spring-boot-language-server-1.57.0-SNAPSHOT-exec.jar

Host: 11th Gen Intel(R) Core(TM) i5-1135G7 @ 2.40GHz, 8 cores, 7G,  Windows 11 , 64 bit Build 22621 (10.0.22621.3958)
Time: Fri Sep 27 21:23:25 2024 SE Asia Standard Time elapsed time: 54.072210 seconds (0d 0h 0m 54s)

---------------  T H R E A D  ---------------

Current thread (0x000001de575ee910):  VMThread "VM Thread" [stack: 0x00000018c0e00000,0x00000018c0f00000] [id=10024]

Stack: [0x00000018c0e00000,0x00000018c0f00000]
Native frames: (J=compiled Java code, j=interpreted, Vv=VM code, C=native code)
V  [jvm.dll+0x67f929]
V  [jvm.dll+0x8371ba]
V  [jvm.dll+0x838c7e]
V  [jvm.dll+0x8392e3]
V  [jvm.dll+0x24834f]
V  [jvm.dll+0xa70d3]
V  [jvm.dll+0x2f9073]
V  [jvm.dll+0x2f4d00]
V  [jvm.dll+0x2dd82f]
V  [jvm.dll+0x3201f7]
V  [jvm.dll+0x83d7dd]
V  [jvm.dll+0x83e522]
V  [jvm.dll+0x83ea4f]
V  [jvm.dll+0x83ee34]
V  [jvm.dll+0x83ef00]
V  [jvm.dll+0x7e65dc]
V  [jvm.dll+0x67e7f7]
C  [ucrtbase.dll+0x29333]
C  [KERNEL32.DLL+0x1257d]
C  [ntdll.dll+0x5af08]

VM_Operation (0x00000018c2aff1a0): G1CollectFull, mode: safepoint, requested by thread 0x000001de5d67f4a0


---------------  P R O C E S S  ---------------

Threads class SMR info:
_java_thread_list=0x000001de5d263490, length=21, elements={
0x000001de57608380, 0x000001de57608e50, 0x000001de5775a130, 0x000001de5775ac00,
0x000001de5775b5d0, 0x000001de5775deb0, 0x000001de5775e830, 0x000001de5762c120,
0x000001de578915c0, 0x000001de57896020, 0x000001de5d088c70, 0x000001de5d057cd0,
0x000001de5d0581b0, 0x000001de5d0c6470, 0x000001de5d43b340, 0x000001de5d67f4a0,
0x000001de5d67ea80, 0x000001de5d67ef90, 0x000001de5d67e060, 0x000001de5d67f9b0,
0x000001de5d67e570
}

Java Threads: ( => current thread )
  0x000001de57608380 JavaThread "Reference Handler" daemon [_thread_blocked, id=5964, stack(0x00000018c0f00000,0x00000018c1000000)]
  0x000001de57608e50 JavaThread "Finalizer" daemon [_thread_blocked, id=6316, stack(0x00000018c1000000,0x00000018c1100000)]
  0x000001de5775a130 JavaThread "Signal Dispatcher" daemon [_thread_blocked, id=18156, stack(0x00000018c1100000,0x00000018c1200000)]
  0x000001de5775ac00 JavaThread "Attach Listener" daemon [_thread_blocked, id=18388, stack(0x00000018c1200000,0x00000018c1300000)]
  0x000001de5775b5d0 JavaThread "Service Thread" daemon [_thread_blocked, id=12136, stack(0x00000018c1300000,0x00000018c1400000)]
  0x000001de5775deb0 JavaThread "Monitor Deflation Thread" daemon [_thread_blocked, id=12500, stack(0x00000018c1400000,0x00000018c1500000)]
  0x000001de5775e830 JavaThread "C1 CompilerThread0" daemon [_thread_blocked, id=18836, stack(0x00000018c1500000,0x00000018c1600000)]
  0x000001de5762c120 JavaThread "Sweeper thread" daemon [_thread_blocked, id=8748, stack(0x00000018c1600000,0x00000018c1700000)]
  0x000001de578915c0 JavaThread "Notification Thread" daemon [_thread_blocked, id=13072, stack(0x00000018c1900000,0x00000018c1a00000)]
  0x000001de57896020 JavaThread "Common-Cleaner" daemon [_thread_blocked, id=848, stack(0x00000018c1b00000,0x00000018c1c00000)]
  0x000001de5d088c70 JavaThread "ForkJoinPool.commonPool-worker-1" daemon [_thread_blocked, id=6644, stack(0x00000018c2400000,0x00000018c2500000)]
  0x000001de5d057cd0 JavaThread "ForkJoinPool.commonPool-worker-2" daemon [_thread_blocked, id=11084, stack(0x00000018c2600000,0x00000018c2700000)]
  0x000001de5d0581b0 JavaThread "ForkJoinPool.commonPool-worker-3" daemon [_thread_blocked, id=13520, stack(0x00000018c2700000,0x00000018c2800000)]
  0x000001de5d0c6470 JavaThread "ForkJoinPool.commonPool-worker-4" daemon [_thread_blocked, id=14192, stack(0x00000018c2800000,0x00000018c2900000)]
  0x000001de5d43b340 JavaThread "boundedElastic-evictor-1" daemon [_thread_blocked, id=4692, stack(0x00000018c2900000,0x00000018c2a00000)]
  0x000001de5d67f4a0 JavaThread "pool-13-thread-1" [_thread_blocked, id=1780, stack(0x00000018c2a00000,0x00000018c2b00000)]
  0x000001de5d67ea80 JavaThread "LanguageServerApp-lifecycle" [_thread_blocked, id=21456, stack(0x00000018c2b00000,0x00000018c2c00000)]
  0x000001de5d67ef90 JavaThread "DestroyJavaVM" [_thread_blocked, id=3520, stack(0x00000018c0800000,0x00000018c0900000)]
  0x000001de5d67e060 JavaThread "pool-14-thread-1" [_thread_in_native, id=5012, stack(0x00000018c2c00000,0x00000018c2d00000)]
  0x000001de5d67f9b0 JavaThread "Simple-Language-Server main thread" daemon [_thread_blocked, id=2628, stack(0x00000018c2d00000,0x00000018c2e00000)]
  0x000001de5d67e570 JavaThread "pool-6-thread-1" [_thread_blocked, id=18428, stack(0x00000018c2e00000,0x00000018c2f00000)]

Other Threads:
=>0x000001de575ee910 VMThread "VM Thread" [stack: 0x00000018c0e00000,0x00000018c0f00000] [id=10024]
  0x000001de57891aa0 WatcherThread [stack: 0x00000018c1a00000,0x00000018c1b00000] [id=11036]
  0x000001de4c7e6450 GCTaskThread "GC Thread#0" [stack: 0x00000018c0900000,0x00000018c0a00000] [id=15512]
  0x000001de5c712b00 GCTaskThread "GC Thread#1" [stack: 0x00000018c1c00000,0x00000018c1d00000] [id=10136]
  0x000001de5c6fc2d0 GCTaskThread "GC Thread#2" [stack: 0x00000018c1d00000,0x00000018c1e00000] [id=18168]
  0x000001de5c6fc590 GCTaskThread "GC Thread#3" [stack: 0x00000018c1e00000,0x00000018c1f00000] [id=9208]
  0x000001de5cc438d0 GCTaskThread "GC Thread#4" [stack: 0x00000018c2000000,0x00000018c2100000] [id=9352]
  0x000001de5cc43b90 GCTaskThread "GC Thread#5" [stack: 0x00000018c2100000,0x00000018c2200000] [id=21068]
  0x000001de5cc43e50 GCTaskThread "GC Thread#6" [stack: 0x00000018c2200000,0x00000018c2300000] [id=19252]
  0x000001de5cc44110 GCTaskThread "GC Thread#7" [stack: 0x00000018c2300000,0x00000018c2400000] [id=2424]
  0x000001de4c7ef3a0 ConcurrentGCThread "G1 Main Marker" [stack: 0x00000018c0a00000,0x00000018c0b00000] [id=17132]
  0x000001de4c7efdc0 ConcurrentGCThread "G1 Conc#0" [stack: 0x00000018c0b00000,0x00000018c0c00000] [id=5428]
  0x000001de5ce128e0 ConcurrentGCThread "G1 Conc#1" [stack: 0x00000018c2500000,0x00000018c2600000] [id=11576]
  0x000001de57450090 ConcurrentGCThread "G1 Refine#0" [stack: 0x00000018c0c00000,0x00000018c0d00000] [id=8196]
  0x000001de57450ac0 ConcurrentGCThread "G1 Service" [stack: 0x00000018c0d00000,0x00000018c0e00000] [id=16572]

Threads with active compile tasks:

VM state: at safepoint (normal execution)

VM Mutex/Monitor currently owned by a thread:  ([mutex/lock_event])
[0x000001de4c7a3eb0] Threads_lock - owner thread: 0x000001de575ee910
[0x000001de4c7a3f40] Heap_lock - owner thread: 0x000001de5d67f4a0

Heap address: 0x00000000c0000000, size: 1024 MB, Compressed Oops mode: 32-bit

CDS archive(s) not mapped
Compressed class space mapped at: 0x0000000100000000-0x0000000140000000, reserved size: 1073741824
Narrow klass base: 0x0000000000000000, Narrow klass shift: 3, Narrow klass range: 0x140000000

GC Precious Log:
 CPUs: 8 total, 8 available
 Memory: 7859M
 Large Page Support: Disabled
 NUMA Support: Disabled
 Compressed Oops: Enabled (32-bit)
 Heap Region Size: 1M
 Heap Min Capacity: 8M
 Heap Initial Capacity: 124M
 Heap Max Capacity: 1G
 Pre-touch: Disabled
 Parallel Workers: 8
 Concurrent Workers: 2
 Concurrent Refinement Workers: 8
 Periodic GC: Disabled

Heap:
 garbage-first heap   total 75776K, used 28921K [0x00000000c0000000, 0x0000000100000000)
  region size 1024K, 1 young (1024K), 0 survivors (0K)
 Metaspace       used 40298K, committed 40704K, reserved 1114112K
  class space    used 5107K, committed 5312K, reserved 1048576K

Heap Regions: E=young(eden), S=young(survivor), O=old, HS=humongous(starts), HC=humongous(continues), CS=collection set, F=free, OA=open archive, CA=closed archive, TAMS=top-at-mark-start (previous, next)
|   0|0x00000000c0000000, 0x00000000c0100000, 0x00000000c0100000|100%|HS|  |TAMS 0x00000000c0100000, 0x00000000c0000000| Untracked 
|   1|0x00000000c0100000, 0x00000000c0200000, 0x00000000c0200000|100%|HC|  |TAMS 0x00000000c0200000, 0x00000000c0100000| Untracked 
|   2|0x00000000c0200000, 0x00000000c0300000, 0x00000000c0300000|100%|HC|  |TAMS 0x00000000c0300000, 0x00000000c0200000| Untracked 
|   3|0x00000000c0300000, 0x00000000c0400000, 0x00000000c0400000|100%|HC|  |TAMS 0x00000000c0400000, 0x00000000c0300000| Untracked 
|   4|0x00000000c0400000, 0x00000000c0500000, 0x00000000c0500000|100%|HS|  |TAMS 0x00000000c0500000, 0x00000000c0400000| Untracked 
|   5|0x00000000c0500000, 0x00000000c0600000, 0x00000000c0600000|100%|HC|  |TAMS 0x00000000c0600000, 0x00000000c0500000| Untracked 
|   6|0x00000000c0600000, 0x00000000c0700000, 0x00000000c0700000|100%| O|  |TAMS 0x00000000c0700000, 0x00000000c0600000| Untracked 
|   7|0x00000000c0700000, 0x00000000c07e7838, 0x00000000c0800000| 90%| O|  |TAMS 0x00000000c0700000, 0x00000000c0700000| Untracked 
|   8|0x00000000c0800000, 0x00000000c08fffe8, 0x00000000c0900000| 99%| O|  |TAMS 0x00000000c0800000, 0x00000000c0800000| Untracked 
|   9|0x00000000c0900000, 0x00000000c09fea30, 0x00000000c0a00000| 99%| O|  |TAMS 0x00000000c0900000, 0x00000000c0900000| Untracked 
|  10|0x00000000c0a00000, 0x00000000c0ac45d0, 0x00000000c0b00000| 76%| O|  |TAMS 0x00000000c0a00000, 0x00000000c0a00000| Untracked 
|  11|0x00000000c0b00000, 0x00000000c0c00000, 0x00000000c0c00000|100%| O|  |TAMS 0x00000000c0c00000, 0x00000000c0b00000| Untracked 
|  12|0x00000000c0c00000, 0x00000000c0cffff0, 0x00000000c0d00000| 99%| O|  |TAMS 0x00000000c0c00000, 0x00000000c0c00000| Untracked 
|  13|0x00000000c0d00000, 0x00000000c0e00000, 0x00000000c0e00000|100%| O|  |TAMS 0x00000000c0e00000, 0x00000000c0d00000| Untracked 
|  14|0x00000000c0e00000, 0x00000000c0f00000, 0x00000000c0f00000|100%| O|  |TAMS 0x00000000c0f00000, 0x00000000c0e00000| Untracked 
|  15|0x00000000c0f00000, 0x00000000c0fffff8, 0x00000000c1000000| 99%| O|  |TAMS 0x00000000c0f00000, 0x00000000c0f00000| Untracked 
|  16|0x00000000c1000000, 0x00000000c10fffd8, 0x00000000c1100000| 99%| O|  |TAMS 0x00000000c1000000, 0x00000000c1000000| Untracked 
|  17|0x00000000c1100000, 0x00000000c1200000, 0x00000000c1200000|100%| O|  |TAMS 0x00000000c1200000, 0x00000000c1100000| Untracked 
|  18|0x00000000c1200000, 0x00000000c12fffd8, 0x00000000c1300000| 99%| O|  |TAMS 0x00000000c1200000, 0x00000000c1200000| Untracked 
|  19|0x00000000c1300000, 0x00000000c1400000, 0x00000000c1400000|100%| O|  |TAMS 0x00000000c1400000, 0x00000000c1300000| Untracked 
|  20|0x00000000c1400000, 0x00000000c1500000, 0x00000000c1500000|100%| O|  |TAMS 0x00000000c1500000, 0x00000000c1400000| Untracked 
|  21|0x00000000c1500000, 0x00000000c1600000, 0x00000000c1600000|100%| O|  |TAMS 0x00000000c1600000, 0x00000000c1500000| Untracked 
|  22|0x00000000c1600000, 0x00000000c1700000, 0x00000000c1700000|100%| O|  |TAMS 0x00000000c1700000, 0x00000000c1600000| Untracked 
|  23|0x00000000c1700000, 0x00000000c17fffc0, 0x00000000c1800000| 99%| O|  |TAMS 0x00000000c1700000, 0x00000000c1700000| Untracked 
|  24|0x00000000c1800000, 0x00000000c1900000, 0x00000000c1900000|100%| O|  |TAMS 0x00000000c1800000, 0x00000000c1800000| Untracked 
|  25|0x00000000c1900000, 0x00000000c1988638, 0x00000000c1a00000| 53%| O|  |TAMS 0x00000000c1900000, 0x00000000c1900000| Untracked 
|  26|0x00000000c1a00000, 0x00000000c1a00000, 0x00000000c1b00000|  0%| F|  |TAMS 0x00000000c1a00000, 0x00000000c1a00000| Untracked 
|  27|0x00000000c1b00000, 0x00000000c1b00000, 0x00000000c1c00000|  0%| F|  |TAMS 0x00000000c1b00000, 0x00000000c1b00000| Untracked 
|  28|0x00000000c1c00000, 0x00000000c1c00000, 0x00000000c1d00000|  0%| F|  |TAMS 0x00000000c1c00000, 0x00000000c1c00000| Untracked 
|  29|0x00000000c1d00000, 0x00000000c1d00000, 0x00000000c1e00000|  0%| F|  |TAMS 0x00000000c1d00000, 0x00000000c1d00000| Untracked 
|  30|0x00000000c1e00000, 0x00000000c1e00000, 0x00000000c1f00000|  0%| F|  |TAMS 0x00000000c1e00000, 0x00000000c1e00000| Untracked 
|  31|0x00000000c1f00000, 0x00000000c1f00000, 0x00000000c2000000|  0%| F|  |TAMS 0x00000000c1f00000, 0x00000000c1f00000| Untracked 
|  32|0x00000000c2000000, 0x00000000c2000000, 0x00000000c2100000|  0%| F|  |TAMS 0x00000000c2000000, 0x00000000c2000000| Untracked 
|  33|0x00000000c2100000, 0x00000000c2100000, 0x00000000c2200000|  0%| F|  |TAMS 0x00000000c2100000, 0x00000000c2100000| Untracked 
|  34|0x00000000c2200000, 0x00000000c2200000, 0x00000000c2300000|  0%| F|  |TAMS 0x00000000c2200000, 0x00000000c2200000| Untracked 
|  35|0x00000000c2300000, 0x00000000c2300000, 0x00000000c2400000|  0%| F|  |TAMS 0x00000000c2300000, 0x00000000c2300000| Untracked 
|  36|0x00000000c2400000, 0x00000000c2400000, 0x00000000c2500000|  0%| F|  |TAMS 0x00000000c2400000, 0x00000000c2400000| Untracked 
|  37|0x00000000c2500000, 0x00000000c2500000, 0x00000000c2600000|  0%| F|  |TAMS 0x00000000c2500000, 0x00000000c2500000| Untracked 
|  38|0x00000000c2600000, 0x00000000c2600000, 0x00000000c2700000|  0%| F|  |TAMS 0x00000000c2600000, 0x00000000c2600000| Untracked 
|  39|0x00000000c2700000, 0x00000000c2700000, 0x00000000c2800000|  0%| F|  |TAMS 0x00000000c2700000, 0x00000000c2700000| Untracked 
|  40|0x00000000c2800000, 0x00000000c2800000, 0x00000000c2900000|  0%| F|  |TAMS 0x00000000c2800000, 0x00000000c2800000| Untracked 
|  41|0x00000000c2900000, 0x00000000c2900000, 0x00000000c2a00000|  0%| F|  |TAMS 0x00000000c2900000, 0x00000000c2900000| Untracked 
|  42|0x00000000c2a00000, 0x00000000c2a00000, 0x00000000c2b00000|  0%| F|  |TAMS 0x00000000c2a00000, 0x00000000c2a00000| Untracked 
|  43|0x00000000c2b00000, 0x00000000c2b00000, 0x00000000c2c00000|  0%| F|  |TAMS 0x00000000c2b00000, 0x00000000c2b00000| Untracked 
|  44|0x00000000c2c00000, 0x00000000c2c00000, 0x00000000c2d00000|  0%| F|  |TAMS 0x00000000c2c00000, 0x00000000c2c00000| Untracked 
|  45|0x00000000c2d00000, 0x00000000c2d00000, 0x00000000c2e00000|  0%| F|  |TAMS 0x00000000c2d00000, 0x00000000c2d00000| Untracked 
|  46|0x00000000c2e00000, 0x00000000c2e0b9e0, 0x00000000c2f00000|  4%| O|  |TAMS 0x00000000c2e00000, 0x00000000c2e00000| Untracked 
|  47|0x00000000c2f00000, 0x00000000c2f00000, 0x00000000c3000000|  0%| F|  |TAMS 0x00000000c2f00000, 0x00000000c2f00000| Untracked 
|  48|0x00000000c3000000, 0x00000000c3000000, 0x00000000c3100000|  0%| F|  |TAMS 0x00000000c3000000, 0x00000000c3000000| Untracked 
|  49|0x00000000c3100000, 0x00000000c3200000, 0x00000000c3200000|100%| O|  |TAMS 0x00000000c3200000, 0x00000000c3100000| Untracked 
|  50|0x00000000c3200000, 0x00000000c3300000, 0x00000000c3300000|100%| O|  |TAMS 0x00000000c3300000, 0x00000000c3200000| Untracked 
|  51|0x00000000c3300000, 0x00000000c3400000, 0x00000000c3400000|100%| O|  |TAMS 0x00000000c3400000, 0x00000000c3300000| Untracked 
|  52|0x00000000c3400000, 0x00000000c3400000, 0x00000000c3500000|  0%| F|  |TAMS 0x00000000c3400000, 0x00000000c3400000| Untracked 
|  53|0x00000000c3500000, 0x00000000c3500000, 0x00000000c3600000|  0%| F|  |TAMS 0x00000000c3500000, 0x00000000c3500000| Untracked 
|  54|0x00000000c3600000, 0x00000000c3600000, 0x00000000c3700000|  0%| F|  |TAMS 0x00000000c3600000, 0x00000000c3600000| Untracked 
|  55|0x00000000c3700000, 0x00000000c3700000, 0x00000000c3800000|  0%| F|  |TAMS 0x00000000c3700000, 0x00000000c3700000| Untracked 
|  56|0x00000000c3800000, 0x00000000c3800000, 0x00000000c3900000|  0%| F|  |TAMS 0x00000000c3800000, 0x00000000c3800000| Untracked 
|  57|0x00000000c3900000, 0x00000000c3900000, 0x00000000c3a00000|  0%| F|  |TAMS 0x00000000c3900000, 0x00000000c3900000| Untracked 
|  58|0x00000000c3a00000, 0x00000000c3a00000, 0x00000000c3b00000|  0%| F|  |TAMS 0x00000000c3a00000, 0x00000000c3a00000| Untracked 
|  59|0x00000000c3b00000, 0x00000000c3b00000, 0x00000000c3c00000|  0%| F|  |TAMS 0x00000000c3b00000, 0x00000000c3b00000| Untracked 
|  60|0x00000000c3c00000, 0x00000000c3c00000, 0x00000000c3d00000|  0%| F|  |TAMS 0x00000000c3c00000, 0x00000000c3c00000| Untracked 
|  61|0x00000000c3d00000, 0x00000000c3d00000, 0x00000000c3e00000|  0%| F|  |TAMS 0x00000000c3d00000, 0x00000000c3d00000| Untracked 
|  62|0x00000000c3e00000, 0x00000000c3e00000, 0x00000000c3f00000|  0%| F|  |TAMS 0x00000000c3e00000, 0x00000000c3e00000| Untracked 
|  63|0x00000000c3f00000, 0x00000000c3f00000, 0x00000000c4000000|  0%| F|  |TAMS 0x00000000c3f00000, 0x00000000c3f00000| Untracked 
|  64|0x00000000c4000000, 0x00000000c4000000, 0x00000000c4100000|  0%| F|  |TAMS 0x00000000c4000000, 0x00000000c4000000| Untracked 
|  65|0x00000000c4100000, 0x00000000c4100000, 0x00000000c4200000|  0%| F|  |TAMS 0x00000000c4100000, 0x00000000c4100000| Untracked 
|  66|0x00000000c4200000, 0x00000000c4200000, 0x00000000c4300000|  0%| F|  |TAMS 0x00000000c4200000, 0x00000000c4200000| Untracked 
|  67|0x00000000c4300000, 0x00000000c4300000, 0x00000000c4400000|  0%| F|  |TAMS 0x00000000c4300000, 0x00000000c4300000| Untracked 
|  98|0x00000000c6200000, 0x00000000c6200000, 0x00000000c6300000|  0%| F|  |TAMS 0x00000000c6200000, 0x00000000c6200000| Untracked 
|  99|0x00000000c6300000, 0x00000000c6300000, 0x00000000c6400000|  0%| F|  |TAMS 0x00000000c6300000, 0x00000000c6300000| Untracked 
| 100|0x00000000c6400000, 0x00000000c6400000, 0x00000000c6500000|  0%| F|  |TAMS 0x00000000c6400000, 0x00000000c6400000| Untracked 
| 102|0x00000000c6600000, 0x00000000c6600000, 0x00000000c6700000|  0%| F|  |TAMS 0x00000000c6600000, 0x00000000c6600000| Untracked 
| 103|0x00000000c6700000, 0x00000000c6700000, 0x00000000c6800000|  0%| F|  |TAMS 0x00000000c6700000, 0x00000000c6700000| Untracked 
| 123|0x00000000c7b00000, 0x00000000c7b178f8, 0x00000000c7c00000|  9%| E|  |TAMS 0x00000000c7b00000, 0x00000000c7b00000| Complete 

Card table byte_map: [0x000001de52750000,0x000001de52950000] _byte_map_base: 0x000001de52150000

Marking Bits (Prev, Next): (CMBitMap*) 0x000001de4c7e6ab0, (CMBitMap*) 0x000001de4c7e6a70
 Prev Bits: [0x000001de53b50000, 0x000001de54b50000)
 Next Bits: [0x000001de52b50000, 0x000001de53b50000)

Polling page: 0x000001de4a7a0000

Metaspace:

Usage:
  Non-class:     34.37 MB used.
      Class:      4.99 MB used.
       Both:     39.35 MB used.

Virtual space:
  Non-class space:       64.00 MB reserved,      34.56 MB ( 54%) committed,  1 nodes.
      Class space:        1.00 GB reserved,       5.19 MB ( <1%) committed,  1 nodes.
             Both:        1.06 GB reserved,      39.75 MB (  4%) committed. 

Chunk freelists:
   Non-Class:  12.51 MB
       Class:  10.87 MB
        Both:  23.39 MB

MaxMetaspaceSize: unlimited
CompressedClassSpaceSize: 1.00 GB
Initial GC threshold: 21.00 MB
Current GC threshold: 66.25 MB
CDS: off
MetaspaceReclaimPolicy: balanced
 - commit_granule_bytes: 65536.
 - commit_granule_words: 8192.
 - virtual_space_node_default_size: 8388608.
 - enlarge_chunks_in_place: 1.
 - new_chunks_are_fully_committed: 0.
 - uncommit_free_chunks: 1.
 - use_allocation_guard: 0.
 - handle_deallocations: 1.


Internal statistics:

num_allocs_failed_limit: 6.
num_arena_births: 482.
num_arena_deaths: 0.
num_vsnodes_births: 2.
num_vsnodes_deaths: 0.
num_space_committed: 635.
num_space_uncommitted: 0.
num_chunks_returned_to_freelist: 6.
num_chunks_taken_from_freelist: 1685.
num_chunk_merges: 3.
num_chunk_splits: 1160.
num_chunks_enlarged: 886.
num_inconsistent_stats: 0.

CodeCache: size=49152Kb used=6720Kb max_used=8399Kb free=42431Kb
 bounds [0x000001de4f440000, 0x000001de4fc80000, 0x000001de52440000]
 total_blobs=4160 nmethods=3613 adapters=473
 compilation: enabled
              stopped_count=0, restarted_count=0
 full_count=0

Compilation events (20 events):
Event: 3.992 Thread 0x000001de5775e830 nmethod 3602 0x000001de4fc72310 code [0x000001de4fc724a0, 0x000001de4fc72578]
Event: 3.992 Thread 0x000001de5788aaa0 nmethod 3601 0x000001de4fc72610 code [0x000001de4fc727a0, 0x000001de4fc72878]
Event: 3.992 Thread 0x000001de5c734240 3603       1       java.lang.Long::longValue (5 bytes)
Event: 3.993 Thread 0x000001de5c734240 nmethod 3603 0x000001de4fc72910 code [0x000001de4fc72aa0, 0x000001de4fc72b78]
Event: 3.996 Thread 0x000001de5775e830 3604       1       com.google.common.base.Preconditions::checkNotNull (14 bytes)
Event: 3.996 Thread 0x000001de5775e830 nmethod 3604 0x000001de4fc72c10 code [0x000001de4fc72da0, 0x000001de4fc72ec8]
Event: 3.997 Thread 0x000001de5788d080 3605       1       java.lang.reflect.Field::get (29 bytes)
Event: 3.997 Thread 0x000001de5c734240 3606       1       com.google.gson.stream.JsonWriter::name (46 bytes)
Event: 3.997 Thread 0x000001de5c734240 nmethod 3606 0x000001de4fc72f90 code [0x000001de4fc73160, 0x000001de4fc73468]
Event: 3.997 Thread 0x000001de5788d080 nmethod 3605 0x000001de4fc73590 code [0x000001de4fc73760, 0x000001de4fc73958]
Event: 4.000 Thread 0x000001de5c734240 3607       1       java.time.temporal.ChronoField::range (5 bytes)
Event: 4.000 Thread 0x000001de5c734240 nmethod 3607 0x000001de4fc73a90 code [0x000001de4fc73c20, 0x000001de4fc73cf8]
Event: 43.803 Thread 0x000001de5775e830 3608       1       java.lang.invoke.Invokers::maybeCustomize (5 bytes)
Event: 43.803 Thread 0x000001de5775e830 nmethod 3608 0x000001de4f5da010 code [0x000001de4f5da1a0, 0x000001de4f5da268]
Event: 43.803 Thread 0x000001de5775e830 3610       1       java.lang.invoke.MethodHandles::argumentsWithCombinerChecks (197 bytes)
Event: 43.804 Thread 0x000001de5775e830 nmethod 3610 0x000001de4f5d8c90 code [0x000001de4f5d8f80, 0x000001de4f5d98f8]
Event: 43.804 Thread 0x000001de5775e830 3609       1       java.lang.invoke.MethodHandles::argumentsWithCombiner (130 bytes)
Event: 43.805 Thread 0x000001de5775e830 nmethod 3609 0x000001de4f5d8090 code [0x000001de4f5d82a0, 0x000001de4f5d8778]
Event: 43.993 Thread 0x000001de5775e830 3613       1       java.util.logging.LogManager::getProperty (9 bytes)
Event: 43.993 Thread 0x000001de5775e830 nmethod 3613 0x000001de4f5d7790 code [0x000001de4f5d7920, 0x000001de4f5d7a08]

GC Heap History (15 events):
Event: 0.452 GC heap before
{Heap before GC invocations=0 (full 0):
 garbage-first heap   total 126976K, used 28672K [0x00000000c0000000, 0x0000000100000000)
  region size 1024K, 23 young (23552K), 0 survivors (0K)
 Metaspace       used 8419K, committed 8576K, reserved 1114112K
  class space    used 955K, committed 1024K, reserved 1048576K
}
Event: 0.458 GC heap after
{Heap after GC invocations=1 (full 0):
 garbage-first heap   total 126976K, used 16166K [0x00000000c0000000, 0x0000000100000000)
  region size 1024K, 3 young (3072K), 3 survivors (3072K)
 Metaspace       used 8419K, committed 8576K, reserved 1114112K
  class space    used 955K, committed 1024K, reserved 1048576K
}
Event: 0.895 GC heap before
{Heap before GC invocations=1 (full 0):
 garbage-first heap   total 126976K, used 38694K [0x00000000c0000000, 0x0000000100000000)
  region size 1024K, 25 young (25600K), 3 survivors (3072K)
 Metaspace       used 15627K, committed 15872K, reserved 1114112K
  class space    used 1989K, committed 2112K, reserved 1048576K
}
Event: 0.903 GC heap after
{Heap after GC invocations=2 (full 0):
 garbage-first heap   total 126976K, used 18764K [0x00000000c0000000, 0x0000000100000000)
  region size 1024K, 3 young (3072K), 3 survivors (3072K)
 Metaspace       used 15627K, committed 15872K, reserved 1114112K
  class space    used 1989K, committed 2112K, reserved 1048576K
}
Event: 1.101 GC heap before
{Heap before GC invocations=2 (full 0):
 garbage-first heap   total 126976K, used 37196K [0x00000000c0000000, 0x0000000100000000)
  region size 1024K, 23 young (23552K), 3 survivors (3072K)
 Metaspace       used 21299K, committed 21504K, reserved 1114112K
  class space    used 2643K, committed 2752K, reserved 1048576K
}
Event: 1.106 GC heap after
{Heap after GC invocations=3 (full 0):
 garbage-first heap   total 126976K, used 20982K [0x00000000c0000000, 0x0000000100000000)
  region size 1024K, 5 young (5120K), 5 survivors (5120K)
 Metaspace       used 21299K, committed 21504K, reserved 1114112K
  class space    used 2643K, committed 2752K, reserved 1048576K
}
Event: 1.879 GC heap before
{Heap before GC invocations=4 (full 0):
 garbage-first heap   total 75776K, used 53750K [0x00000000c0000000, 0x0000000100000000)
  region size 1024K, 39 young (39936K), 5 survivors (5120K)
 Metaspace       used 27852K, committed 28096K, reserved 1114112K
  class space    used 3480K, committed 3584K, reserved 1048576K
}
Event: 1.895 GC heap after
{Heap after GC invocations=5 (full 0):
 garbage-first heap   total 75776K, used 24048K [0x00000000c0000000, 0x0000000100000000)
  region size 1024K, 6 young (6144K), 6 survivors (6144K)
 Metaspace       used 27852K, committed 28096K, reserved 1114112K
  class space    used 3480K, committed 3584K, reserved 1048576K
}
Event: 2.979 GC heap before
{Heap before GC invocations=5 (full 0):
 garbage-first heap   total 75776K, used 48624K [0x00000000c0000000, 0x0000000100000000)
  region size 1024K, 31 young (31744K), 6 survivors (6144K)
 Metaspace       used 32826K, committed 33216K, reserved 1114112K
  class space    used 4189K, committed 4352K, reserved 1048576K
}
Event: 2.999 GC heap after
{Heap after GC invocations=6 (full 0):
 garbage-first heap   total 75776K, used 26173K [0x00000000c0000000, 0x0000000100000000)
  region size 1024K, 3 young (3072K), 3 survivors (3072K)
 Metaspace       used 32826K, committed 33216K, reserved 1114112K
  class space    used 4189K, committed 4352K, reserved 1048576K
}
Event: 3.437 GC heap before
{Heap before GC invocations=6 (full 0):
 garbage-first heap   total 75776K, used 48701K [0x00000000c0000000, 0x0000000100000000)
  region size 1024K, 25 young (25600K), 3 survivors (3072K)
 Metaspace       used 35972K, committed 36288K, reserved 1114112K
  class space    used 4440K, committed 4608K, reserved 1048576K
}
Event: 3.453 GC heap after
{Heap after GC invocations=7 (full 0):
 garbage-first heap   total 75776K, used 29243K [0x00000000c0000000, 0x0000000100000000)
  region size 1024K, 4 young (4096K), 4 survivors (4096K)
 Metaspace       used 35972K, committed 36288K, reserved 1114112K
  class space    used 4440K, committed 4608K, reserved 1048576K
}
Event: 43.994 GC heap before
{Heap before GC invocations=8 (full 0):
 garbage-first heap   total 75776K, used 48699K [0x00000000c0000000, 0x0000000100000000)
  region size 1024K, 25 young (25600K), 4 survivors (4096K)
 Metaspace       used 40298K, committed 40704K, reserved 1114112K
  class space    used 5107K, committed 5312K, reserved 1048576K
}
Event: 44.031 GC heap after
{Heap after GC invocations=9 (full 1):
 garbage-first heap   total 75776K, used 28921K [0x00000000c0000000, 0x0000000100000000)
  region size 1024K, 0 young (0K), 0 survivors (0K)
 Metaspace       used 40298K, committed 40704K, reserved 1114112K
  class space    used 5107K, committed 5312K, reserved 1048576K
}
Event: 54.069 GC heap before
{Heap before GC invocations=9 (full 1):
 garbage-first heap   total 75776K, used 28921K [0x00000000c0000000, 0x0000000100000000)
  region size 1024K, 1 young (1024K), 0 survivors (0K)
 Metaspace       used 40298K, committed 40704K, reserved 1114112K
  class space    used 5107K, committed 5312K, reserved 1048576K
}

Dll operation events (8 events):
Event: 0.007 Loaded shared library c:\Users\admin\.vscode\extensions\redhat.java-1.35.0-win32-x64\jre\17.0.12-win32-x86_64\bin\java.dll
Event: 0.092 Loaded shared library C:\Users\admin\.vscode\extensions\redhat.java-1.35.0-win32-x64\jre\17.0.12-win32-x86_64\bin\net.dll
Event: 0.093 Loaded shared library C:\Users\admin\.vscode\extensions\redhat.java-1.35.0-win32-x64\jre\17.0.12-win32-x86_64\bin\nio.dll
Event: 0.101 Loaded shared library C:\Users\admin\.vscode\extensions\redhat.java-1.35.0-win32-x64\jre\17.0.12-win32-x86_64\bin\zip.dll
Event: 0.274 Loaded shared library C:\Users\admin\.vscode\extensions\redhat.java-1.35.0-win32-x64\jre\17.0.12-win32-x86_64\bin\jimage.dll
Event: 1.058 Loaded shared library c:\Users\admin\.vscode\extensions\redhat.java-1.35.0-win32-x64\jre\17.0.12-win32-x86_64\bin\verify.dll
Event: 3.789 Loaded shared library C:\Users\admin\.vscode\extensions\redhat.java-1.35.0-win32-x64\jre\17.0.12-win32-x86_64\bin\management.dll
Event: 3.793 Loaded shared library C:\Users\admin\.vscode\extensions\redhat.java-1.35.0-win32-x64\jre\17.0.12-win32-x86_64\bin\management_ext.dll

Deoptimization events (0 events):
No events

Classes loaded (20 events):
Event: 3.980 Loading class jdk/internal/reflect/UnsafeIntegerFieldAccessorImpl
Event: 3.980 Loading class jdk/internal/reflect/UnsafeIntegerFieldAccessorImpl done
Event: 3.993 Loading class java/util/concurrent/CompletableFuture$AsyncRun
Event: 3.993 Loading class java/util/concurrent/CompletableFuture$AsyncRun done
Event: 3.995 Loading class java/util/concurrent/ConcurrentHashMap$ValueSpliterator
Event: 3.995 Loading class java/util/concurrent/ConcurrentHashMap$ValueSpliterator done
Event: 3.997 Loading class java/util/concurrent/CompletableFuture$UniRelay
Event: 3.997 Loading class java/util/concurrent/CompletableFuture$UniRelay done
Event: 43.803 Loading class java/lang/ProcessBuilder
Event: 43.807 Loading class java/lang/ProcessBuilder done
Event: 43.808 Loading class java/lang/ProcessImpl
Event: 43.809 Loading class java/lang/ProcessImpl done
Event: 43.823 Loading class java/lang/ProcessImpl$2
Event: 43.824 Loading class java/lang/ProcessImpl$2 done
Event: 43.824 Loading class java/lang/Process$PipeInputStream
Event: 43.824 Loading class java/lang/Process$PipeInputStream done
Event: 43.824 Loading class jdk/internal/event/ProcessStartEvent
Event: 43.824 Loading class jdk/internal/event/ProcessStartEvent done
Event: 43.993 Loading class java/io/FileOutputStream$1
Event: 43.993 Loading class java/io/FileOutputStream$1 done

Classes unloaded (0 events):
No events

Classes redefined (0 events):
No events

Internal exceptions (20 events):
Event: 2.332 Thread 0x000001de4c7a9980 Exception <a 'java/lang/NoSuchMethodError'{0x00000000c3ebf820}: 'java.lang.Object java.lang.invoke.Invokers$Holder.invoke_MT(java.lang.Object, java.lang.Object, java.lang.Object, java.lang.Object, java.lang.Object, java.lang.Object, java.lang.Object, java.lang.Object, java.lang.Object, java.lang.Object)'> (0x00000000c3ebf820) 
thrown [s\src\hotspot\share\interpreter\linkResolver.cpp, line 759]
Event: 2.340 Thread 0x000001de4c7a9980 Exception <a 'java/lang/NoSuchMethodError'{0x00000000c3efdaa8}: 'java.lang.Object java.lang.invoke.DirectMethodHandle$Holder.invokeSpecial(java.lang.Object, java.lang.Object, int, java.lang.Object, java.lang.Object)'> (0x00000000c3efdaa8) 
thrown [s\src\hotspot\share\interpreter\linkResolver.cpp, line 759]
Event: 2.340 Thread 0x000001de4c7a9980 Exception <a 'java/lang/NoSuchMethodError'{0x00000000c3d01780}: 'java.lang.Object java.lang.invoke.DelegatingMethodHandle$Holder.delegate(java.lang.Object, int, java.lang.Object, java.lang.Object)'> (0x00000000c3d01780) 
thrown [s\src\hotspot\share\interpreter\linkResolver.cpp, line 759]
Event: 2.343 Thread 0x000001de4c7a9980 Exception <a 'java/lang/NoSuchMethodError'{0x00000000c3d125e8}: 'int java.lang.invoke.Invokers$Holder.linkToTargetMethod(java.lang.Object, java.lang.Object, java.lang.Object)'> (0x00000000c3d125e8) 
thrown [s\src\hotspot\share\interpreter\linkResolver.cpp, line 759]
Event: 2.577 Thread 0x000001de4c7a9980 Exception <a 'java/lang/NoSuchMethodError'{0x00000000c3ab1cd0}: 'java.lang.Object java.lang.invoke.DirectMethodHandle$Holder.invokeStaticInit(java.lang.Object, int, int, int, int)'> (0x00000000c3ab1cd0) 
thrown [s\src\hotspot\share\interpreter\linkResolver.cpp, line 759]
Event: 2.727 Thread 0x000001de4c7a9980 Exception <a 'java/lang/NoSuchMethodError'{0x00000000c39a5478}: 'java.lang.Object java.lang.invoke.DirectMethodHandle$Holder.invokeStaticInit(java.lang.Object, java.lang.Object, int, int, int, int)'> (0x00000000c39a5478) 
thrown [s\src\hotspot\share\interpreter\linkResolver.cpp, line 759]
Event: 2.971 Thread 0x000001de4c7a9980 Exception <a 'java/lang/NoSuchMethodError'{0x00000000c314b338}: 'void java.lang.invoke.DirectMethodHandle$Holder.invokeSpecialIFC(java.lang.Object, java.lang.Object, java.lang.Object)'> (0x00000000c314b338) 
thrown [s\src\hotspot\share\interpreter\linkResolver.cpp, line 759]
Event: 3.348 Thread 0x000001de4c7a9980 Exception <a 'java/lang/NoSuchMethodError'{0x00000000c39a8398}: 'int java.lang.invoke.DirectMethodHandle$Holder.invokeSpecial(java.lang.Object, java.lang.Object, java.lang.Object, java.lang.Object, java.lang.Object)'> (0x00000000c39a8398) 
thrown [s\src\hotspot\share\interpreter\linkResolver.cpp, line 759]
Event: 3.402 Thread 0x000001de4c7a9980 Exception <a 'java/lang/NoSuchMethodError'{0x00000000c3536190}: 'void java.lang.invoke.DirectMethodHandle$Holder.invokeVirtual(java.lang.Object, java.lang.Object)'> (0x00000000c3536190) 
thrown [s\src\hotspot\share\interpreter\linkResolver.cpp, line 759]
Event: 3.412 Thread 0x000001de4c7a9980 Exception <a 'java/lang/NoSuchMethodError'{0x00000000c358d3c0}: 'int java.lang.invoke.DirectMethodHandle$Holder.invokeStaticInit(java.lang.Object, java.lang.Object, int, java.lang.Object)'> (0x00000000c358d3c0) 
thrown [s\src\hotspot\share\interpreter\linkResolver.cpp, line 759]
Event: 3.485 Thread 0x000001de4c7a9980 Exception <a 'java/lang/NoSuchMethodError'{0x00000000c7b8a4e8}: 'void java.lang.invoke.DirectMethodHandle$Holder.invokeSpecial(java.lang.Object, java.lang.Object, java.lang.Object, java.lang.Object, java.lang.Object, java.lang.Object, java.lang.Object)'> (0x00000000c7b8a4e8) 
thrown [s\src\hotspot\share\interpreter\linkResolver.cpp, line 759]
Event: 3.675 Thread 0x000001de4c7a9980 Exception <a 'java/lang/NoSuchMethodError'{0x00000000c43f21b8}: 'java.lang.Object java.lang.invoke.DirectMethodHandle$Holder.invokeInterface(java.lang.Object, java.lang.Object, int)'> (0x00000000c43f21b8) 
thrown [s\src\hotspot\share\interpreter\linkResolver.cpp, line 759]
Event: 3.677 Thread 0x000001de4c7a9980 Exception <a 'java/lang/IncompatibleClassChangeError'{0x00000000c4206698}: Found class java.lang.Object, but interface was expected> (0x00000000c4206698) 
thrown [s\src\hotspot\share\interpreter\linkResolver.cpp, line 826]
Event: 3.780 Thread 0x000001de4c7a9980 Exception <a 'java/lang/NoSuchMethodError'{0x00000000c3ed75f8}: 'java.lang.Object java.lang.invoke.DirectMethodHandle$Holder.newInvokeSpecial(java.lang.Object, java.lang.Object, int, java.lang.Object, java.lang.Object)'> (0x00000000c3ed75f8) 
thrown [s\src\hotspot\share\interpreter\linkResolver.cpp, line 759]
Event: 3.781 Thread 0x000001de4c7a9980 Exception <a 'java/lang/NoSuchMethodError'{0x00000000c3eeb440}: 'java.lang.Object java.lang.invoke.DirectMethodHandle$Holder.newInvokeSpecial(java.lang.Object, java.lang.Object, java.lang.Object, int)'> (0x00000000c3eeb440) 
thrown [s\src\hotspot\share\interpreter\linkResolver.cpp, line 759]
Event: 3.781 Thread 0x000001de4c7a9980 Exception <a 'java/lang/NoSuchMethodError'{0x00000000c3eef728}: 'java.lang.Object java.lang.invoke.DirectMethodHandle$Holder.invokeSpecial(java.lang.Object, java.lang.Object, java.lang.Object, java.lang.Object, int)'> (0x00000000c3eef728) 
thrown [s\src\hotspot\share\interpreter\linkResolver.cpp, line 759]
Event: 3.782 Thread 0x000001de4c7a9980 Exception <a 'java/lang/NoSuchMethodError'{0x00000000c3ef32f0}: 'java.lang.Object java.lang.invoke.Invokers$Holder.linkToTargetMethod(java.lang.Object, java.lang.Object, int, java.lang.Object)'> (0x00000000c3ef32f0) 
thrown [s\src\hotspot\share\interpreter\linkResolver.cpp, line 759]
Event: 3.979 Thread 0x000001de5d67f9b0 Exception <a 'java/lang/NoSuchMethodError'{0x00000000c36fd6e0}: 'java.lang.Object java.lang.invoke.DirectMethodHandle$Holder.invokeStatic(java.lang.Object, int, java.lang.Object)'> (0x00000000c36fd6e0) 
thrown [s\src\hotspot\share\interpreter\linkResolver.cpp, line 759]
Event: 43.822 Thread 0x000001de5d67f4a0 Exception <a 'java/lang/NoSuchMethodError'{0x00000000c3e75b18}: 'void java.lang.invoke.DirectMethodHandle$Holder.invokeStatic(java.lang.Object, long)'> (0x00000000c3e75b18) 
thrown [s\src\hotspot\share\interpreter\linkResolver.cpp, line 759]
Event: 43.823 Thread 0x000001de5d67f4a0 Exception <a 'java/lang/NoSuchMethodError'{0x00000000c3e7aec0}: 'java.lang.Object java.lang.invoke.DirectMethodHandle$Holder.newInvokeSpecial(java.lang.Object, long)'> (0x00000000c3e7aec0) 
thrown [s\src\hotspot\share\interpreter\linkResolver.cpp, line 759]

VM Operations (20 events):
Event: 3.454 Executing VM operation: CollectForMetadataAllocation done
Event: 3.468 Executing VM operation: G1PauseRemark
Event: 3.477 Executing VM operation: G1PauseRemark done
Event: 3.487 Executing VM operation: G1PauseCleanup
Event: 3.487 Executing VM operation: G1PauseCleanup done
Event: 3.723 Executing VM operation: HandshakeAllThreads
Event: 3.723 Executing VM operation: HandshakeAllThreads done
Event: 3.757 Executing VM operation: HandshakeAllThreads
Event: 3.757 Executing VM operation: HandshakeAllThreads done
Event: 3.758 Executing VM operation: HandshakeAllThreads
Event: 3.758 Executing VM operation: HandshakeAllThreads done
Event: 3.802 Executing VM operation: HandshakeAllThreads
Event: 3.802 Executing VM operation: HandshakeAllThreads done
Event: 3.999 Executing VM operation: HandshakeAllThreads
Event: 3.999 Executing VM operation: HandshakeAllThreads done
Event: 5.001 Executing VM operation: Cleanup
Event: 5.001 Executing VM operation: Cleanup done
Event: 43.993 Executing VM operation: G1CollectFull
Event: 44.031 Executing VM operation: G1CollectFull done
Event: 54.069 Executing VM operation: G1CollectFull

Events (20 events):
Event: 0.463 Thread 0x000001de5c734240 Thread added: 0x000001de5c734240
Event: 0.993 Thread 0x000001de5cc34180 Thread added: 0x000001de5cc34180
Event: 1.378 Thread 0x000001de5cc34180 Thread exited: 0x000001de5cc34180
Event: 1.633 Thread 0x000001de5d088c70 Thread added: 0x000001de5d088c70
Event: 1.634 Thread 0x000001de5d057cd0 Thread added: 0x000001de5d057cd0
Event: 1.634 Thread 0x000001de5d0581b0 Thread added: 0x000001de5d0581b0
Event: 1.635 Thread 0x000001de5d0c6470 Thread added: 0x000001de5d0c6470
Event: 1.966 Thread 0x000001de5d166d00 Thread added: 0x000001de5d166d00
Event: 1.967 Thread 0x000001de5d166d00 Thread exited: 0x000001de5d166d00
Event: 3.725 Thread 0x000001de5d43b340 Thread added: 0x000001de5d43b340
Event: 3.765 Thread 0x000001de5d67f4a0 Thread added: 0x000001de5d67f4a0
Event: 3.805 Thread 0x000001de5d67ea80 Thread added: 0x000001de5d67ea80
Event: 3.806 Thread 0x000001de4c7a9980 Thread exited: 0x000001de4c7a9980
Event: 3.806 Thread 0x000001de5d67ef90 Thread added: 0x000001de5d67ef90
Event: 3.870 Thread 0x000001de5d67e060 Thread added: 0x000001de5d67e060
Event: 3.973 Thread 0x000001de5d67f9b0 Thread added: 0x000001de5d67f9b0
Event: 3.994 Thread 0x000001de5d67e570 Thread added: 0x000001de5d67e570
Event: 9.004 Thread 0x000001de5c734240 Thread exited: 0x000001de5c734240
Event: 14.012 Thread 0x000001de5788aaa0 Thread exited: 0x000001de5788aaa0
Event: 14.012 Thread 0x000001de5788d080 Thread exited: 0x000001de5788d080


Dynamic libraries:
0x00007ff75bbf0000 - 0x00007ff75bbfe000 	c:\Users\admin\.vscode\extensions\redhat.java-1.35.0-win32-x64\jre\17.0.12-win32-x86_64\bin\java.exe
0x00007ff9335d0000 - 0x00007ff9337e7000 	C:\Windows\SYSTEM32\ntdll.dll
0x00007ff931ae0000 - 0x00007ff931ba4000 	C:\Windows\System32\KERNEL32.DLL
0x00007ff930b60000 - 0x00007ff930f17000 	C:\Windows\System32\KERNELBASE.dll
0x00007ff930a40000 - 0x00007ff930b51000 	C:\Windows\System32\ucrtbase.dll
0x00007ff8f8040000 - 0x00007ff8f805b000 	c:\Users\admin\.vscode\extensions\redhat.java-1.35.0-win32-x64\jre\17.0.12-win32-x86_64\bin\VCRUNTIME140.dll
0x00007ff8f82a0000 - 0x00007ff8f82b7000 	c:\Users\admin\.vscode\extensions\redhat.java-1.35.0-win32-x64\jre\17.0.12-win32-x86_64\bin\jli.dll
0x00007ff932680000 - 0x00007ff93282f000 	C:\Windows\System32\USER32.dll
0x00007ff930a10000 - 0x00007ff930a36000 	C:\Windows\System32\win32u.dll
0x00007ff914090000 - 0x00007ff914323000 	C:\Windows\WinSxS\amd64_microsoft.windows.common-controls_6595b64144ccf1df_6.0.22621.3672_none_2713b9d173822955\COMCTL32.dll
0x00007ff932830000 - 0x00007ff932859000 	C:\Windows\System32\GDI32.dll
0x00007ff932cc0000 - 0x00007ff932d67000 	C:\Windows\System32\msvcrt.dll
0x00007ff931160000 - 0x00007ff931278000 	C:\Windows\System32\gdi32full.dll
0x00007ff930f20000 - 0x00007ff930fba000 	C:\Windows\System32\msvcp_win.dll
0x00007ff931300000 - 0x00007ff931331000 	C:\Windows\System32\IMM32.DLL
0x00007ff8f8030000 - 0x00007ff8f803c000 	c:\Users\admin\.vscode\extensions\redhat.java-1.35.0-win32-x64\jre\17.0.12-win32-x86_64\bin\vcruntime140_1.dll
0x00007ff876030000 - 0x00007ff8760bd000 	c:\Users\admin\.vscode\extensions\redhat.java-1.35.0-win32-x64\jre\17.0.12-win32-x86_64\bin\msvcp140.dll
0x00007ff85c840000 - 0x00007ff85d4aa000 	c:\Users\admin\.vscode\extensions\redhat.java-1.35.0-win32-x64\jre\17.0.12-win32-x86_64\bin\server\jvm.dll
0x00007ff932a20000 - 0x00007ff932ad2000 	C:\Windows\System32\ADVAPI32.dll
0x00007ff931d60000 - 0x00007ff931e08000 	C:\Windows\System32\sechost.dll
0x00007ff931130000 - 0x00007ff931158000 	C:\Windows\System32\bcrypt.dll
0x00007ff931340000 - 0x00007ff931454000 	C:\Windows\System32\RPCRT4.dll
0x00007ff933430000 - 0x00007ff9334a1000 	C:\Windows\System32\WS2_32.dll
0x00007ff92f760000 - 0x00007ff92f7ad000 	C:\Windows\SYSTEM32\POWRPROF.dll
0x00007ff928330000 - 0x00007ff928364000 	C:\Windows\SYSTEM32\WINMM.dll
0x00007ff927900000 - 0x00007ff92790a000 	C:\Windows\SYSTEM32\VERSION.dll
0x00007ff92f740000 - 0x00007ff92f753000 	C:\Windows\SYSTEM32\UMPDC.dll
0x00007ff92f9f0000 - 0x00007ff92fa08000 	C:\Windows\SYSTEM32\kernel.appcore.dll
0x00007ff8f7f60000 - 0x00007ff8f7f6a000 	c:\Users\admin\.vscode\extensions\redhat.java-1.35.0-win32-x64\jre\17.0.12-win32-x86_64\bin\jimage.dll
0x00007ff92e390000 - 0x00007ff92e5c2000 	C:\Windows\SYSTEM32\DBGHELP.DLL
0x00007ff9330a0000 - 0x00007ff93342e000 	C:\Windows\System32\combase.dll
0x00007ff9334b0000 - 0x00007ff933587000 	C:\Windows\System32\OLEAUT32.dll
0x00007ff8fa630000 - 0x00007ff8fa662000 	C:\Windows\SYSTEM32\dbgcore.DLL
0x00007ff931280000 - 0x00007ff9312fb000 	C:\Windows\System32\bcryptPrimitives.dll
0x00007ff8f70d0000 - 0x00007ff8f70f5000 	c:\Users\admin\.vscode\extensions\redhat.java-1.35.0-win32-x64\jre\17.0.12-win32-x86_64\bin\java.dll
0x00007ff8f70b0000 - 0x00007ff8f70c8000 	c:\Users\admin\.vscode\extensions\redhat.java-1.35.0-win32-x64\jre\17.0.12-win32-x86_64\bin\zip.dll
0x00007ff931e10000 - 0x00007ff932679000 	C:\Windows\System32\SHELL32.dll
0x00007ff92e810000 - 0x00007ff92f10f000 	C:\Windows\SYSTEM32\windows.storage.dll
0x00007ff92e6d0000 - 0x00007ff92e80f000 	C:\Windows\SYSTEM32\wintypes.dll
0x00007ff932f40000 - 0x00007ff933039000 	C:\Windows\System32\SHCORE.dll
0x00007ff931c30000 - 0x00007ff931c8e000 	C:\Windows\System32\shlwapi.dll
0x00007ff930810000 - 0x00007ff930837000 	C:\Windows\SYSTEM32\profapi.dll
0x00007ff8f7090000 - 0x00007ff8f70a9000 	C:\Users\admin\.vscode\extensions\redhat.java-1.35.0-win32-x64\jre\17.0.12-win32-x86_64\bin\net.dll
0x00007ff929a10000 - 0x00007ff929b46000 	C:\Windows\SYSTEM32\WINHTTP.dll
0x00007ff92fe70000 - 0x00007ff92fed9000 	C:\Windows\system32\mswsock.dll
0x00007ff8ce6e0000 - 0x00007ff8ce6f6000 	C:\Users\admin\.vscode\extensions\redhat.java-1.35.0-win32-x64\jre\17.0.12-win32-x86_64\bin\nio.dll
0x00007ff8e08b0000 - 0x00007ff8e08c0000 	c:\Users\admin\.vscode\extensions\redhat.java-1.35.0-win32-x64\jre\17.0.12-win32-x86_64\bin\verify.dll
0x00007ff9300e0000 - 0x00007ff9300fb000 	C:\Windows\SYSTEM32\CRYPTSP.dll
0x00007ff92f950000 - 0x00007ff92f985000 	C:\Windows\system32\rsaenh.dll
0x00007ff92ff80000 - 0x00007ff92ffa8000 	C:\Windows\SYSTEM32\USERENV.dll
0x00007ff930100000 - 0x00007ff93010c000 	C:\Windows\SYSTEM32\CRYPTBASE.dll
0x00007ff92f3e0000 - 0x00007ff92f40d000 	C:\Windows\SYSTEM32\IPHLPAPI.DLL
0x00007ff932c90000 - 0x00007ff932c99000 	C:\Windows\System32\NSI.dll
0x00007ff929b50000 - 0x00007ff929b69000 	C:\Windows\SYSTEM32\dhcpcsvc6.DLL
0x00007ff929930000 - 0x00007ff92994f000 	C:\Windows\SYSTEM32\dhcpcsvc.DLL
0x00007ff92f410000 - 0x00007ff92f512000 	C:\Windows\SYSTEM32\DNSAPI.dll
0x00007ff8e0810000 - 0x00007ff8e0819000 	C:\Users\admin\.vscode\extensions\redhat.java-1.35.0-win32-x64\jre\17.0.12-win32-x86_64\bin\management.dll
0x00007ff8e0800000 - 0x00007ff8e080b000 	C:\Users\admin\.vscode\extensions\redhat.java-1.35.0-win32-x64\jre\17.0.12-win32-x86_64\bin\management_ext.dll
0x00007ff932ec0000 - 0x00007ff932ec8000 	C:\Windows\System32\PSAPI.DLL

dbghelp: loaded successfully - version: 4.0.5 - missing functions: none
symbol engine: initialized successfully - sym options: 0x614 - pdb path: .;c:\Users\admin\.vscode\extensions\redhat.java-1.35.0-win32-x64\jre\17.0.12-win32-x86_64\bin;C:\Windows\SYSTEM32;C:\Windows\WinSxS\amd64_microsoft.windows.common-controls_6595b64144ccf1df_6.0.22621.3672_none_2713b9d173822955;c:\Users\admin\.vscode\extensions\redhat.java-1.35.0-win32-x64\jre\17.0.12-win32-x86_64\bin\server

VM Arguments:
jvm_args: -Xmx1024m -Dsts.lsp.client=vscode -Dsts.log.file=/dev/null -XX:TieredStopAtLevel=1 -Xlog:jni+resolve=off 
java_command: c:\Users\admin\.vscode\extensions\vmware.vscode-spring-boot-1.57.0\language-server\spring-boot-language-server-1.57.0-SNAPSHOT-exec.jar
java_class_path (initial): c:\Users\admin\.vscode\extensions\vmware.vscode-spring-boot-1.57.0\language-server\spring-boot-language-server-1.57.0-SNAPSHOT-exec.jar
Launcher Type: SUN_STANDARD

[Global flags]
     intx CICompilerCount                          = 4                                         {product} {ergonomic}
     uint ConcGCThreads                            = 2                                         {product} {ergonomic}
     uint G1ConcRefinementThreads                  = 8                                         {product} {ergonomic}
   size_t G1HeapRegionSize                         = 1048576                                   {product} {ergonomic}
    uintx GCDrainStackTargetSize                   = 64                                        {product} {ergonomic}
   size_t InitialHeapSize                          = 130023424                                 {product} {ergonomic}
   size_t MarkStackSize                            = 4194304                                   {product} {ergonomic}
   size_t MaxHeapSize                              = 1073741824                                {product} {command line}
   size_t MaxNewSize                               = 643825664                                 {product} {ergonomic}
   size_t MinHeapDeltaBytes                        = 1048576                                   {product} {ergonomic}
   size_t MinHeapSize                              = 8388608                                   {product} {ergonomic}
    uintx NonProfiledCodeHeapSize                  = 0                                      {pd product} {ergonomic}
     bool ProfileInterpreter                       = false                                  {pd product} {command line}
    uintx ProfiledCodeHeapSize                     = 0                                      {pd product} {ergonomic}
   size_t SoftMaxHeapSize                          = 1073741824                             {manageable} {ergonomic}
     intx TieredStopAtLevel                        = 1                                         {product} {command line}
     bool UseCompressedClassPointers               = true                           {product lp64_product} {ergonomic}
     bool UseCompressedOops                        = true                           {product lp64_product} {ergonomic}
     bool UseG1GC                                  = true                                      {product} {ergonomic}
     bool UseLargePagesIndividualAllocation        = false                                  {pd product} {ergonomic}

Logging:
Log output configuration:
 #0: stdout all=warning,jni+resolve=off uptime,level,tags
 #1: stderr all=off uptime,level,tags

Environment Variables:
JAVA_HOME=C:\Program Files\Java\jdk-19
PATH=C:\ProgramData\Oracle\Java\javapath;C:\app\admin\product\21c\dbhomeXE\bin;C:\Program Files\Common Files\Oracle\Java\javapath;C:\Windows\system32;C:\Windows;C:\Windows\System32\Wbem;C:\Windows\System32\WindowsPowerShell\v1.0\;C:\Windows\System32\OpenSSH\;C:\Program Files\Java\jdk-19;C:\Program Files\Java\jdk-19\bin;E:\Rational Rose\common;C:\Program Files\dotnet\;C:\Program Files (x86)\Microsoft SQL Server\150\DTS\Binn\;C:\Program Files\Azure Data Studio\bin;C:\Program Files\Microsoft SQL Server\Client SDK\ODBC\170\Tools\Binn\;C:\Program Files (x86)\Microsoft SQL Server\150\Tools\Binn\;C:\Program Files\Microsoft SQL Server\150\Tools\Binn\;C:\Program Files\Microsoft SQL Server\150\DTS\Binn\;C:\Program Files\nodejs\;C:\Program Files\nodejs;C:\Program Files\Git\cmd;D:\Laragon\bin\php;D:\Laragon\bin\php\php-8.1.10-Win32-vs16-x64;C:\Program Files\apache-maven-3.9.8\bin;C:\Users\admin\AppData\Local\Android\Sdk\platform-tools;C:\Users\admin\AppData\Local\Android\Sdk\cmdline-tools;C:\Users\admin\AppData\Local\Android\Sdk\cmdline-tools\bin;C:\Program Files\Docker\Docker\resources\bin;C:\Users\admin\AppData\Local\Programs\Python\Python311\Scripts\;C:\Users\admin\AppData\Local\Programs\Python\Python311\;C:\Users\admin\AppData\Local\Microsoft\WindowsApps;D:\Visual Studio Code\Microsoft VS Code\bin;C:\Program Files\Azure Data Studio\bin;D:\Intellij IDEA\IntelliJ IDEA 2024.1.4\bin;;C:\Users\admin\AppData\Roaming\npm
USERNAME=admin
OS=Windows_NT
PROCESSOR_IDENTIFIER=Intel64 Family 6 Model 140 Stepping 1, GenuineIntel
TMP=C:\Users\admin\AppData\Local\Temp
TEMP=C:\Users\admin\AppData\Local\Temp



Periodic native trim disabled


---------------  S Y S T E M  ---------------

OS:
 Windows 11 , 64 bit Build 22621 (10.0.22621.3958)
OS uptime: 0 days 9:15 hours
Hyper-V role detected

CPU: total 8 (initial active 8) (4 cores per cpu, 2 threads per core) family 6 model 140 stepping 1 microcode 0xb6, cx8, cmov, fxsr, ht, mmx, 3dnowpref, sse, sse2, sse3, ssse3, sse4.1, sse4.2, popcnt, lzcnt, tsc, tscinvbit, avx, avx2, aes, erms, clmul, bmi1, bmi2, adx, avx512f, avx512dq, avx512cd, avx512bw, avx512vl, sha, fma, vzeroupper, avx512_vpopcntdq, avx512_vpclmulqdq, avx512_vaes, avx512_vnni, clflush, clflushopt, clwb, avx512_vbmi2, avx512_vbmi, hv
Processor Information for all 8 processors :
  Max Mhz: 2419, Current Mhz: 2419, Mhz Limit: 2419

Memory: 4k page, system-wide physical 7859M (214M free)
TotalPageFile size 20147M (AvailPageFile size 1M)
current process WorkingSet (physical memory assigned to process): 166M, peak: 166M
current process commit charge ("private bytes"): 209M, peak: 231M

vm_info: OpenJDK 64-Bit Server VM (17.0.12+7) for windows-amd64 JRE (17.0.12+7), built on Jul 16 2024 22:08:24 by "admin" with MS VC++ 16.10 / 16.11 (VS2019)

END.
